Vivado Simulator v2022.1
Copyright 1986-1999, 2001-2022 Xilinx, Inc. All Rights Reserved.
Running: C:/Xilinx/Vivado/2022.1/bin/unwrapped/win64.o/xelab.exe --incr --debug typical --relax --mt 2 -L xil_defaultlib -L xbip_utils_v3_0_10 -L axi_utils_v2_0_6 -L xbip_pipe_v3_0_6 -L xbip_dsp48_wrapper_v3_0_4 -L xbip_dsp48_addsub_v3_0_6 -L xbip_bram18k_v3_0_6 -L mult_gen_v12_0_18 -L floating_point_v7_0_20 -L xbip_dsp48_mult_v3_0_6 -L xbip_dsp48_multadd_v3_0_6 -L div_gen_v5_1_19 -L c_reg_fd_v12_0_6 -L xbip_addsub_v3_0_6 -L c_addsub_v12_0_14 -L cordic_v6_0_18 -L axi_bram_ctrl_v4_1_6 -L blk_mem_gen_v8_4_5 -L axis_infrastructure_v1_1_0 -L axis_data_fifo_v2_0_8 -L uvm -L unisims_ver -L unimacro_ver -L secureip -L xpm --snapshot zf_equalizer_tb_behav xil_defaultlib.zf_equalizer_tb xil_defaultlib.glbl -log elaborate.log 
Using 2 slave threads.
Starting static elaboration
Pass Through NonSizing Optimizer
WARNING: [VRFC 10-5021] port 's_axi_araddr' is not connected on this instance [C:/Projects/pi-radio/HW/modules/sim/zf_equalizer/zf_equalizer_tb.sv:60]
WARNING: [VRFC 10-5021] port 'bram_rst_a' is not connected on this instance [C:/Projects/pi-radio/HW/sims/zf_equalizer/zf_equalizer.gen/sources_1/bd/zf_equalizer/sim/zf_equalizer.v:359]
Completed static elaboration
Starting simulation data flow analysis
Completed simulation data flow analysis
Time Resolution for simulation is 1ps
Compiling package std.standard
Compiling package std.textio
Compiling package ieee.std_logic_1164
Compiling package ieee.numeric_std
Compiling package ieee.std_logic_arith
Compiling package ieee.std_logic_unsigned
Compiling package ieee.math_real
Compiling package cordic_v6_0_18.cordic_v6_0_18_viv_comp
Compiling package xbip_utils_v3_0_10.xbip_utils_v3_0_10_pkg
Compiling package xbip_pipe_v3_0_6.xbip_pipe_v3_0_6_viv_comp
Compiling package axi_utils_v2_0_6.axi_utils_v2_0_6_pkg
Compiling package axi_utils_v2_0_6.global_util_pkg
Compiling package axi_utils_v2_0_6.axi_utils_comps
Compiling package mult_gen_v12_0_18.mult_gen_v12_0_18_pkg
Compiling package ieee.std_logic_signed
Compiling package cordic_v6_0_18.cordic_pack
Compiling package cordic_v6_0_18.cordic_hdl_comps
Compiling package c_addsub_v12_0_14.c_addsub_v12_0_14_viv_comp
Compiling package xbip_addsub_v3_0_6.xbip_addsub_v3_0_6_viv_comp
Compiling package c_addsub_v12_0_14.c_addsub_v12_0_14_pkg
Compiling package c_addsub_v12_0_14.c_addsub_v12_0_14_pkg_legacy
Compiling package c_reg_fd_v12_0_6.c_reg_fd_v12_0_6_viv_comp
Compiling package unisim.vcomponents
Compiling package mult_gen_v12_0_18.dsp_pkg
Compiling package ieee.vital_timing
Compiling package ieee.vital_primitives
Compiling package unisim.vpkg
Compiling package div_gen_v5_1_19.div_gen_v5_1_19_viv_comp
Compiling package xbip_bram18k_v3_0_6.xbip_bram18k_v3_0_6_pkg
Compiling package div_gen_v5_1_19.div_gen_pkg
Compiling package div_gen_v5_1_19.pkg_addsub
Compiling package xpm.vcomponents
Compiling package axi_bram_ctrl_v4_1_6.axi_bram_ctrl_funcs
Compiling architecture rtl of entity xil_defaultlib.average [average_default]
Compiling module xil_defaultlib.zf_equalizer_average_0_0
Compiling module axis_infrastructure_v1_1_0.axis_infrastructure_v1_1_0_util_...
Compiling module axis_infrastructure_v1_1_0.axis_infrastructure_v1_1_0_util_...
Compiling module axis_infrastructure_v1_1_0.axis_infrastructure_v1_1_0_util_...
Compiling module xpm.xpm_cdc_sync_rst(INIT=0,INIT_SYN...
Compiling module xpm.xpm_fifo_rst(CDC_DEST_SYNC_FF=3)
Compiling module xpm.xpm_fifo_reg_bit
Compiling module xpm.xpm_counter_updn(COUNTER_WIDTH=1...
Compiling module xpm.xpm_counter_updn(COUNTER_WIDTH=9...
Compiling module xpm.xpm_memory_base(MEMORY_TYPE=1,ME...
Compiling module xpm.xpm_counter_updn(COUNTER_WIDTH=2...
Compiling module xpm.xpm_fifo_base(FIFO_WRITE_DEPTH=5...
Compiling module xpm.xpm_fifo_axis(FIFO_DEPTH=512,TDA...
Compiling module axis_data_fifo_v2_0_8.axis_data_fifo_v2_0_8_top(C_FAMI...
Compiling module xil_defaultlib.zf_equalizer_axis_data_fifo_0_0
Compiling architecture rtl of entity xil_defaultlib.conj [conj_default]
Compiling architecture synth of entity xbip_pipe_v3_0_6.xbip_pipe_v3_0_6_viv [\xbip_pipe_v3_0_6_viv(c_latency=...]
Compiling architecture structural of entity c_reg_fd_v12_0_6.c_reg_fd_v12_0_6_viv [\c_reg_fd_v12_0_6_viv(c_width=22...]
Compiling architecture muxcy_v of entity unisim.MUXCY [muxcy_default]
Compiling architecture xorcy_v of entity unisim.XORCY [xorcy_default]
Compiling architecture rtl of entity c_addsub_v12_0_14.c_addsub_v12_0_14_lut6_legacy [\c_addsub_v12_0_14_lut6_legacy(c...]
Compiling architecture synth of entity c_addsub_v12_0_14.c_addsub_v12_0_14_fabric_legacy [\c_addsub_v12_0_14_fabric_legacy...]
Compiling architecture synth of entity c_addsub_v12_0_14.c_addsub_v12_0_14_legacy [\c_addsub_v12_0_14_legacy(c_fami...]
Compiling architecture synth of entity c_addsub_v12_0_14.c_addsub_v12_0_14_viv [\c_addsub_v12_0_14_viv(c_xdevice...]
Compiling architecture synth of entity cordic_v6_0_18.addsub [\addsub(family="zynquplus",add_m...]
Compiling architecture rtl of entity c_addsub_v12_0_14.c_addsub_v12_0_14_lut6_legacy [\c_addsub_v12_0_14_lut6_legacy(c...]
Compiling architecture synth of entity c_addsub_v12_0_14.c_addsub_v12_0_14_fabric_legacy [\c_addsub_v12_0_14_fabric_legacy...]
Compiling architecture synth of entity c_addsub_v12_0_14.c_addsub_v12_0_14_legacy [\c_addsub_v12_0_14_legacy(c_fami...]
Compiling architecture synth of entity c_addsub_v12_0_14.c_addsub_v12_0_14_viv [\c_addsub_v12_0_14_viv(c_xdevice...]
Compiling architecture synth of entity cordic_v6_0_18.addsub [\addsub(family="zynquplus",add_m...]
Compiling architecture struct_all of entity cordic_v6_0_18.delay [\delay(delay_len=1,family="zynqu...]
Compiling architecture structural of entity c_reg_fd_v12_0_6.c_reg_fd_v12_0_6_viv [\c_reg_fd_v12_0_6_viv(c_width=21...]
Compiling architecture rtl of entity c_addsub_v12_0_14.c_addsub_v12_0_14_lut6_legacy [\c_addsub_v12_0_14_lut6_legacy(c...]
Compiling architecture synth of entity c_addsub_v12_0_14.c_addsub_v12_0_14_fabric_legacy [\c_addsub_v12_0_14_fabric_legacy...]
Compiling architecture synth of entity c_addsub_v12_0_14.c_addsub_v12_0_14_legacy [\c_addsub_v12_0_14_legacy(c_fami...]
Compiling architecture synth of entity c_addsub_v12_0_14.c_addsub_v12_0_14_viv [\c_addsub_v12_0_14_viv(c_xdevice...]
Compiling architecture synth of entity cordic_v6_0_18.addsub [\addsub(family="zynquplus",add_m...]
Compiling architecture struct_all of entity cordic_v6_0_18.delay [\delay(delay_len=1,family="zynqu...]
Compiling architecture struct_all of entity cordic_v6_0_18.delay_bit [\delay_bit(delay_len=2,family="z...]
Compiling architecture synth of entity cordic_v6_0_18.cordic_inp_config [\cordic_inp_config(p_xdevicefami...]
Compiling architecture synth of entity cordic_v6_0_18.cordic_dat_acc_slice_par [\cordic_dat_acc_slice_par(p_xdev...]
Compiling architecture synth of entity cordic_v6_0_18.cordic_pha_acc_slice_par [\cordic_pha_acc_slice_par(p_xdev...]
Compiling architecture struct_all of entity cordic_v6_0_18.delay [\delay(delay_len=1,family="zynqu...]
Compiling architecture struct_all of entity cordic_v6_0_18.delay_bit [\delay_bit(delay_len=1,family="z...]
Compiling architecture synth of entity cordic_v6_0_18.cordic_ctrl_slice_par [\cordic_ctrl_slice_par(p_xdevice...]
Compiling architecture synth of entity cordic_v6_0_18.cordic_eng_slice_par [\cordic_eng_slice_par(p_xdevicef...]
Compiling architecture synth of entity cordic_v6_0_18.cordic_dat_acc_slice_par [\cordic_dat_acc_slice_par(p_xdev...]
Compiling architecture synth of entity cordic_v6_0_18.cordic_eng_slice_par [\cordic_eng_slice_par(p_xdevicef...]
Compiling architecture synth of entity cordic_v6_0_18.cordic_dat_acc_slice_par [\cordic_dat_acc_slice_par(p_xdev...]
Compiling architecture synth of entity cordic_v6_0_18.cordic_eng_slice_par [\cordic_eng_slice_par(p_xdevicef...]
Compiling architecture synth of entity cordic_v6_0_18.cordic_dat_acc_slice_par [\cordic_dat_acc_slice_par(p_xdev...]
Compiling architecture synth of entity cordic_v6_0_18.cordic_eng_slice_par [\cordic_eng_slice_par(p_xdevicef...]
Compiling architecture synth of entity cordic_v6_0_18.cordic_dat_acc_slice_par [\cordic_dat_acc_slice_par(p_xdev...]
Compiling architecture synth of entity cordic_v6_0_18.cordic_eng_slice_par [\cordic_eng_slice_par(p_xdevicef...]
Compiling architecture synth of entity cordic_v6_0_18.cordic_dat_acc_slice_par [\cordic_dat_acc_slice_par(p_xdev...]
Compiling architecture synth of entity cordic_v6_0_18.cordic_eng_slice_par [\cordic_eng_slice_par(p_xdevicef...]
Compiling architecture synth of entity cordic_v6_0_18.cordic_dat_acc_slice_par [\cordic_dat_acc_slice_par(p_xdev...]
Compiling architecture synth of entity cordic_v6_0_18.cordic_eng_slice_par [\cordic_eng_slice_par(p_xdevicef...]
Compiling architecture synth of entity cordic_v6_0_18.cordic_dat_acc_slice_par [\cordic_dat_acc_slice_par(p_xdev...]
Compiling architecture synth of entity cordic_v6_0_18.cordic_eng_slice_par [\cordic_eng_slice_par(p_xdevicef...]
Compiling architecture synth of entity cordic_v6_0_18.cordic_dat_acc_slice_par [\cordic_dat_acc_slice_par(p_xdev...]
Compiling architecture synth of entity cordic_v6_0_18.cordic_eng_slice_par [\cordic_eng_slice_par(p_xdevicef...]
Compiling architecture synth of entity cordic_v6_0_18.cordic_dat_acc_slice_par [\cordic_dat_acc_slice_par(p_xdev...]
Compiling architecture synth of entity cordic_v6_0_18.cordic_eng_slice_par [\cordic_eng_slice_par(p_xdevicef...]
Compiling architecture synth of entity cordic_v6_0_18.cordic_dat_acc_slice_par [\cordic_dat_acc_slice_par(p_xdev...]
Compiling architecture synth of entity cordic_v6_0_18.cordic_eng_slice_par [\cordic_eng_slice_par(p_xdevicef...]
Compiling architecture synth of entity cordic_v6_0_18.cordic_dat_acc_slice_par [\cordic_dat_acc_slice_par(p_xdev...]
Compiling architecture synth of entity cordic_v6_0_18.cordic_eng_slice_par [\cordic_eng_slice_par(p_xdevicef...]
Compiling architecture synth of entity cordic_v6_0_18.cordic_dat_acc_slice_par [\cordic_dat_acc_slice_par(p_xdev...]
Compiling architecture synth of entity cordic_v6_0_18.cordic_eng_slice_par [\cordic_eng_slice_par(p_xdevicef...]
Compiling architecture synth of entity cordic_v6_0_18.cordic_dat_acc_slice_par [\cordic_dat_acc_slice_par(p_xdev...]
Compiling architecture synth of entity cordic_v6_0_18.cordic_eng_slice_par [\cordic_eng_slice_par(p_xdevicef...]
Compiling architecture synth of entity cordic_v6_0_18.cordic_eng [\cordic_eng(p_xdevicefamily="zyn...]
Compiling architecture struct_all of entity cordic_v6_0_18.delay [\delay(delay_len=2,family="zynqu...]
Compiling architecture xilinx of entity mult_gen_v12_0_18.delay_line [\delay_line(c_xdevicefamily="zyn...]
Compiling architecture xilinx of entity mult_gen_v12_0_18.delay_line [\delay_line(c_xdevicefamily="zyn...]
Compiling architecture xilinx of entity mult_gen_v12_0_18.delay_line [\delay_line(c_xdevicefamily="zyn...]
Compiling architecture xilinx of entity mult_gen_v12_0_18.delay_line [\delay_line(c_xdevicefamily="zyn...]
Compiling architecture dsp48e2_v of entity unisim.DSP48E2 [\DSP48E2(alumodereg=0,carryinreg...]
Compiling architecture xilinx of entity mult_gen_v12_0_18.delay_line [\delay_line(c_xdevicefamily="zyn...]
Compiling architecture dsp48e2_v of entity unisim.DSP48E2 [\DSP48E2(alumodereg=0,a_input="C...]
Compiling architecture xilinx of entity mult_gen_v12_0_18.delay_line [\delay_line(c_xdevicefamily="zyn...]
Compiling architecture xilinx of entity mult_gen_v12_0_18.op_resize [\op_resize(ai_width=20,bi_width=...]
Compiling architecture xilinx of entity mult_gen_v12_0_18.dsp [\dsp(c_xdevicefamily="zynquplus"...]
Compiling architecture xilinx of entity mult_gen_v12_0_18.ccm [\ccm(c_xdevicefamily="zynquplus"...]
Compiling architecture xilinx of entity mult_gen_v12_0_18.mult_gen_v12_0_18_viv [\mult_gen_v12_0_18_viv(c_verbosi...]
Compiling architecture synth of entity cordic_v6_0_18.cordic_scale [\cordic_scale(p_xdevicefamily="z...]
Compiling architecture struct_all of entity cordic_v6_0_18.delay [\delay(delay_len=3,family="zynqu...]
Compiling architecture struct_all of entity cordic_v6_0_18.delay_bit [\delay_bit(delay_len=3,family="z...]
Compiling architecture structural of entity c_reg_fd_v12_0_6.c_reg_fd_v12_0_6_viv [\c_reg_fd_v12_0_6_viv(c_width=21...]
Compiling architecture rtl of entity c_addsub_v12_0_14.c_addsub_v12_0_14_lut6_legacy [\c_addsub_v12_0_14_lut6_legacy(c...]
Compiling architecture synth of entity c_addsub_v12_0_14.c_addsub_v12_0_14_fabric_legacy [\c_addsub_v12_0_14_fabric_legacy...]
Compiling architecture synth of entity c_addsub_v12_0_14.c_addsub_v12_0_14_legacy [\c_addsub_v12_0_14_legacy(c_fami...]
Compiling architecture synth of entity c_addsub_v12_0_14.c_addsub_v12_0_14_viv [\c_addsub_v12_0_14_viv(c_xdevice...]
Compiling architecture synth of entity cordic_v6_0_18.addsub [\addsub(family="zynquplus",add_m...]
Compiling architecture synth of entity cordic_v6_0_18.cordic_round [\cordic_round(p_xdevicefamily="z...]
Compiling architecture struct_all of entity cordic_v6_0_18.delay_bit [\delay_bit(delay_len=0,family="z...]
Compiling architecture synth of entity cordic_v6_0_18.cordic_out_config [\cordic_out_config(p_xdevicefami...]
Compiling architecture synth of entity cordic_v6_0_18.cordic_v6_0_18_synth [\cordic_v6_0_18_synth(c_architec...]
Compiling architecture synth of entity cordic_v6_0_18.cordic_v6_0_18_viv [\cordic_v6_0_18_viv(c_architectu...]
Compiling architecture xilinx of entity cordic_v6_0_18.cordic_v6_0_18 [\cordic_v6_0_18(c_architecture=2...]
Compiling architecture cordic_0_arch of entity xil_defaultlib.cordic_0 [cordic_0_default]
Compiling architecture rtl of entity xil_defaultlib.pipeline [\pipeline(g_delay_cycles=21,g_td...]
Compiling architecture synth of entity xbip_pipe_v3_0_6.xbip_pipe_v3_0_6_viv [\xbip_pipe_v3_0_6_viv(c_latency=...]
Compiling architecture synth of entity div_gen_v5_1_19.c_twos_comp_viv [\c_twos_comp_viv(c_width=16,c_ai...]
Compiling architecture virtex of entity div_gen_v5_1_19.cmp2s_v [\cmp2s_v(c_bus_width=16,c_regist...]
Compiling architecture synth of entity div_gen_v5_1_19.c_twos_comp_viv [\c_twos_comp_viv(c_width=16,c_ai...]
Compiling architecture virtex of entity div_gen_v5_1_19.cmp2s_v [\cmp2s_v(c_bus_width=16,c_ainit_...]
Compiling architecture synth of entity xbip_pipe_v3_0_6.xbip_pipe_v3_0_6_viv [\xbip_pipe_v3_0_6_viv(c_latency=...]
Compiling architecture synth of entity xbip_pipe_v3_0_6.xbip_pipe_v3_0_6_viv [\xbip_pipe_v3_0_6_viv(c_latency=...]
Compiling architecture synth of entity xbip_pipe_v3_0_6.xbip_pipe_v3_0_6_viv [\xbip_pipe_v3_0_6_viv(c_latency=...]
Compiling architecture synth of entity xbip_pipe_v3_0_6.xbip_pipe_v3_0_6_viv [\xbip_pipe_v3_0_6_viv(c_latency=...]
Compiling architecture synth of entity xbip_pipe_v3_0_6.xbip_pipe_v3_0_6_viv [\xbip_pipe_v3_0_6_viv(c_latency=...]
Compiling architecture rtl of entity div_gen_v5_1_19.c_addsub_lut6 [\c_addsub_lut6(c_width=17,c_add_...]
Compiling architecture synth of entity div_gen_v5_1_19.c_addsub_viv [\c_addsub_viv(c_a_width=17,c_b_w...]
Compiling architecture virtex of entity div_gen_v5_1_19.addsubreg_v [\addsubreg_v(c_bus_width=17,c_ai...]
Compiling architecture synth of entity xbip_pipe_v3_0_6.xbip_pipe_v3_0_6_viv [\xbip_pipe_v3_0_6_viv(c_latency=...]
Compiling architecture synth of entity xbip_pipe_v3_0_6.xbip_pipe_v3_0_6_viv [\xbip_pipe_v3_0_6_viv(c_latency=...]
Compiling architecture synth of entity xbip_pipe_v3_0_6.xbip_pipe_v3_0_6_viv [\xbip_pipe_v3_0_6_viv(c_latency=...]
Compiling architecture synth of entity xbip_pipe_v3_0_6.xbip_pipe_v3_0_6_viv [\xbip_pipe_v3_0_6_viv(c_latency=...]
Compiling architecture synth of entity xbip_pipe_v3_0_6.xbip_pipe_v3_0_6_viv [\xbip_pipe_v3_0_6_viv(c_latency=...]
Compiling architecture synth of entity xbip_pipe_v3_0_6.xbip_pipe_v3_0_6_viv [\xbip_pipe_v3_0_6_viv(c_latency=...]
Compiling architecture synth of entity xbip_pipe_v3_0_6.xbip_pipe_v3_0_6_viv [\xbip_pipe_v3_0_6_viv(c_latency=...]
Compiling architecture synth of entity xbip_pipe_v3_0_6.xbip_pipe_v3_0_6_viv [\xbip_pipe_v3_0_6_viv(c_latency=...]
Compiling architecture synth of entity xbip_pipe_v3_0_6.xbip_pipe_v3_0_6_viv [\xbip_pipe_v3_0_6_viv(c_latency=...]
Compiling architecture synth of entity xbip_pipe_v3_0_6.xbip_pipe_v3_0_6_viv [\xbip_pipe_v3_0_6_viv(c_latency=...]
Compiling architecture synth of entity xbip_pipe_v3_0_6.xbip_pipe_v3_0_6_viv [\xbip_pipe_v3_0_6_viv(c_latency=...]
Compiling architecture synth of entity xbip_pipe_v3_0_6.xbip_pipe_v3_0_6_viv [\xbip_pipe_v3_0_6_viv(c_latency=...]
Compiling architecture synth of entity xbip_pipe_v3_0_6.xbip_pipe_v3_0_6_viv [\xbip_pipe_v3_0_6_viv(c_latency=...]
Compiling architecture synth of entity xbip_pipe_v3_0_6.xbip_pipe_v3_0_6_viv [\xbip_pipe_v3_0_6_viv(c_latency=...]
Compiling architecture synth of entity xbip_pipe_v3_0_6.xbip_pipe_v3_0_6_viv [\xbip_pipe_v3_0_6_viv(c_latency=...]
Compiling architecture synth of entity xbip_pipe_v3_0_6.xbip_pipe_v3_0_6_viv [\xbip_pipe_v3_0_6_viv(c_latency=...]
Compiling architecture synth of entity xbip_pipe_v3_0_6.xbip_pipe_v3_0_6_viv [\xbip_pipe_v3_0_6_viv(c_latency=...]
Compiling architecture synth of entity xbip_pipe_v3_0_6.xbip_pipe_v3_0_6_viv [\xbip_pipe_v3_0_6_viv(c_latency=...]
Compiling architecture synth of entity xbip_pipe_v3_0_6.xbip_pipe_v3_0_6_viv [\xbip_pipe_v3_0_6_viv(c_latency=...]
Compiling architecture synth of entity xbip_pipe_v3_0_6.xbip_pipe_v3_0_6_viv [\xbip_pipe_v3_0_6_viv(c_latency=...]
Compiling architecture synth of entity xbip_pipe_v3_0_6.xbip_pipe_v3_0_6_viv [\xbip_pipe_v3_0_6_viv(c_latency=...]
Compiling architecture synth of entity xbip_pipe_v3_0_6.xbip_pipe_v3_0_6_viv [\xbip_pipe_v3_0_6_viv(c_latency=...]
Compiling architecture synth of entity xbip_pipe_v3_0_6.xbip_pipe_v3_0_6_viv [\xbip_pipe_v3_0_6_viv(c_latency=...]
Compiling architecture synth of entity xbip_pipe_v3_0_6.xbip_pipe_v3_0_6_viv [\xbip_pipe_v3_0_6_viv(c_latency=...]
Compiling architecture synth of entity xbip_pipe_v3_0_6.xbip_pipe_v3_0_6_viv [\xbip_pipe_v3_0_6_viv(c_latency=...]
Compiling architecture synth of entity xbip_pipe_v3_0_6.xbip_pipe_v3_0_6_viv [\xbip_pipe_v3_0_6_viv(c_latency=...]
Compiling architecture synth of entity xbip_pipe_v3_0_6.xbip_pipe_v3_0_6_viv [\xbip_pipe_v3_0_6_viv(c_latency=...]
Compiling architecture synth of entity xbip_pipe_v3_0_6.xbip_pipe_v3_0_6_viv [\xbip_pipe_v3_0_6_viv(c_latency=...]
Compiling architecture synth of entity xbip_pipe_v3_0_6.xbip_pipe_v3_0_6_viv [\xbip_pipe_v3_0_6_viv(c_latency=...]
Compiling architecture synth of entity xbip_pipe_v3_0_6.xbip_pipe_v3_0_6_viv [\xbip_pipe_v3_0_6_viv(c_latency=...]
Compiling architecture synth of entity xbip_pipe_v3_0_6.xbip_pipe_v3_0_6_viv [\xbip_pipe_v3_0_6_viv(c_latency=...]
Compiling architecture synth of entity xbip_pipe_v3_0_6.xbip_pipe_v3_0_6_viv [\xbip_pipe_v3_0_6_viv(c_latency=...]
Compiling architecture virtex of entity div_gen_v5_1_19.dividervdc_v [\dividervdc_v(bus_num=16,bus_div...]
Compiling architecture synth of entity div_gen_v5_1_19.c_twos_comp_viv [\c_twos_comp_viv(c_width=2,c_ain...]
Compiling architecture virtex of entity div_gen_v5_1_19.cmp2s_v [\cmp2s_v(c_bus_width=2,c_registe...]
Compiling architecture synth of entity div_gen_v5_1_19.c_twos_comp_viv [\c_twos_comp_viv(c_width=17,c_ai...]
Compiling architecture virtex of entity div_gen_v5_1_19.cmp2s_v [\cmp2s_v(c_bus_width=17,c_regist...]
Compiling architecture synth of entity div_gen_v5_1_19.bip_sdivider_synth [\bip_sdivider_synth(c_xdevicefam...]
Compiling architecture synth of entity div_gen_v5_1_19.div_gen_synth [\div_gen_synth(c_xdevicefamily="...]
Compiling architecture synth of entity xbip_pipe_v3_0_6.xbip_pipe_v3_0_6_viv [\xbip_pipe_v3_0_6_viv(c_latency=...]
Compiling architecture synth of entity div_gen_v5_1_19.div_gen_v5_1_19_viv [\div_gen_v5_1_19_viv(c_xdevicefa...]
Compiling architecture xilinx of entity div_gen_v5_1_19.div_gen_v5_1_19 [\div_gen_v5_1_19(c_xdevicefamily...]
Compiling architecture div_gen_0_arch of entity xil_defaultlib.div_gen_0 [div_gen_0_default]
Compiling architecture rtl of entity xil_defaultlib.channel_estimate [channel_estimate_default]
Compiling module xil_defaultlib.zf_equalizer_channel_estimate_0_...
Compiling architecture rtl of entity xil_defaultlib.delay [delay_default]
Compiling module xil_defaultlib.zf_equalizer_delay_0_0
Compiling architecture rtl of entity xil_defaultlib.equalization [equalization_default]
Compiling module xil_defaultlib.zf_equalizer_equalization_0_0
Compiling architecture rtl of entity xil_defaultlib.pilot_removal [pilot_removal_default]
Compiling module xil_defaultlib.zf_equalizer_pilot_removal_0_0
Compiling module xil_defaultlib.Normalized_ZF_stage_1_imp_11U26K...
Compiling architecture implementation of entity axi_bram_ctrl_v4_1_6.sng_port_arb [\sng_port_arb(c_s_axi_addr_width...]
Compiling architecture implementation of entity axi_bram_ctrl_v4_1_6.ua_narrow [\ua_narrow(c_bram_addr_adjust_fa...]
Compiling architecture implementation of entity axi_bram_ctrl_v4_1_6.wrap_brst [\wrap_brst(c_axi_addr_width=12,c...]
Compiling architecture muxcy_l_v of entity unisim.MUXCY_L [muxcy_l_default]
Compiling architecture srl16e_v of entity unisim.SRL16E [\SRL16E(0,15)\]
Compiling architecture fdre_v of entity unisim.FDRE [fdre_default]
Compiling architecture fdr_v of entity unisim.FDR [fdr_default]
Compiling architecture imp of entity axi_bram_ctrl_v4_1_6.SRL_FIFO [\SRL_FIFO(c_data_bits=1,c_depth=...]
Compiling architecture implementation of entity axi_bram_ctrl_v4_1_6.wr_chnl [\wr_chnl(c_axi_addr_width=12,c_a...]
Compiling architecture implementation of entity axi_bram_ctrl_v4_1_6.rd_chnl [\rd_chnl(c_axi_addr_width=12,c_a...]
Compiling architecture implementation of entity axi_bram_ctrl_v4_1_6.full_axi [\full_axi(c_s_axi_addr_width=12,...]
Compiling architecture implementation of entity axi_bram_ctrl_v4_1_6.axi_bram_ctrl_top [\axi_bram_ctrl_top(c_bram_addr_w...]
Compiling architecture implementation of entity axi_bram_ctrl_v4_1_6.axi_bram_ctrl [\axi_bram_ctrl(c_memory_depth=10...]
Compiling architecture zf_equalizer_axi_bram_ctrl_0_0_arch of entity xil_defaultlib.zf_equalizer_axi_bram_ctrl_0_0 [zf_equalizer_axi_bram_ctrl_0_0_d...]
Compiling architecture rtl of entity xil_defaultlib.axis_splitter [axis_splitter_default]
Compiling module xil_defaultlib.zf_equalizer_axis_splitter_0_0
Compiling module blk_mem_gen_v8_4_5.blk_mem_gen_v8_4_5_output_stage(...
Compiling module blk_mem_gen_v8_4_5.blk_mem_gen_v8_4_5_softecc_outpu...
Compiling module blk_mem_gen_v8_4_5.blk_mem_gen_v8_4_5_mem_module(C_...
Compiling module blk_mem_gen_v8_4_5.blk_mem_axi_regs_fwd_v8_4(C_DATA...
Compiling module blk_mem_gen_v8_4_5.blk_mem_gen_v8_4_5(C_FAMILY="zyn...
Compiling module xil_defaultlib.zf_equalizer_blk_mem_gen_0_0
Compiling architecture rtl of entity xil_defaultlib.mux [mux_default]
Compiling module xil_defaultlib.zf_equalizer_mux_0_0
Compiling architecture rtl of entity xil_defaultlib.pilot_scheduler [pilot_scheduler_default]
Compiling module xil_defaultlib.zf_equalizer_pilot_scheduler_0_0
Compiling module xil_defaultlib.zf_equalizer
Compiling module xil_defaultlib.zf_equalizer_wrapper
Compiling module xil_defaultlib.zf_equalizer_tb
WARNING: [XSIM 43-3373] "C:/Projects/pi-radio/HW/modules/sim/zf_equalizer/zf_equalizer_tb.sv" Line 354. System function $fscanf is used as system task. This system function should have a LHS e.g. x=$fscanf().
WARNING: [XSIM 43-3373] "C:/Projects/pi-radio/HW/modules/sim/zf_equalizer/zf_equalizer_tb.sv" Line 361. System function $fscanf is used as system task. This system function should have a LHS e.g. x=$fscanf().
WARNING: [XSIM 43-3373] "C:/Projects/pi-radio/HW/modules/sim/zf_equalizer/zf_equalizer_tb.sv" Line 362. System function $fscanf is used as system task. This system function should have a LHS e.g. x=$fscanf().
WARNING: [XSIM 43-3373] "C:/Projects/pi-radio/HW/modules/sim/zf_equalizer/zf_equalizer_tb.sv" Line 363. System function $fscanf is used as system task. This system function should have a LHS e.g. x=$fscanf().
WARNING: [XSIM 43-3373] "C:/Projects/pi-radio/HW/modules/sim/zf_equalizer/zf_equalizer_tb.sv" Line 364. System function $fscanf is used as system task. This system function should have a LHS e.g. x=$fscanf().
WARNING: [XSIM 43-3373] "C:/Projects/pi-radio/HW/modules/sim/zf_equalizer/zf_equalizer_tb.sv" Line 371. System function $fscanf is used as system task. This system function should have a LHS e.g. x=$fscanf().
Compiling module xil_defaultlib.glbl
Built simulation snapshot zf_equalizer_tb_behav
