Copyright 1986-2022 Xilinx, Inc. All Rights Reserved.
------------------------------------------------------------------------------------------------------------------------------------------------------------
| Tool Version : Vivado v.2022.1 (win64) Build 3526262 Mon Apr 18 15:48:16 MDT 2022
| Date         : Mon Oct 10 21:45:27 2022
| Host         : DESKTOP-1UDCE0K running 64-bit major release  (build 9200)
| Command      : report_drc -file cfo_correction_wrapper_drc_routed.rpt -pb cfo_correction_wrapper_drc_routed.pb -rpx cfo_correction_wrapper_drc_routed.rpx
| Design       : cfo_correction_wrapper
| Device       : xczu28dr-ffvg1517-2-e
| Speed File   : -2
| Design State : Fully Routed
------------------------------------------------------------------------------------------------------------------------------------------------------------

Report DRC

Table of Contents
-----------------
1. REPORT SUMMARY
2. REPORT DETAILS

1. REPORT SUMMARY
-----------------
            Netlist: netlist
          Floorplan: design_1
      Design limits: <entire design considered>
           Ruledeck: default
             Max violations: <unlimited>
             Violations found: 3
+----------+------------------+---------------------------------------------------------------------+------------+
| Rule     | Severity         | Description                                                         | Violations |
+----------+------------------+---------------------------------------------------------------------+------------+
| NSTD-1   | Critical Warning | Unspecified I/O Standard                                            | 1          |
| UCIO-1   | Critical Warning | Unconstrained Logical Port                                          | 1          |
| AVAL-155 | Advisory         | enum_AMULTSEL_BMULTSEL_enum_DREG_ADREG_0_connects_CED_CEAD_RSTD_GND | 1          |
+----------+------------------+---------------------------------------------------------------------+------------+

2. REPORT DETAILS
-----------------
NSTD-1#1 Critical Warning
Unspecified I/O Standard  
295 out of 295 logical ports use I/O standard (IOSTANDARD) value 'DEFAULT', instead of a user assigned specific value. This may cause I/O contention or incompatibility with the board power or connectivity affecting performance, signal integrity or in extreme cases cause damage to the device or the components to which it is connected. To correct this violation, specify all I/O standards. This design will fail to generate a bitstream unless all logical ports have a user specified I/O standard value defined. To allow bitstream creation with unspecified I/O standard values (not recommended), use this command: set_property SEVERITY {Warning} [get_drc_checks NSTD-1].  NOTE: When using the Vivado Runs infrastructure (e.g. launch_runs Tcl command), add this command to a .tcl file and add that file as a pre-hook for write_bitstream step for the implementation run. Problem ports: axis_aclk, axis_aresetn, bypass, m_axis_tdata[127:0], m_axis_tlast,
m_axis_tstrb[15:0], m_axis_tvalid, s_axis_tdata[127:0], s_axis_tid[7:0],
s_axis_tlast, s_axis_tuser[7:0], s_axis_tvalid.
Related violations: <none>

UCIO-1#1 Critical Warning
Unconstrained Logical Port  
295 out of 295 logical ports have no user assigned specific location constraint (LOC). This may cause I/O contention or incompatibility with the board power or connectivity affecting performance, signal integrity or in extreme cases cause damage to the device or the components to which it is connected. To correct this violation, specify all pin locations. This design will fail to generate a bitstream unless all logical ports have a user specified site LOC constraint defined.  To allow bitstream creation with unspecified pin locations (not recommended), use this command: set_property SEVERITY {Warning} [get_drc_checks UCIO-1].  NOTE: When using the Vivado Runs infrastructure (e.g. launch_runs Tcl command), add this command to a .tcl file and add that file as a pre-hook for write_bitstream step for the implementation run.  Problem ports: axis_aclk, axis_aresetn, bypass, m_axis_tdata[127:0], m_axis_tlast,
m_axis_tstrb[15:0], m_axis_tvalid, s_axis_tdata[127:0], s_axis_tid[7:0],
s_axis_tlast, s_axis_tuser[7:0], s_axis_tvalid.
Related violations: <none>

AVAL-155#1 Advisory
enum_AMULTSEL_BMULTSEL_enum_DREG_ADREG_0_connects_CED_CEAD_RSTD_GND  
cfo_correction_i/scale_0/inst/dsp_macro_0_inst/U0/i_synth/i_synth_option.i_synth_model/opt_8series.i_uniwrap/i_primitive: DSP48E2 is not using the D port (AMULTSEL = A and BMULTSEL = B). For improved power characteristics, set DREG and ADREG to '1', tie CED, CEAD, and RSTD to logic '0'.
Related violations: <none>


