
*** Running vivado
    with args -log cfo_correction_wrapper.vds -m64 -product Vivado -mode batch -messageDb vivado.pb -notrace -source cfo_correction_wrapper.tcl



****** Vivado v2022.1 (64-bit)
  **** SW Build 3526262 on Mon Apr 18 15:48:16 MDT 2022
  **** IP Build 3524634 on Mon Apr 18 20:55:01 MDT 2022
    ** Copyright 1986-2022 Xilinx, Inc. All Rights Reserved.

source cfo_correction_wrapper.tcl -notrace
INFO: [IP_Flow 19-234] Refreshing IP repositories
INFO: [IP_Flow 19-1704] No user IP repositories specified
INFO: [IP_Flow 19-2313] Loaded Vivado IP repository 'C:/Xilinx_2022.1/Vivado/2022.1/data/ip'.
add_files: Time (s): cpu = 00:00:01 ; elapsed = 00:00:05 . Memory (MB): peak = 1666.180 ; gain = 0.000
Command: read_checkpoint -auto_incremental -incremental C:/Projects/pi-radio/HW/sims/cfo_correction/cfo_correction.srcs/utils_1/imports/synth_1/cfo_correction_wrapper.dcp
INFO: [Vivado 12-5825] Read reference checkpoint from C:/Projects/pi-radio/HW/sims/cfo_correction/cfo_correction.srcs/utils_1/imports/synth_1/cfo_correction_wrapper.dcp for incremental synthesis
INFO: [Vivado 12-7989] Please ensure there are no constraint changes
Command: synth_design -top cfo_correction_wrapper -part xczu28dr-ffvg1517-2-e
Starting synth_design
Attempting to get a license for feature 'Synthesis' and/or device 'xczu28dr'
INFO: [Common 17-349] Got license for feature 'Synthesis' and/or device 'xczu28dr'
INFO: [Device 21-403] Loading part xczu28dr-ffvg1517-2-e
INFO: [Designutils 20-5440] No compile time benefit to using incremental synthesis; A full resynthesis will be run
INFO: [Designutils 20-4379] Flow is switching to default flow due to incremental criteria not met. If you would like to alter this behaviour and have the flow terminate instead, please set the following parameter config_implementation {autoIncr.Synth.RejectBehavior Terminate}
INFO: [Synth 8-7079] Multithreading enabled for synth_design using a maximum of 2 processes.
INFO: [Synth 8-7078] Launching helper process for spawning children vivado processes
INFO: [Synth 8-7075] Helper process launched with PID 23452
WARNING: [Synth 8-9501] generate block is allowed only inside loop and conditional generate in SystemVerilog mode [C:/Xilinx_2022.1/Vivado/2022.1/data/ip/xpm/xpm_fifo/hdl/xpm_fifo.sv:4023]
---------------------------------------------------------------------------------
Starting RTL Elaboration : Time (s): cpu = 00:00:03 ; elapsed = 00:00:02 . Memory (MB): peak = 2131.172 ; gain = 272.230
---------------------------------------------------------------------------------
INFO: [Synth 8-6157] synthesizing module 'cfo_correction_wrapper' [C:/Projects/pi-radio/HW/sims/cfo_correction/cfo_correction.gen/sources_1/bd/cfo_correction/hdl/cfo_correction_wrapper.v:12]
INFO: [Synth 8-6157] synthesizing module 'cfo_correction' [c:/Projects/pi-radio/HW/sims/cfo_correction/cfo_correction.gen/sources_1/bd/cfo_correction/synth/cfo_correction.v:132]
INFO: [Synth 8-6157] synthesizing module 'Mixer_imp_1KVXAAW' [c:/Projects/pi-radio/HW/sims/cfo_correction/cfo_correction.gen/sources_1/bd/cfo_correction/synth/cfo_correction.v:12]
INFO: [Synth 8-6157] synthesizing module 'cfo_correction_conj_0_0' [C:/Projects/pi-radio/HW/sims/cfo_correction/cfo_correction.runs/synth_1/.Xil/Vivado-23088-DESKTOP-1UDCE0K/realtime/cfo_correction_conj_0_0_stub.v:5]
INFO: [Synth 8-6155] done synthesizing module 'cfo_correction_conj_0_0' (0#1) [C:/Projects/pi-radio/HW/sims/cfo_correction/cfo_correction.runs/synth_1/.Xil/Vivado-23088-DESKTOP-1UDCE0K/realtime/cfo_correction_conj_0_0_stub.v:5]
INFO: [Synth 8-6157] synthesizing module 'cfo_correction_dds_top_0_0' [C:/Projects/pi-radio/HW/sims/cfo_correction/cfo_correction.runs/synth_1/.Xil/Vivado-23088-DESKTOP-1UDCE0K/realtime/cfo_correction_dds_top_0_0_stub.v:5]
INFO: [Synth 8-6155] done synthesizing module 'cfo_correction_dds_top_0_0' (0#1) [C:/Projects/pi-radio/HW/sims/cfo_correction/cfo_correction.runs/synth_1/.Xil/Vivado-23088-DESKTOP-1UDCE0K/realtime/cfo_correction_dds_top_0_0_stub.v:5]
INFO: [Synth 8-6157] synthesizing module 'cfo_correction_mixer_0_0' [C:/Projects/pi-radio/HW/sims/cfo_correction/cfo_correction.runs/synth_1/.Xil/Vivado-23088-DESKTOP-1UDCE0K/realtime/cfo_correction_mixer_0_0_stub.v:5]
INFO: [Synth 8-6155] done synthesizing module 'cfo_correction_mixer_0_0' (0#1) [C:/Projects/pi-radio/HW/sims/cfo_correction/cfo_correction.runs/synth_1/.Xil/Vivado-23088-DESKTOP-1UDCE0K/realtime/cfo_correction_mixer_0_0_stub.v:5]
INFO: [Synth 8-6155] done synthesizing module 'Mixer_imp_1KVXAAW' (0#1) [c:/Projects/pi-radio/HW/sims/cfo_correction/cfo_correction.gen/sources_1/bd/cfo_correction/synth/cfo_correction.v:12]
INFO: [Synth 8-6157] synthesizing module 'cfo_correction_angle_0_0' [C:/Projects/pi-radio/HW/sims/cfo_correction/cfo_correction.runs/synth_1/.Xil/Vivado-23088-DESKTOP-1UDCE0K/realtime/cfo_correction_angle_0_0_stub.v:5]
INFO: [Synth 8-6155] done synthesizing module 'cfo_correction_angle_0_0' (0#1) [C:/Projects/pi-radio/HW/sims/cfo_correction/cfo_correction.runs/synth_1/.Xil/Vivado-23088-DESKTOP-1UDCE0K/realtime/cfo_correction_angle_0_0_stub.v:5]
WARNING: [Synth 8-7071] port 'm_axis_tuser' of module 'cfo_correction_angle_0_0' is unconnected for instance 'angle_0' [c:/Projects/pi-radio/HW/sims/cfo_correction/cfo_correction.gen/sources_1/bd/cfo_correction/synth/cfo_correction.v:294]
WARNING: [Synth 8-7071] port 'm_axis_tid' of module 'cfo_correction_angle_0_0' is unconnected for instance 'angle_0' [c:/Projects/pi-radio/HW/sims/cfo_correction/cfo_correction.gen/sources_1/bd/cfo_correction/synth/cfo_correction.v:294]
WARNING: [Synth 8-7071] port 'm_axis_tlast' of module 'cfo_correction_angle_0_0' is unconnected for instance 'angle_0' [c:/Projects/pi-radio/HW/sims/cfo_correction/cfo_correction.gen/sources_1/bd/cfo_correction/synth/cfo_correction.v:294]
WARNING: [Synth 8-7023] instance 'angle_0' of module 'cfo_correction_angle_0_0' has 12 connections declared, but only 9 given [c:/Projects/pi-radio/HW/sims/cfo_correction/cfo_correction.gen/sources_1/bd/cfo_correction/synth/cfo_correction.v:294]
INFO: [Synth 8-6157] synthesizing module 'cfo_correction_axis_data_fifo_0_0' [C:/Projects/pi-radio/HW/sims/cfo_correction/cfo_correction.runs/synth_1/.Xil/Vivado-23088-DESKTOP-1UDCE0K/realtime/cfo_correction_axis_data_fifo_0_0_stub.v:5]
INFO: [Synth 8-6155] done synthesizing module 'cfo_correction_axis_data_fifo_0_0' (0#1) [C:/Projects/pi-radio/HW/sims/cfo_correction/cfo_correction.runs/synth_1/.Xil/Vivado-23088-DESKTOP-1UDCE0K/realtime/cfo_correction_axis_data_fifo_0_0_stub.v:5]
WARNING: [Synth 8-7071] port 's_axis_tready' of module 'cfo_correction_axis_data_fifo_0_0' is unconnected for instance 'axis_data_fifo_0' [c:/Projects/pi-radio/HW/sims/cfo_correction/cfo_correction.gen/sources_1/bd/cfo_correction/synth/cfo_correction.v:304]
WARNING: [Synth 8-7023] instance 'axis_data_fifo_0' of module 'cfo_correction_axis_data_fifo_0_0' has 14 connections declared, but only 13 given [c:/Projects/pi-radio/HW/sims/cfo_correction/cfo_correction.gen/sources_1/bd/cfo_correction/synth/cfo_correction.v:304]
INFO: [Synth 8-6157] synthesizing module 'cfo_correction_axis_data_fifo_1_0' [C:/Projects/pi-radio/HW/sims/cfo_correction/cfo_correction.runs/synth_1/.Xil/Vivado-23088-DESKTOP-1UDCE0K/realtime/cfo_correction_axis_data_fifo_1_0_stub.v:5]
INFO: [Synth 8-6155] done synthesizing module 'cfo_correction_axis_data_fifo_1_0' (0#1) [C:/Projects/pi-radio/HW/sims/cfo_correction/cfo_correction.runs/synth_1/.Xil/Vivado-23088-DESKTOP-1UDCE0K/realtime/cfo_correction_axis_data_fifo_1_0_stub.v:5]
WARNING: [Synth 8-7071] port 's_axis_tready' of module 'cfo_correction_axis_data_fifo_1_0' is unconnected for instance 'axis_data_fifo_1' [c:/Projects/pi-radio/HW/sims/cfo_correction/cfo_correction.gen/sources_1/bd/cfo_correction/synth/cfo_correction.v:318]
WARNING: [Synth 8-7023] instance 'axis_data_fifo_1' of module 'cfo_correction_axis_data_fifo_1_0' has 14 connections declared, but only 13 given [c:/Projects/pi-radio/HW/sims/cfo_correction/cfo_correction.gen/sources_1/bd/cfo_correction/synth/cfo_correction.v:318]
INFO: [Synth 8-6157] synthesizing module 'cfo_correction_axis_splitter_0_0' [C:/Projects/pi-radio/HW/sims/cfo_correction/cfo_correction.runs/synth_1/.Xil/Vivado-23088-DESKTOP-1UDCE0K/realtime/cfo_correction_axis_splitter_0_0_stub.v:5]
INFO: [Synth 8-6155] done synthesizing module 'cfo_correction_axis_splitter_0_0' (0#1) [C:/Projects/pi-radio/HW/sims/cfo_correction/cfo_correction.runs/synth_1/.Xil/Vivado-23088-DESKTOP-1UDCE0K/realtime/cfo_correction_axis_splitter_0_0_stub.v:5]
INFO: [Synth 8-6157] synthesizing module 'cfo_correction_axis_splitter_1_0' [C:/Projects/pi-radio/HW/sims/cfo_correction/cfo_correction.runs/synth_1/.Xil/Vivado-23088-DESKTOP-1UDCE0K/realtime/cfo_correction_axis_splitter_1_0_stub.v:5]
INFO: [Synth 8-6155] done synthesizing module 'cfo_correction_axis_splitter_1_0' (0#1) [C:/Projects/pi-radio/HW/sims/cfo_correction/cfo_correction.runs/synth_1/.Xil/Vivado-23088-DESKTOP-1UDCE0K/realtime/cfo_correction_axis_splitter_1_0_stub.v:5]
INFO: [Synth 8-6157] synthesizing module 'cfo_correction_complex_mult_0_0' [C:/Projects/pi-radio/HW/sims/cfo_correction/cfo_correction.runs/synth_1/.Xil/Vivado-23088-DESKTOP-1UDCE0K/realtime/cfo_correction_complex_mult_0_0_stub.v:5]
INFO: [Synth 8-6155] done synthesizing module 'cfo_correction_complex_mult_0_0' (0#1) [C:/Projects/pi-radio/HW/sims/cfo_correction/cfo_correction.runs/synth_1/.Xil/Vivado-23088-DESKTOP-1UDCE0K/realtime/cfo_correction_complex_mult_0_0_stub.v:5]
INFO: [Synth 8-6157] synthesizing module 'cfo_correction_conj_0_1' [C:/Projects/pi-radio/HW/sims/cfo_correction/cfo_correction.runs/synth_1/.Xil/Vivado-23088-DESKTOP-1UDCE0K/realtime/cfo_correction_conj_0_1_stub.v:5]
INFO: [Synth 8-6155] done synthesizing module 'cfo_correction_conj_0_1' (0#1) [C:/Projects/pi-radio/HW/sims/cfo_correction/cfo_correction.runs/synth_1/.Xil/Vivado-23088-DESKTOP-1UDCE0K/realtime/cfo_correction_conj_0_1_stub.v:5]
INFO: [Synth 8-6157] synthesizing module 'cfo_correction_conj_1_0' [C:/Projects/pi-radio/HW/sims/cfo_correction/cfo_correction.runs/synth_1/.Xil/Vivado-23088-DESKTOP-1UDCE0K/realtime/cfo_correction_conj_1_0_stub.v:5]
INFO: [Synth 8-6155] done synthesizing module 'cfo_correction_conj_1_0' (0#1) [C:/Projects/pi-radio/HW/sims/cfo_correction/cfo_correction.runs/synth_1/.Xil/Vivado-23088-DESKTOP-1UDCE0K/realtime/cfo_correction_conj_1_0_stub.v:5]
INFO: [Synth 8-6157] synthesizing module 'cfo_correction_cp_rm2_0_0' [C:/Projects/pi-radio/HW/sims/cfo_correction/cfo_correction.runs/synth_1/.Xil/Vivado-23088-DESKTOP-1UDCE0K/realtime/cfo_correction_cp_rm2_0_0_stub.v:5]
INFO: [Synth 8-6155] done synthesizing module 'cfo_correction_cp_rm2_0_0' (0#1) [C:/Projects/pi-radio/HW/sims/cfo_correction/cfo_correction.runs/synth_1/.Xil/Vivado-23088-DESKTOP-1UDCE0K/realtime/cfo_correction_cp_rm2_0_0_stub.v:5]
INFO: [Synth 8-6157] synthesizing module 'cfo_correction_cp_rm_0_0' [C:/Projects/pi-radio/HW/sims/cfo_correction/cfo_correction.runs/synth_1/.Xil/Vivado-23088-DESKTOP-1UDCE0K/realtime/cfo_correction_cp_rm_0_0_stub.v:5]
INFO: [Synth 8-6155] done synthesizing module 'cfo_correction_cp_rm_0_0' (0#1) [C:/Projects/pi-radio/HW/sims/cfo_correction/cfo_correction.runs/synth_1/.Xil/Vivado-23088-DESKTOP-1UDCE0K/realtime/cfo_correction_cp_rm_0_0_stub.v:5]
WARNING: [Synth 8-7071] port 'o_symbol_number' of module 'cfo_correction_cp_rm_0_0' is unconnected for instance 'cp_rm_0' [c:/Projects/pi-radio/HW/sims/cfo_correction/cfo_correction.gen/sources_1/bd/cfo_correction/synth/cfo_correction.v:428]
WARNING: [Synth 8-7023] instance 'cp_rm_0' of module 'cfo_correction_cp_rm_0_0' has 19 connections declared, but only 18 given [c:/Projects/pi-radio/HW/sims/cfo_correction/cfo_correction.gen/sources_1/bd/cfo_correction/synth/cfo_correction.v:428]
INFO: [Synth 8-6157] synthesizing module 'cfo_correction_delay_0_0' [C:/Projects/pi-radio/HW/sims/cfo_correction/cfo_correction.runs/synth_1/.Xil/Vivado-23088-DESKTOP-1UDCE0K/realtime/cfo_correction_delay_0_0_stub.v:5]
INFO: [Synth 8-6155] done synthesizing module 'cfo_correction_delay_0_0' (0#1) [C:/Projects/pi-radio/HW/sims/cfo_correction/cfo_correction.runs/synth_1/.Xil/Vivado-23088-DESKTOP-1UDCE0K/realtime/cfo_correction_delay_0_0_stub.v:5]
INFO: [Synth 8-6157] synthesizing module 'cfo_correction_delay_1_0' [C:/Projects/pi-radio/HW/sims/cfo_correction/cfo_correction.runs/synth_1/.Xil/Vivado-23088-DESKTOP-1UDCE0K/realtime/cfo_correction_delay_1_0_stub.v:5]
INFO: [Synth 8-6155] done synthesizing module 'cfo_correction_delay_1_0' (0#1) [C:/Projects/pi-radio/HW/sims/cfo_correction/cfo_correction.runs/synth_1/.Xil/Vivado-23088-DESKTOP-1UDCE0K/realtime/cfo_correction_delay_1_0_stub.v:5]
INFO: [Synth 8-6157] synthesizing module 'cfo_correction_mux_0_0' [C:/Projects/pi-radio/HW/sims/cfo_correction/cfo_correction.runs/synth_1/.Xil/Vivado-23088-DESKTOP-1UDCE0K/realtime/cfo_correction_mux_0_0_stub.v:5]
INFO: [Synth 8-6155] done synthesizing module 'cfo_correction_mux_0_0' (0#1) [C:/Projects/pi-radio/HW/sims/cfo_correction/cfo_correction.runs/synth_1/.Xil/Vivado-23088-DESKTOP-1UDCE0K/realtime/cfo_correction_mux_0_0_stub.v:5]
WARNING: [Synth 8-7071] port 's_axis0_tready' of module 'cfo_correction_mux_0_0' is unconnected for instance 'mux_0' [c:/Projects/pi-radio/HW/sims/cfo_correction/cfo_correction.gen/sources_1/bd/cfo_correction/synth/cfo_correction.v:477]
WARNING: [Synth 8-7071] port 's_axis1_tready' of module 'cfo_correction_mux_0_0' is unconnected for instance 'mux_0' [c:/Projects/pi-radio/HW/sims/cfo_correction/cfo_correction.gen/sources_1/bd/cfo_correction/synth/cfo_correction.v:477]
WARNING: [Synth 8-7023] instance 'mux_0' of module 'cfo_correction_mux_0_0' has 20 connections declared, but only 18 given [c:/Projects/pi-radio/HW/sims/cfo_correction/cfo_correction.gen/sources_1/bd/cfo_correction/synth/cfo_correction.v:477]
INFO: [Synth 8-6157] synthesizing module 'cfo_correction_scale_0_0' [C:/Projects/pi-radio/HW/sims/cfo_correction/cfo_correction.runs/synth_1/.Xil/Vivado-23088-DESKTOP-1UDCE0K/realtime/cfo_correction_scale_0_0_stub.v:5]
INFO: [Synth 8-6155] done synthesizing module 'cfo_correction_scale_0_0' (0#1) [C:/Projects/pi-radio/HW/sims/cfo_correction/cfo_correction.runs/synth_1/.Xil/Vivado-23088-DESKTOP-1UDCE0K/realtime/cfo_correction_scale_0_0_stub.v:5]
INFO: [Synth 8-6157] synthesizing module 'cfo_correction_sum_0_0' [C:/Projects/pi-radio/HW/sims/cfo_correction/cfo_correction.runs/synth_1/.Xil/Vivado-23088-DESKTOP-1UDCE0K/realtime/cfo_correction_sum_0_0_stub.v:5]
INFO: [Synth 8-6155] done synthesizing module 'cfo_correction_sum_0_0' (0#1) [C:/Projects/pi-radio/HW/sims/cfo_correction/cfo_correction.runs/synth_1/.Xil/Vivado-23088-DESKTOP-1UDCE0K/realtime/cfo_correction_sum_0_0_stub.v:5]
INFO: [Synth 8-6157] synthesizing module 'cfo_correction_util_vector_logic_0_0' [C:/Projects/pi-radio/HW/sims/cfo_correction/cfo_correction.runs/synth_1/.Xil/Vivado-23088-DESKTOP-1UDCE0K/realtime/cfo_correction_util_vector_logic_0_0_stub.v:5]
INFO: [Synth 8-6155] done synthesizing module 'cfo_correction_util_vector_logic_0_0' (0#1) [C:/Projects/pi-radio/HW/sims/cfo_correction/cfo_correction.runs/synth_1/.Xil/Vivado-23088-DESKTOP-1UDCE0K/realtime/cfo_correction_util_vector_logic_0_0_stub.v:5]
INFO: [Synth 8-6157] synthesizing module 'cfo_correction_xlconstant_0_0' [c:/Projects/pi-radio/HW/sims/cfo_correction/cfo_correction.gen/sources_1/bd/cfo_correction/ip/cfo_correction_xlconstant_0_0/synth/cfo_correction_xlconstant_0_0.v:53]
INFO: [Synth 8-6157] synthesizing module 'xlconstant_v1_1_7_xlconstant' [c:/Projects/pi-radio/HW/sims/cfo_correction/cfo_correction.gen/sources_1/bd/cfo_correction/ipshared/fcfc/hdl/xlconstant_v1_1_vl_rfs.v:23]
INFO: [Synth 8-6155] done synthesizing module 'xlconstant_v1_1_7_xlconstant' (0#1) [c:/Projects/pi-radio/HW/sims/cfo_correction/cfo_correction.gen/sources_1/bd/cfo_correction/ipshared/fcfc/hdl/xlconstant_v1_1_vl_rfs.v:23]
INFO: [Synth 8-6155] done synthesizing module 'cfo_correction_xlconstant_0_0' (0#1) [c:/Projects/pi-radio/HW/sims/cfo_correction/cfo_correction.gen/sources_1/bd/cfo_correction/ip/cfo_correction_xlconstant_0_0/synth/cfo_correction_xlconstant_0_0.v:53]
INFO: [Synth 8-6155] done synthesizing module 'cfo_correction' (0#1) [c:/Projects/pi-radio/HW/sims/cfo_correction/cfo_correction.gen/sources_1/bd/cfo_correction/synth/cfo_correction.v:132]
INFO: [Synth 8-6155] done synthesizing module 'cfo_correction_wrapper' (0#1) [C:/Projects/pi-radio/HW/sims/cfo_correction/cfo_correction.gen/sources_1/bd/cfo_correction/hdl/cfo_correction_wrapper.v:12]
---------------------------------------------------------------------------------
Finished RTL Elaboration : Time (s): cpu = 00:00:03 ; elapsed = 00:00:03 . Memory (MB): peak = 2194.289 ; gain = 335.348
---------------------------------------------------------------------------------
---------------------------------------------------------------------------------
Start Handling Custom Attributes
---------------------------------------------------------------------------------
---------------------------------------------------------------------------------
Finished Handling Custom Attributes : Time (s): cpu = 00:00:03 ; elapsed = 00:00:03 . Memory (MB): peak = 2213.219 ; gain = 354.277
---------------------------------------------------------------------------------
---------------------------------------------------------------------------------
Finished RTL Optimization Phase 1 : Time (s): cpu = 00:00:03 ; elapsed = 00:00:03 . Memory (MB): peak = 2213.219 ; gain = 354.277
---------------------------------------------------------------------------------
Netlist sorting complete. Time (s): cpu = 00:00:00 ; elapsed = 00:00:00.027 . Memory (MB): peak = 2213.219 ; gain = 0.000
INFO: [Project 1-570] Preparing netlist for logic optimization

Processing XDC Constraints
Initializing timing engine
Parsing XDC File [c:/Projects/pi-radio/HW/sims/cfo_correction/cfo_correction.gen/sources_1/bd/cfo_correction/ip/cfo_correction_conj_0_0/cfo_correction_conj_0_0/cfo_correction_conj_0_0_in_context.xdc] for cell 'cfo_correction_i/Mixer/conj_0'
Finished Parsing XDC File [c:/Projects/pi-radio/HW/sims/cfo_correction/cfo_correction.gen/sources_1/bd/cfo_correction/ip/cfo_correction_conj_0_0/cfo_correction_conj_0_0/cfo_correction_conj_0_0_in_context.xdc] for cell 'cfo_correction_i/Mixer/conj_0'
Parsing XDC File [c:/Projects/pi-radio/HW/sims/cfo_correction/cfo_correction.gen/sources_1/bd/cfo_correction/ip/cfo_correction_dds_top_0_0/cfo_correction_dds_top_0_0/cfo_correction_dds_top_0_0_in_context.xdc] for cell 'cfo_correction_i/Mixer/dds_top_0'
Finished Parsing XDC File [c:/Projects/pi-radio/HW/sims/cfo_correction/cfo_correction.gen/sources_1/bd/cfo_correction/ip/cfo_correction_dds_top_0_0/cfo_correction_dds_top_0_0/cfo_correction_dds_top_0_0_in_context.xdc] for cell 'cfo_correction_i/Mixer/dds_top_0'
Parsing XDC File [c:/Projects/pi-radio/HW/sims/cfo_correction/cfo_correction.gen/sources_1/bd/cfo_correction/ip/cfo_correction_mixer_0_0/cfo_correction_mixer_0_0/cfo_correction_mixer_0_0_in_context.xdc] for cell 'cfo_correction_i/Mixer/mixer_0'
Finished Parsing XDC File [c:/Projects/pi-radio/HW/sims/cfo_correction/cfo_correction.gen/sources_1/bd/cfo_correction/ip/cfo_correction_mixer_0_0/cfo_correction_mixer_0_0/cfo_correction_mixer_0_0_in_context.xdc] for cell 'cfo_correction_i/Mixer/mixer_0'
Parsing XDC File [c:/Projects/pi-radio/HW/sims/cfo_correction/cfo_correction.gen/sources_1/bd/cfo_correction/ip/cfo_correction_angle_0_0/cfo_correction_angle_0_0/cfo_correction_angle_0_0_in_context.xdc] for cell 'cfo_correction_i/angle_0'
Finished Parsing XDC File [c:/Projects/pi-radio/HW/sims/cfo_correction/cfo_correction.gen/sources_1/bd/cfo_correction/ip/cfo_correction_angle_0_0/cfo_correction_angle_0_0/cfo_correction_angle_0_0_in_context.xdc] for cell 'cfo_correction_i/angle_0'
Parsing XDC File [c:/Projects/pi-radio/HW/sims/cfo_correction/cfo_correction.gen/sources_1/bd/cfo_correction/ip/cfo_correction_axis_data_fifo_0_0/cfo_correction_axis_data_fifo_0_0/cfo_correction_axis_data_fifo_0_0_in_context.xdc] for cell 'cfo_correction_i/axis_data_fifo_0'
Finished Parsing XDC File [c:/Projects/pi-radio/HW/sims/cfo_correction/cfo_correction.gen/sources_1/bd/cfo_correction/ip/cfo_correction_axis_data_fifo_0_0/cfo_correction_axis_data_fifo_0_0/cfo_correction_axis_data_fifo_0_0_in_context.xdc] for cell 'cfo_correction_i/axis_data_fifo_0'
Parsing XDC File [c:/Projects/pi-radio/HW/sims/cfo_correction/cfo_correction.gen/sources_1/bd/cfo_correction/ip/cfo_correction_axis_data_fifo_1_0/cfo_correction_axis_data_fifo_1_0/cfo_correction_axis_data_fifo_1_0_in_context.xdc] for cell 'cfo_correction_i/axis_data_fifo_1'
Finished Parsing XDC File [c:/Projects/pi-radio/HW/sims/cfo_correction/cfo_correction.gen/sources_1/bd/cfo_correction/ip/cfo_correction_axis_data_fifo_1_0/cfo_correction_axis_data_fifo_1_0/cfo_correction_axis_data_fifo_1_0_in_context.xdc] for cell 'cfo_correction_i/axis_data_fifo_1'
Parsing XDC File [c:/Projects/pi-radio/HW/sims/cfo_correction/cfo_correction.gen/sources_1/bd/cfo_correction/ip/cfo_correction_axis_splitter_0_0/cfo_correction_axis_splitter_0_0/cfo_correction_axis_splitter_0_0_in_context.xdc] for cell 'cfo_correction_i/axis_splitter_0'
Finished Parsing XDC File [c:/Projects/pi-radio/HW/sims/cfo_correction/cfo_correction.gen/sources_1/bd/cfo_correction/ip/cfo_correction_axis_splitter_0_0/cfo_correction_axis_splitter_0_0/cfo_correction_axis_splitter_0_0_in_context.xdc] for cell 'cfo_correction_i/axis_splitter_0'
Parsing XDC File [c:/Projects/pi-radio/HW/sims/cfo_correction/cfo_correction.gen/sources_1/bd/cfo_correction/ip/cfo_correction_axis_splitter_1_0/cfo_correction_axis_splitter_1_0/cfo_correction_axis_splitter_1_0_in_context.xdc] for cell 'cfo_correction_i/axis_splitter_1'
Finished Parsing XDC File [c:/Projects/pi-radio/HW/sims/cfo_correction/cfo_correction.gen/sources_1/bd/cfo_correction/ip/cfo_correction_axis_splitter_1_0/cfo_correction_axis_splitter_1_0/cfo_correction_axis_splitter_1_0_in_context.xdc] for cell 'cfo_correction_i/axis_splitter_1'
Parsing XDC File [c:/Projects/pi-radio/HW/sims/cfo_correction/cfo_correction.gen/sources_1/bd/cfo_correction/ip/cfo_correction_complex_mult_0_0/cfo_correction_complex_mult_0_0/cfo_correction_complex_mult_0_0_in_context.xdc] for cell 'cfo_correction_i/complex_mult_0'
Finished Parsing XDC File [c:/Projects/pi-radio/HW/sims/cfo_correction/cfo_correction.gen/sources_1/bd/cfo_correction/ip/cfo_correction_complex_mult_0_0/cfo_correction_complex_mult_0_0/cfo_correction_complex_mult_0_0_in_context.xdc] for cell 'cfo_correction_i/complex_mult_0'
Parsing XDC File [c:/Projects/pi-radio/HW/sims/cfo_correction/cfo_correction.gen/sources_1/bd/cfo_correction/ip/cfo_correction_conj_0_1/cfo_correction_conj_0_1/cfo_correction_conj_0_1_in_context.xdc] for cell 'cfo_correction_i/conj_0'
Finished Parsing XDC File [c:/Projects/pi-radio/HW/sims/cfo_correction/cfo_correction.gen/sources_1/bd/cfo_correction/ip/cfo_correction_conj_0_1/cfo_correction_conj_0_1/cfo_correction_conj_0_1_in_context.xdc] for cell 'cfo_correction_i/conj_0'
Parsing XDC File [c:/Projects/pi-radio/HW/sims/cfo_correction/cfo_correction.gen/sources_1/bd/cfo_correction/ip/cfo_correction_conj_1_0/cfo_correction_conj_1_0/cfo_correction_conj_1_0_in_context.xdc] for cell 'cfo_correction_i/conj_1'
Finished Parsing XDC File [c:/Projects/pi-radio/HW/sims/cfo_correction/cfo_correction.gen/sources_1/bd/cfo_correction/ip/cfo_correction_conj_1_0/cfo_correction_conj_1_0/cfo_correction_conj_1_0_in_context.xdc] for cell 'cfo_correction_i/conj_1'
Parsing XDC File [c:/Projects/pi-radio/HW/sims/cfo_correction/cfo_correction.gen/sources_1/bd/cfo_correction/ip/cfo_correction_cp_rm2_0_0/cfo_correction_cp_rm2_0_0/cfo_correction_cp_rm2_0_0_in_context.xdc] for cell 'cfo_correction_i/cp_rm2_0'
Finished Parsing XDC File [c:/Projects/pi-radio/HW/sims/cfo_correction/cfo_correction.gen/sources_1/bd/cfo_correction/ip/cfo_correction_cp_rm2_0_0/cfo_correction_cp_rm2_0_0/cfo_correction_cp_rm2_0_0_in_context.xdc] for cell 'cfo_correction_i/cp_rm2_0'
Parsing XDC File [c:/Projects/pi-radio/HW/sims/cfo_correction/cfo_correction.gen/sources_1/bd/cfo_correction/ip/cfo_correction_delay_0_0/cfo_correction_delay_0_0/cfo_correction_delay_0_0_in_context.xdc] for cell 'cfo_correction_i/delay_0'
Finished Parsing XDC File [c:/Projects/pi-radio/HW/sims/cfo_correction/cfo_correction.gen/sources_1/bd/cfo_correction/ip/cfo_correction_delay_0_0/cfo_correction_delay_0_0/cfo_correction_delay_0_0_in_context.xdc] for cell 'cfo_correction_i/delay_0'
Parsing XDC File [c:/Projects/pi-radio/HW/sims/cfo_correction/cfo_correction.gen/sources_1/bd/cfo_correction/ip/cfo_correction_delay_1_0/cfo_correction_delay_1_0/cfo_correction_delay_1_0_in_context.xdc] for cell 'cfo_correction_i/delay_1'
Finished Parsing XDC File [c:/Projects/pi-radio/HW/sims/cfo_correction/cfo_correction.gen/sources_1/bd/cfo_correction/ip/cfo_correction_delay_1_0/cfo_correction_delay_1_0/cfo_correction_delay_1_0_in_context.xdc] for cell 'cfo_correction_i/delay_1'
Parsing XDC File [c:/Projects/pi-radio/HW/sims/cfo_correction/cfo_correction.gen/sources_1/bd/cfo_correction/ip/cfo_correction_mux_0_0/cfo_correction_mux_0_0/cfo_correction_mux_0_0_in_context.xdc] for cell 'cfo_correction_i/mux_0'
Finished Parsing XDC File [c:/Projects/pi-radio/HW/sims/cfo_correction/cfo_correction.gen/sources_1/bd/cfo_correction/ip/cfo_correction_mux_0_0/cfo_correction_mux_0_0/cfo_correction_mux_0_0_in_context.xdc] for cell 'cfo_correction_i/mux_0'
Parsing XDC File [c:/Projects/pi-radio/HW/sims/cfo_correction/cfo_correction.gen/sources_1/bd/cfo_correction/ip/cfo_correction_scale_0_0/cfo_correction_scale_0_0/cfo_correction_scale_0_0_in_context.xdc] for cell 'cfo_correction_i/scale_0'
Finished Parsing XDC File [c:/Projects/pi-radio/HW/sims/cfo_correction/cfo_correction.gen/sources_1/bd/cfo_correction/ip/cfo_correction_scale_0_0/cfo_correction_scale_0_0/cfo_correction_scale_0_0_in_context.xdc] for cell 'cfo_correction_i/scale_0'
Parsing XDC File [c:/Projects/pi-radio/HW/sims/cfo_correction/cfo_correction.gen/sources_1/bd/cfo_correction/ip/cfo_correction_sum_0_0/cfo_correction_sum_0_0/cfo_correction_sum_0_0_in_context.xdc] for cell 'cfo_correction_i/sum_0'
Finished Parsing XDC File [c:/Projects/pi-radio/HW/sims/cfo_correction/cfo_correction.gen/sources_1/bd/cfo_correction/ip/cfo_correction_sum_0_0/cfo_correction_sum_0_0/cfo_correction_sum_0_0_in_context.xdc] for cell 'cfo_correction_i/sum_0'
Parsing XDC File [c:/Projects/pi-radio/HW/sims/cfo_correction/cfo_correction.gen/sources_1/bd/cfo_correction/ip/cfo_correction_util_vector_logic_0_0/cfo_correction_util_vector_logic_0_0/cfo_correction_util_vector_logic_0_0_in_context.xdc] for cell 'cfo_correction_i/util_vector_logic_0'
Finished Parsing XDC File [c:/Projects/pi-radio/HW/sims/cfo_correction/cfo_correction.gen/sources_1/bd/cfo_correction/ip/cfo_correction_util_vector_logic_0_0/cfo_correction_util_vector_logic_0_0/cfo_correction_util_vector_logic_0_0_in_context.xdc] for cell 'cfo_correction_i/util_vector_logic_0'
Parsing XDC File [c:/Projects/pi-radio/HW/sims/cfo_correction/cfo_correction.gen/sources_1/bd/cfo_correction/ip/cfo_correction_cp_rm_0_0/cfo_correction_cp_rm_0_0/cfo_correction_cp_rm_0_0_in_context.xdc] for cell 'cfo_correction_i/cp_rm_0'
Finished Parsing XDC File [c:/Projects/pi-radio/HW/sims/cfo_correction/cfo_correction.gen/sources_1/bd/cfo_correction/ip/cfo_correction_cp_rm_0_0/cfo_correction_cp_rm_0_0/cfo_correction_cp_rm_0_0_in_context.xdc] for cell 'cfo_correction_i/cp_rm_0'
Parsing XDC File [C:/Projects/pi-radio/HW/sims/cfo_correction/cfo_correction.runs/synth_1/dont_touch.xdc]
Finished Parsing XDC File [C:/Projects/pi-radio/HW/sims/cfo_correction/cfo_correction.runs/synth_1/dont_touch.xdc]
Completed Processing XDC Constraints

Netlist sorting complete. Time (s): cpu = 00:00:00 ; elapsed = 00:00:00 . Memory (MB): peak = 2242.371 ; gain = 0.000
INFO: [Project 1-111] Unisim Transformation Summary:
No Unisim elements were transformed.

Constraint Validation Runtime : Time (s): cpu = 00:00:00 ; elapsed = 00:00:00.004 . Memory (MB): peak = 2242.371 ; gain = 0.000
INFO: [Designutils 20-5440] No compile time benefit to using incremental synthesis; A full resynthesis will be run
INFO: [Designutils 20-4379] Flow is switching to default flow due to incremental criteria not met. If you would like to alter this behaviour and have the flow terminate instead, please set the following parameter config_implementation {autoIncr.Synth.RejectBehavior Terminate}
---------------------------------------------------------------------------------
Finished Constraint Validation : Time (s): cpu = 00:00:07 ; elapsed = 00:00:06 . Memory (MB): peak = 2242.371 ; gain = 383.430
---------------------------------------------------------------------------------
---------------------------------------------------------------------------------
Start Loading Part and Timing Information
---------------------------------------------------------------------------------
Loading part: xczu28dr-ffvg1517-2-e
INFO: [Synth 8-6742] Reading net delay rules and data
---------------------------------------------------------------------------------
Finished Loading Part and Timing Information : Time (s): cpu = 00:00:07 ; elapsed = 00:00:06 . Memory (MB): peak = 2242.371 ; gain = 383.430
---------------------------------------------------------------------------------
---------------------------------------------------------------------------------
Start Applying 'set_property' XDC Constraints
---------------------------------------------------------------------------------
Applied set_property KEEP_HIERARCHY = SOFT for cfo_correction_i. (constraint file  auto generated constraint).
Applied set_property KEEP_HIERARCHY = SOFT for cfo_correction_i/Mixer/conj_0. (constraint file  auto generated constraint).
Applied set_property KEEP_HIERARCHY = SOFT for cfo_correction_i/Mixer/dds_top_0. (constraint file  auto generated constraint).
Applied set_property KEEP_HIERARCHY = SOFT for cfo_correction_i/Mixer/mixer_0. (constraint file  auto generated constraint).
Applied set_property KEEP_HIERARCHY = SOFT for cfo_correction_i/angle_0. (constraint file  auto generated constraint).
Applied set_property KEEP_HIERARCHY = SOFT for cfo_correction_i/axis_data_fifo_0. (constraint file  auto generated constraint).
Applied set_property KEEP_HIERARCHY = SOFT for cfo_correction_i/axis_data_fifo_1. (constraint file  auto generated constraint).
Applied set_property KEEP_HIERARCHY = SOFT for cfo_correction_i/axis_splitter_0. (constraint file  auto generated constraint).
Applied set_property KEEP_HIERARCHY = SOFT for cfo_correction_i/axis_splitter_1. (constraint file  auto generated constraint).
Applied set_property KEEP_HIERARCHY = SOFT for cfo_correction_i/complex_mult_0. (constraint file  auto generated constraint).
Applied set_property KEEP_HIERARCHY = SOFT for cfo_correction_i/conj_0. (constraint file  auto generated constraint).
Applied set_property KEEP_HIERARCHY = SOFT for cfo_correction_i/conj_1. (constraint file  auto generated constraint).
Applied set_property KEEP_HIERARCHY = SOFT for cfo_correction_i/cp_rm2_0. (constraint file  auto generated constraint).
Applied set_property KEEP_HIERARCHY = SOFT for cfo_correction_i/delay_0. (constraint file  auto generated constraint).
Applied set_property KEEP_HIERARCHY = SOFT for cfo_correction_i/delay_1. (constraint file  auto generated constraint).
Applied set_property KEEP_HIERARCHY = SOFT for cfo_correction_i/mux_0. (constraint file  auto generated constraint).
Applied set_property KEEP_HIERARCHY = SOFT for cfo_correction_i/scale_0. (constraint file  auto generated constraint).
Applied set_property KEEP_HIERARCHY = SOFT for cfo_correction_i/sum_0. (constraint file  auto generated constraint).
Applied set_property KEEP_HIERARCHY = SOFT for cfo_correction_i/util_vector_logic_0. (constraint file  auto generated constraint).
Applied set_property KEEP_HIERARCHY = SOFT for cfo_correction_i/xlconstant_0. (constraint file  auto generated constraint).
Applied set_property KEEP_HIERARCHY = SOFT for cfo_correction_i/cp_rm_0. (constraint file  auto generated constraint).
---------------------------------------------------------------------------------
Finished applying 'set_property' XDC Constraints : Time (s): cpu = 00:00:07 ; elapsed = 00:00:06 . Memory (MB): peak = 2242.371 ; gain = 383.430
---------------------------------------------------------------------------------
---------------------------------------------------------------------------------
Finished RTL Optimization Phase 2 : Time (s): cpu = 00:00:07 ; elapsed = 00:00:07 . Memory (MB): peak = 2242.371 ; gain = 383.430
---------------------------------------------------------------------------------
---------------------------------------------------------------------------------
Start RTL Component Statistics 
---------------------------------------------------------------------------------
Detailed RTL Component Info : 
---------------------------------------------------------------------------------
Finished RTL Component Statistics 
---------------------------------------------------------------------------------
---------------------------------------------------------------------------------
Start Part Resource Summary
---------------------------------------------------------------------------------
Part Resources:
DSPs: 4272 (col length:192)
BRAMs: 2160 (col length: RAMB18 192 RAMB36 96)
---------------------------------------------------------------------------------
Finished Part Resource Summary
---------------------------------------------------------------------------------
---------------------------------------------------------------------------------
Start Cross Boundary and Area Optimization
---------------------------------------------------------------------------------
WARNING: [Synth 8-7080] Parallel synthesis criteria is not met
---------------------------------------------------------------------------------
Finished Cross Boundary and Area Optimization : Time (s): cpu = 00:00:08 ; elapsed = 00:00:07 . Memory (MB): peak = 2242.371 ; gain = 383.430
---------------------------------------------------------------------------------
---------------------------------------------------------------------------------
Start Applying XDC Timing Constraints
---------------------------------------------------------------------------------
---------------------------------------------------------------------------------
Finished Applying XDC Timing Constraints : Time (s): cpu = 00:00:13 ; elapsed = 00:00:13 . Memory (MB): peak = 2685.391 ; gain = 826.449
---------------------------------------------------------------------------------
---------------------------------------------------------------------------------
Start Timing Optimization
---------------------------------------------------------------------------------
---------------------------------------------------------------------------------
Finished Timing Optimization : Time (s): cpu = 00:00:13 ; elapsed = 00:00:13 . Memory (MB): peak = 2685.836 ; gain = 826.895
---------------------------------------------------------------------------------
---------------------------------------------------------------------------------
Start Technology Mapping
---------------------------------------------------------------------------------
---------------------------------------------------------------------------------
Finished Technology Mapping : Time (s): cpu = 00:00:13 ; elapsed = 00:00:13 . Memory (MB): peak = 2706.043 ; gain = 847.102
---------------------------------------------------------------------------------
---------------------------------------------------------------------------------
Start IO Insertion
---------------------------------------------------------------------------------
---------------------------------------------------------------------------------
Start Flattening Before IO Insertion
---------------------------------------------------------------------------------
---------------------------------------------------------------------------------
Finished Flattening Before IO Insertion
---------------------------------------------------------------------------------
---------------------------------------------------------------------------------
Start Final Netlist Cleanup
---------------------------------------------------------------------------------
---------------------------------------------------------------------------------
Finished Final Netlist Cleanup
---------------------------------------------------------------------------------
---------------------------------------------------------------------------------
Finished IO Insertion : Time (s): cpu = 00:00:15 ; elapsed = 00:00:15 . Memory (MB): peak = 2710.848 ; gain = 851.906
---------------------------------------------------------------------------------
---------------------------------------------------------------------------------
Start Renaming Generated Instances
---------------------------------------------------------------------------------
---------------------------------------------------------------------------------
Finished Renaming Generated Instances : Time (s): cpu = 00:00:15 ; elapsed = 00:00:15 . Memory (MB): peak = 2710.848 ; gain = 851.906
---------------------------------------------------------------------------------
---------------------------------------------------------------------------------
Start Rebuilding User Hierarchy
---------------------------------------------------------------------------------
---------------------------------------------------------------------------------
Finished Rebuilding User Hierarchy : Time (s): cpu = 00:00:15 ; elapsed = 00:00:15 . Memory (MB): peak = 2710.848 ; gain = 851.906
---------------------------------------------------------------------------------
---------------------------------------------------------------------------------
Start Renaming Generated Ports
---------------------------------------------------------------------------------
---------------------------------------------------------------------------------
Finished Renaming Generated Ports : Time (s): cpu = 00:00:15 ; elapsed = 00:00:15 . Memory (MB): peak = 2710.848 ; gain = 851.906
---------------------------------------------------------------------------------
---------------------------------------------------------------------------------
Start Handling Custom Attributes
---------------------------------------------------------------------------------
---------------------------------------------------------------------------------
Finished Handling Custom Attributes : Time (s): cpu = 00:00:15 ; elapsed = 00:00:15 . Memory (MB): peak = 2710.848 ; gain = 851.906
---------------------------------------------------------------------------------
---------------------------------------------------------------------------------
Start Renaming Generated Nets
---------------------------------------------------------------------------------
---------------------------------------------------------------------------------
Finished Renaming Generated Nets : Time (s): cpu = 00:00:15 ; elapsed = 00:00:15 . Memory (MB): peak = 2710.848 ; gain = 851.906
---------------------------------------------------------------------------------
---------------------------------------------------------------------------------
Start Writing Synthesis Report
---------------------------------------------------------------------------------

Report BlackBoxes: 
+------+-------------------------------------+----------+
|      |BlackBox name                        |Instances |
+------+-------------------------------------+----------+
|1     |cfo_correction_angle_0_0             |         1|
|2     |cfo_correction_axis_data_fifo_0_0    |         1|
|3     |cfo_correction_axis_data_fifo_1_0    |         1|
|4     |cfo_correction_axis_splitter_0_0     |         1|
|5     |cfo_correction_axis_splitter_1_0     |         1|
|6     |cfo_correction_complex_mult_0_0      |         1|
|7     |cfo_correction_conj_0_1              |         1|
|8     |cfo_correction_conj_1_0              |         1|
|9     |cfo_correction_cp_rm2_0_0            |         1|
|10    |cfo_correction_cp_rm_0_0             |         1|
|11    |cfo_correction_delay_0_0             |         1|
|12    |cfo_correction_delay_1_0             |         1|
|13    |cfo_correction_mux_0_0               |         1|
|14    |cfo_correction_scale_0_0             |         1|
|15    |cfo_correction_sum_0_0               |         1|
|16    |cfo_correction_util_vector_logic_0_0 |         1|
|17    |cfo_correction_conj_0_0              |         1|
|18    |cfo_correction_dds_top_0_0           |         1|
|19    |cfo_correction_mixer_0_0             |         1|
+------+-------------------------------------+----------+

Report Cell Usage: 
+------+-----------------------------------+------+
|      |Cell                               |Count |
+------+-----------------------------------+------+
|1     |cfo_correction_angle_0             |     1|
|2     |cfo_correction_axis_data_fifo_0    |     1|
|3     |cfo_correction_axis_data_fifo_1    |     1|
|4     |cfo_correction_axis_splitter_0     |     1|
|5     |cfo_correction_axis_splitter_1     |     1|
|6     |cfo_correction_complex_mult_0      |     1|
|7     |cfo_correction_conj_0              |     2|
|9     |cfo_correction_conj_1              |     1|
|10    |cfo_correction_cp_rm2_0            |     1|
|11    |cfo_correction_cp_rm_0             |     1|
|12    |cfo_correction_dds_top_0           |     1|
|13    |cfo_correction_delay_0             |     1|
|14    |cfo_correction_delay_1             |     1|
|15    |cfo_correction_mixer_0             |     1|
|16    |cfo_correction_mux_0               |     1|
|17    |cfo_correction_scale_0             |     1|
|18    |cfo_correction_sum_0               |     1|
|19    |cfo_correction_util_vector_logic_0 |     1|
|20    |IBUF                               |   150|
|21    |OBUF                               |   146|
+------+-----------------------------------+------+
---------------------------------------------------------------------------------
Finished Writing Synthesis Report : Time (s): cpu = 00:00:15 ; elapsed = 00:00:15 . Memory (MB): peak = 2710.848 ; gain = 851.906
---------------------------------------------------------------------------------
Synthesis finished with 0 errors, 0 critical warnings and 1 warnings.
Synthesis Optimization Runtime : Time (s): cpu = 00:00:11 ; elapsed = 00:00:14 . Memory (MB): peak = 2710.848 ; gain = 822.754
Synthesis Optimization Complete : Time (s): cpu = 00:00:15 ; elapsed = 00:00:15 . Memory (MB): peak = 2710.848 ; gain = 851.906
INFO: [Project 1-571] Translating synthesized netlist
Netlist sorting complete. Time (s): cpu = 00:00:00 ; elapsed = 00:00:00.027 . Memory (MB): peak = 2722.887 ; gain = 0.000
INFO: [Netlist 29-17] Analyzing 150 Unisim elements for replacement
INFO: [Netlist 29-28] Unisim Transformation completed in 0 CPU seconds
INFO: [Project 1-570] Preparing netlist for logic optimization
INFO: [Opt 31-138] Pushed 0 inverter(s) to 0 load pin(s).
Netlist sorting complete. Time (s): cpu = 00:00:00 ; elapsed = 00:00:00.001 . Memory (MB): peak = 2768.805 ; gain = 0.000
INFO: [Project 1-111] Unisim Transformation Summary:
  A total of 150 instances were transformed.
  IBUF => IBUF (IBUFCTRL, INBUF): 150 instances

Synth Design complete, checksum: a928ed34
INFO: [Common 17-83] Releasing license: Synthesis
72 Infos, 15 Warnings, 0 Critical Warnings and 0 Errors encountered.
synth_design completed successfully
synth_design: Time (s): cpu = 00:00:18 ; elapsed = 00:00:20 . Memory (MB): peak = 2768.805 ; gain = 1102.625
INFO: [Common 17-1381] The checkpoint 'C:/Projects/pi-radio/HW/sims/cfo_correction/cfo_correction.runs/synth_1/cfo_correction_wrapper.dcp' has been generated.
INFO: [runtcl-4] Executing : report_utilization -file cfo_correction_wrapper_utilization_synth.rpt -pb cfo_correction_wrapper_utilization_synth.pb
INFO: [Common 17-206] Exiting Vivado at Mon Oct 10 21:42:09 2022...
