INFO: [VRFC 10-2263] Analyzing Verilog file "c:/Projects/pi-radio/HW/sims/cfo_correction/cfo_correction.sim/sim_1/synth/func/xsim/cfo_correction_top_tb_func_synth.v" into library xil_defaultlib
INFO: [VRFC 10-311] analyzing module Mixer_imp_1KVXAAW
INFO: [VRFC 10-311] analyzing module cfo_correction
INFO: [VRFC 10-311] analyzing module cfo_correction_angle_0_0
INFO: [VRFC 10-311] analyzing module cfo_correction_angle_0_0_angle
INFO: [VRFC 10-311] analyzing module cfo_correction_angle_0_0_cordic_0
INFO: [VRFC 10-311] analyzing module cfo_correction_axis_data_fifo_0_0
INFO: [VRFC 10-311] analyzing module cfo_correction_axis_data_fifo_0_0_axis_data_fifo_v2_0_8_top
INFO: [VRFC 10-311] analyzing module cfo_correction_axis_data_fifo_0_0_xpm_cdc_sync_rst
INFO: [VRFC 10-311] analyzing module cfo_correction_axis_data_fifo_0_0_xpm_counter_updn__parameterized0
INFO: [VRFC 10-311] analyzing module cfo_correction_axis_data_fifo_0_0_xpm_counter_updn__parameterized0_0
INFO: [VRFC 10-311] analyzing module cfo_correction_axis_data_fifo_0_0_xpm_counter_updn__parameterized1
INFO: [VRFC 10-311] analyzing module cfo_correction_axis_data_fifo_0_0_xpm_counter_updn__parameterized1_1
INFO: [VRFC 10-311] analyzing module cfo_correction_axis_data_fifo_0_0_xpm_fifo_axis
INFO: [VRFC 10-311] analyzing module cfo_correction_axis_data_fifo_0_0_xpm_fifo_base
INFO: [VRFC 10-311] analyzing module cfo_correction_axis_data_fifo_0_0_xpm_fifo_reg_bit
INFO: [VRFC 10-311] analyzing module cfo_correction_axis_data_fifo_0_0_xpm_fifo_rst
INFO: [VRFC 10-311] analyzing module cfo_correction_axis_data_fifo_0_0_xpm_memory_base
INFO: [VRFC 10-311] analyzing module cfo_correction_axis_data_fifo_1_0
INFO: [VRFC 10-311] analyzing module cfo_correction_axis_data_fifo_1_0_axis_data_fifo_v2_0_8_top
INFO: [VRFC 10-311] analyzing module cfo_correction_axis_data_fifo_1_0_xpm_cdc_sync_rst
INFO: [VRFC 10-311] analyzing module cfo_correction_axis_data_fifo_1_0_xpm_counter_updn__parameterized0
INFO: [VRFC 10-311] analyzing module cfo_correction_axis_data_fifo_1_0_xpm_counter_updn__parameterized0_0
INFO: [VRFC 10-311] analyzing module cfo_correction_axis_data_fifo_1_0_xpm_counter_updn__parameterized1
INFO: [VRFC 10-311] analyzing module cfo_correction_axis_data_fifo_1_0_xpm_counter_updn__parameterized1_1
INFO: [VRFC 10-311] analyzing module cfo_correction_axis_data_fifo_1_0_xpm_fifo_axis
INFO: [VRFC 10-311] analyzing module cfo_correction_axis_data_fifo_1_0_xpm_fifo_base
INFO: [VRFC 10-311] analyzing module cfo_correction_axis_data_fifo_1_0_xpm_fifo_reg_bit
INFO: [VRFC 10-311] analyzing module cfo_correction_axis_data_fifo_1_0_xpm_fifo_rst
INFO: [VRFC 10-311] analyzing module cfo_correction_axis_data_fifo_1_0_xpm_memory_base
INFO: [VRFC 10-311] analyzing module cfo_correction_axis_splitter_0_0
INFO: [VRFC 10-311] analyzing module cfo_correction_axis_splitter_0_0_axis_splitter
INFO: [VRFC 10-311] analyzing module cfo_correction_axis_splitter_1_0
INFO: [VRFC 10-311] analyzing module cfo_correction_axis_splitter_1_0_axis_splitter
INFO: [VRFC 10-311] analyzing module cfo_correction_complex_mult_0_0
INFO: [VRFC 10-311] analyzing module cfo_correction_complex_mult_0_0_cmpy_0
INFO: [VRFC 10-311] analyzing module cfo_correction_complex_mult_0_0_cmpy_0__1
INFO: [VRFC 10-311] analyzing module cfo_correction_complex_mult_0_0_cmpy_0__2
INFO: [VRFC 10-311] analyzing module cfo_correction_complex_mult_0_0_cmpy_0__3
INFO: [VRFC 10-311] analyzing module cfo_correction_complex_mult_0_0_complex_mult
INFO: [VRFC 10-311] analyzing module cfo_correction_conj_0_0
INFO: [VRFC 10-311] analyzing module cfo_correction_conj_0_0_conj
INFO: [VRFC 10-311] analyzing module cfo_correction_conj_0_1
INFO: [VRFC 10-311] analyzing module cfo_correction_conj_0_1_conj
INFO: [VRFC 10-311] analyzing module cfo_correction_conj_1_0
INFO: [VRFC 10-311] analyzing module cfo_correction_conj_1_0_conj
INFO: [VRFC 10-311] analyzing module cfo_correction_cp_rm2_0_0
INFO: [VRFC 10-311] analyzing module cfo_correction_cp_rm2_0_0_cp_rm2
INFO: [VRFC 10-311] analyzing module cfo_correction_cp_rm_0_0
INFO: [VRFC 10-311] analyzing module cfo_correction_cp_rm_0_0_cp_rm
INFO: [VRFC 10-311] analyzing module cfo_correction_dds_top_0_0
INFO: [VRFC 10-311] analyzing module cfo_correction_dds_top_0_0_dds_compiler_0
INFO: [VRFC 10-311] analyzing module cfo_correction_dds_top_0_0_dds_top
INFO: [VRFC 10-311] analyzing module cfo_correction_delay_0_0
INFO: [VRFC 10-311] analyzing module cfo_correction_delay_0_0_delay
INFO: [VRFC 10-311] analyzing module cfo_correction_delay_1_0
INFO: [VRFC 10-311] analyzing module cfo_correction_delay_1_0_delay
INFO: [VRFC 10-311] analyzing module cfo_correction_mixer_0_0
INFO: [VRFC 10-311] analyzing module cfo_correction_mixer_0_0_cmpy_0
INFO: [VRFC 10-311] analyzing module cfo_correction_mixer_0_0_cmpy_0__1
INFO: [VRFC 10-311] analyzing module cfo_correction_mixer_0_0_cmpy_0__2
INFO: [VRFC 10-311] analyzing module cfo_correction_mixer_0_0_cmpy_0__3
INFO: [VRFC 10-311] analyzing module cfo_correction_mixer_0_0_mixer
INFO: [VRFC 10-311] analyzing module cfo_correction_mux_0_0
INFO: [VRFC 10-311] analyzing module cfo_correction_mux_0_0_mux
INFO: [VRFC 10-311] analyzing module cfo_correction_scale_0_0
INFO: [VRFC 10-311] analyzing module cfo_correction_scale_0_0_dsp_macro_0
INFO: [VRFC 10-311] analyzing module cfo_correction_scale_0_0_scale
INFO: [VRFC 10-311] analyzing module cfo_correction_sum_0_0
INFO: [VRFC 10-311] analyzing module cfo_correction_sum_0_0_sum
INFO: [VRFC 10-311] analyzing module cfo_correction_util_vector_logic_0_0
INFO: [VRFC 10-311] analyzing module cfo_correction_wrapper
INFO: [VRFC 10-311] analyzing module cfo_correction_angle_0_0_addsub
INFO: [VRFC 10-311] analyzing module cfo_correction_angle_0_0_addsub__parameterized1
INFO: [VRFC 10-311] analyzing module cfo_correction_angle_0_0_addsub__parameterized3
INFO: [VRFC 10-311] analyzing module cfo_correction_angle_0_0_addsub__parameterized3_105
INFO: [VRFC 10-311] analyzing module cfo_correction_angle_0_0_addsub__parameterized3_110
INFO: [VRFC 10-311] analyzing module cfo_correction_angle_0_0_addsub__parameterized3_111
INFO: [VRFC 10-311] analyzing module cfo_correction_angle_0_0_addsub__parameterized3_123
INFO: [VRFC 10-311] analyzing module cfo_correction_angle_0_0_addsub__parameterized3_128
INFO: [VRFC 10-311] analyzing module cfo_correction_angle_0_0_addsub__parameterized3_129
INFO: [VRFC 10-311] analyzing module cfo_correction_angle_0_0_addsub__parameterized3_141
INFO: [VRFC 10-311] analyzing module cfo_correction_angle_0_0_addsub__parameterized3_146
INFO: [VRFC 10-311] analyzing module cfo_correction_angle_0_0_addsub__parameterized3_147
INFO: [VRFC 10-311] analyzing module cfo_correction_angle_0_0_addsub__parameterized3_15
INFO: [VRFC 10-311] analyzing module cfo_correction_angle_0_0_addsub__parameterized3_159
INFO: [VRFC 10-311] analyzing module cfo_correction_angle_0_0_addsub__parameterized3_166
INFO: [VRFC 10-311] analyzing module cfo_correction_angle_0_0_addsub__parameterized3_171
INFO: [VRFC 10-311] analyzing module cfo_correction_angle_0_0_addsub__parameterized3_180
INFO: [VRFC 10-311] analyzing module cfo_correction_angle_0_0_addsub__parameterized3_185
INFO: [VRFC 10-311] analyzing module cfo_correction_angle_0_0_addsub__parameterized3_186
INFO: [VRFC 10-311] analyzing module cfo_correction_angle_0_0_addsub__parameterized3_198
INFO: [VRFC 10-311] analyzing module cfo_correction_angle_0_0_addsub__parameterized3_20
INFO: [VRFC 10-311] analyzing module cfo_correction_angle_0_0_addsub__parameterized3_203
INFO: [VRFC 10-311] analyzing module cfo_correction_angle_0_0_addsub__parameterized3_204
INFO: [VRFC 10-311] analyzing module cfo_correction_angle_0_0_addsub__parameterized3_21
INFO: [VRFC 10-311] analyzing module cfo_correction_angle_0_0_addsub__parameterized3_216
INFO: [VRFC 10-311] analyzing module cfo_correction_angle_0_0_addsub__parameterized3_221
INFO: [VRFC 10-311] analyzing module cfo_correction_angle_0_0_addsub__parameterized3_222
INFO: [VRFC 10-311] analyzing module cfo_correction_angle_0_0_addsub__parameterized3_234
INFO: [VRFC 10-311] analyzing module cfo_correction_angle_0_0_addsub__parameterized3_239
INFO: [VRFC 10-311] analyzing module cfo_correction_angle_0_0_addsub__parameterized3_240
INFO: [VRFC 10-311] analyzing module cfo_correction_angle_0_0_addsub__parameterized3_252
INFO: [VRFC 10-311] analyzing module cfo_correction_angle_0_0_addsub__parameterized3_257
INFO: [VRFC 10-311] analyzing module cfo_correction_angle_0_0_addsub__parameterized3_258
INFO: [VRFC 10-311] analyzing module cfo_correction_angle_0_0_addsub__parameterized3_270
INFO: [VRFC 10-311] analyzing module cfo_correction_angle_0_0_addsub__parameterized3_275
INFO: [VRFC 10-311] analyzing module cfo_correction_angle_0_0_addsub__parameterized3_276
INFO: [VRFC 10-311] analyzing module cfo_correction_angle_0_0_addsub__parameterized3_288
INFO: [VRFC 10-311] analyzing module cfo_correction_angle_0_0_addsub__parameterized3_293
INFO: [VRFC 10-311] analyzing module cfo_correction_angle_0_0_addsub__parameterized3_294
INFO: [VRFC 10-311] analyzing module cfo_correction_angle_0_0_addsub__parameterized3_306
INFO: [VRFC 10-311] analyzing module cfo_correction_angle_0_0_addsub__parameterized3_311
INFO: [VRFC 10-311] analyzing module cfo_correction_angle_0_0_addsub__parameterized3_312
INFO: [VRFC 10-311] analyzing module cfo_correction_angle_0_0_addsub__parameterized3_324
INFO: [VRFC 10-311] analyzing module cfo_correction_angle_0_0_addsub__parameterized3_329
INFO: [VRFC 10-311] analyzing module cfo_correction_angle_0_0_addsub__parameterized3_33
INFO: [VRFC 10-311] analyzing module cfo_correction_angle_0_0_addsub__parameterized3_330
INFO: [VRFC 10-311] analyzing module cfo_correction_angle_0_0_addsub__parameterized3_342
INFO: [VRFC 10-311] analyzing module cfo_correction_angle_0_0_addsub__parameterized3_347
INFO: [VRFC 10-311] analyzing module cfo_correction_angle_0_0_addsub__parameterized3_348
INFO: [VRFC 10-311] analyzing module cfo_correction_angle_0_0_addsub__parameterized3_360
INFO: [VRFC 10-311] analyzing module cfo_correction_angle_0_0_addsub__parameterized3_365
INFO: [VRFC 10-311] analyzing module cfo_correction_angle_0_0_addsub__parameterized3_366
INFO: [VRFC 10-311] analyzing module cfo_correction_angle_0_0_addsub__parameterized3_378
INFO: [VRFC 10-311] analyzing module cfo_correction_angle_0_0_addsub__parameterized3_38
INFO: [VRFC 10-311] analyzing module cfo_correction_angle_0_0_addsub__parameterized3_383
INFO: [VRFC 10-311] analyzing module cfo_correction_angle_0_0_addsub__parameterized3_384
INFO: [VRFC 10-311] analyzing module cfo_correction_angle_0_0_addsub__parameterized3_39
INFO: [VRFC 10-311] analyzing module cfo_correction_angle_0_0_addsub__parameterized3_396
INFO: [VRFC 10-311] analyzing module cfo_correction_angle_0_0_addsub__parameterized3_4
INFO: [VRFC 10-311] analyzing module cfo_correction_angle_0_0_addsub__parameterized3_401
INFO: [VRFC 10-311] analyzing module cfo_correction_angle_0_0_addsub__parameterized3_402
INFO: [VRFC 10-311] analyzing module cfo_correction_angle_0_0_addsub__parameterized3_414
INFO: [VRFC 10-311] analyzing module cfo_correction_angle_0_0_addsub__parameterized3_419
INFO: [VRFC 10-311] analyzing module cfo_correction_angle_0_0_addsub__parameterized3_420
INFO: [VRFC 10-311] analyzing module cfo_correction_angle_0_0_addsub__parameterized3_432
INFO: [VRFC 10-311] analyzing module cfo_correction_angle_0_0_addsub__parameterized3_437
INFO: [VRFC 10-311] analyzing module cfo_correction_angle_0_0_addsub__parameterized3_438
INFO: [VRFC 10-311] analyzing module cfo_correction_angle_0_0_addsub__parameterized3_450
INFO: [VRFC 10-311] analyzing module cfo_correction_angle_0_0_addsub__parameterized3_455
INFO: [VRFC 10-311] analyzing module cfo_correction_angle_0_0_addsub__parameterized3_456
INFO: [VRFC 10-311] analyzing module cfo_correction_angle_0_0_addsub__parameterized3_468
INFO: [VRFC 10-311] analyzing module cfo_correction_angle_0_0_addsub__parameterized3_473
INFO: [VRFC 10-311] analyzing module cfo_correction_angle_0_0_addsub__parameterized3_474
INFO: [VRFC 10-311] analyzing module cfo_correction_angle_0_0_addsub__parameterized3_486
INFO: [VRFC 10-311] analyzing module cfo_correction_angle_0_0_addsub__parameterized3_491
INFO: [VRFC 10-311] analyzing module cfo_correction_angle_0_0_addsub__parameterized3_492
INFO: [VRFC 10-311] analyzing module cfo_correction_angle_0_0_addsub__parameterized3_5
INFO: [VRFC 10-311] analyzing module cfo_correction_angle_0_0_addsub__parameterized3_504
INFO: [VRFC 10-311] analyzing module cfo_correction_angle_0_0_addsub__parameterized3_509
INFO: [VRFC 10-311] analyzing module cfo_correction_angle_0_0_addsub__parameterized3_51
INFO: [VRFC 10-311] analyzing module cfo_correction_angle_0_0_addsub__parameterized3_510
INFO: [VRFC 10-311] analyzing module cfo_correction_angle_0_0_addsub__parameterized3_522
INFO: [VRFC 10-311] analyzing module cfo_correction_angle_0_0_addsub__parameterized3_527
INFO: [VRFC 10-311] analyzing module cfo_correction_angle_0_0_addsub__parameterized3_528
INFO: [VRFC 10-311] analyzing module cfo_correction_angle_0_0_addsub__parameterized3_56
INFO: [VRFC 10-311] analyzing module cfo_correction_angle_0_0_addsub__parameterized3_57
INFO: [VRFC 10-311] analyzing module cfo_correction_angle_0_0_addsub__parameterized3_69
INFO: [VRFC 10-311] analyzing module cfo_correction_angle_0_0_addsub__parameterized3_74
INFO: [VRFC 10-311] analyzing module cfo_correction_angle_0_0_addsub__parameterized3_75
INFO: [VRFC 10-311] analyzing module cfo_correction_angle_0_0_addsub__parameterized3_87
INFO: [VRFC 10-311] analyzing module cfo_correction_angle_0_0_addsub__parameterized3_92
INFO: [VRFC 10-311] analyzing module cfo_correction_angle_0_0_addsub__parameterized3_93
INFO: [VRFC 10-311] analyzing module cfo_correction_angle_0_0_c_addsub_v12_0_14_fabric_legacy
INFO: [VRFC 10-311] analyzing module cfo_correction_angle_0_0_c_addsub_v12_0_14_fabric_legacy__parameterized1
INFO: [VRFC 10-311] analyzing module cfo_correction_angle_0_0_c_addsub_v12_0_14_fabric_legacy__parameterized3
INFO: [VRFC 10-311] analyzing module cfo_correction_angle_0_0_c_addsub_v12_0_14_fabric_legacy__parameterized3_107
INFO: [VRFC 10-311] analyzing module cfo_correction_angle_0_0_c_addsub_v12_0_14_fabric_legacy__parameterized3_113
INFO: [VRFC 10-311] analyzing module cfo_correction_angle_0_0_c_addsub_v12_0_14_fabric_legacy__parameterized3_117
INFO: [VRFC 10-311] analyzing module cfo_correction_angle_0_0_c_addsub_v12_0_14_fabric_legacy__parameterized3_12
INFO: [VRFC 10-311] analyzing module cfo_correction_angle_0_0_c_addsub_v12_0_14_fabric_legacy__parameterized3_125
INFO: [VRFC 10-311] analyzing module cfo_correction_angle_0_0_c_addsub_v12_0_14_fabric_legacy__parameterized3_131
INFO: [VRFC 10-311] analyzing module cfo_correction_angle_0_0_c_addsub_v12_0_14_fabric_legacy__parameterized3_135
INFO: [VRFC 10-311] analyzing module cfo_correction_angle_0_0_c_addsub_v12_0_14_fabric_legacy__parameterized3_143
INFO: [VRFC 10-311] analyzing module cfo_correction_angle_0_0_c_addsub_v12_0_14_fabric_legacy__parameterized3_149
INFO: [VRFC 10-311] analyzing module cfo_correction_angle_0_0_c_addsub_v12_0_14_fabric_legacy__parameterized3_153
INFO: [VRFC 10-311] analyzing module cfo_correction_angle_0_0_c_addsub_v12_0_14_fabric_legacy__parameterized3_161
INFO: [VRFC 10-311] analyzing module cfo_correction_angle_0_0_c_addsub_v12_0_14_fabric_legacy__parameterized3_168
INFO: [VRFC 10-311] analyzing module cfo_correction_angle_0_0_c_addsub_v12_0_14_fabric_legacy__parameterized3_17
INFO: [VRFC 10-311] analyzing module cfo_correction_angle_0_0_c_addsub_v12_0_14_fabric_legacy__parameterized3_173
INFO: [VRFC 10-311] analyzing module cfo_correction_angle_0_0_c_addsub_v12_0_14_fabric_legacy__parameterized3_182
INFO: [VRFC 10-311] analyzing module cfo_correction_angle_0_0_c_addsub_v12_0_14_fabric_legacy__parameterized3_188
INFO: [VRFC 10-311] analyzing module cfo_correction_angle_0_0_c_addsub_v12_0_14_fabric_legacy__parameterized3_192
INFO: [VRFC 10-311] analyzing module cfo_correction_angle_0_0_c_addsub_v12_0_14_fabric_legacy__parameterized3_200
INFO: [VRFC 10-311] analyzing module cfo_correction_angle_0_0_c_addsub_v12_0_14_fabric_legacy__parameterized3_206
INFO: [VRFC 10-311] analyzing module cfo_correction_angle_0_0_c_addsub_v12_0_14_fabric_legacy__parameterized3_210
INFO: [VRFC 10-311] analyzing module cfo_correction_angle_0_0_c_addsub_v12_0_14_fabric_legacy__parameterized3_218
INFO: [VRFC 10-311] analyzing module cfo_correction_angle_0_0_c_addsub_v12_0_14_fabric_legacy__parameterized3_224
INFO: [VRFC 10-311] analyzing module cfo_correction_angle_0_0_c_addsub_v12_0_14_fabric_legacy__parameterized3_228
INFO: [VRFC 10-311] analyzing module cfo_correction_angle_0_0_c_addsub_v12_0_14_fabric_legacy__parameterized3_23
INFO: [VRFC 10-311] analyzing module cfo_correction_angle_0_0_c_addsub_v12_0_14_fabric_legacy__parameterized3_236
INFO: [VRFC 10-311] analyzing module cfo_correction_angle_0_0_c_addsub_v12_0_14_fabric_legacy__parameterized3_242
INFO: [VRFC 10-311] analyzing module cfo_correction_angle_0_0_c_addsub_v12_0_14_fabric_legacy__parameterized3_246
INFO: [VRFC 10-311] analyzing module cfo_correction_angle_0_0_c_addsub_v12_0_14_fabric_legacy__parameterized3_254
INFO: [VRFC 10-311] analyzing module cfo_correction_angle_0_0_c_addsub_v12_0_14_fabric_legacy__parameterized3_260
INFO: [VRFC 10-311] analyzing module cfo_correction_angle_0_0_c_addsub_v12_0_14_fabric_legacy__parameterized3_264
INFO: [VRFC 10-311] analyzing module cfo_correction_angle_0_0_c_addsub_v12_0_14_fabric_legacy__parameterized3_27
INFO: [VRFC 10-311] analyzing module cfo_correction_angle_0_0_c_addsub_v12_0_14_fabric_legacy__parameterized3_272
INFO: [VRFC 10-311] analyzing module cfo_correction_angle_0_0_c_addsub_v12_0_14_fabric_legacy__parameterized3_278
INFO: [VRFC 10-311] analyzing module cfo_correction_angle_0_0_c_addsub_v12_0_14_fabric_legacy__parameterized3_282
INFO: [VRFC 10-311] analyzing module cfo_correction_angle_0_0_c_addsub_v12_0_14_fabric_legacy__parameterized3_290
INFO: [VRFC 10-311] analyzing module cfo_correction_angle_0_0_c_addsub_v12_0_14_fabric_legacy__parameterized3_296
INFO: [VRFC 10-311] analyzing module cfo_correction_angle_0_0_c_addsub_v12_0_14_fabric_legacy__parameterized3_300
INFO: [VRFC 10-311] analyzing module cfo_correction_angle_0_0_c_addsub_v12_0_14_fabric_legacy__parameterized3_308
INFO: [VRFC 10-311] analyzing module cfo_correction_angle_0_0_c_addsub_v12_0_14_fabric_legacy__parameterized3_314
INFO: [VRFC 10-311] analyzing module cfo_correction_angle_0_0_c_addsub_v12_0_14_fabric_legacy__parameterized3_318
INFO: [VRFC 10-311] analyzing module cfo_correction_angle_0_0_c_addsub_v12_0_14_fabric_legacy__parameterized3_326
INFO: [VRFC 10-311] analyzing module cfo_correction_angle_0_0_c_addsub_v12_0_14_fabric_legacy__parameterized3_332
INFO: [VRFC 10-311] analyzing module cfo_correction_angle_0_0_c_addsub_v12_0_14_fabric_legacy__parameterized3_336
INFO: [VRFC 10-311] analyzing module cfo_correction_angle_0_0_c_addsub_v12_0_14_fabric_legacy__parameterized3_344
INFO: [VRFC 10-311] analyzing module cfo_correction_angle_0_0_c_addsub_v12_0_14_fabric_legacy__parameterized3_35
INFO: [VRFC 10-311] analyzing module cfo_correction_angle_0_0_c_addsub_v12_0_14_fabric_legacy__parameterized3_350
INFO: [VRFC 10-311] analyzing module cfo_correction_angle_0_0_c_addsub_v12_0_14_fabric_legacy__parameterized3_354
INFO: [VRFC 10-311] analyzing module cfo_correction_angle_0_0_c_addsub_v12_0_14_fabric_legacy__parameterized3_362
INFO: [VRFC 10-311] analyzing module cfo_correction_angle_0_0_c_addsub_v12_0_14_fabric_legacy__parameterized3_368
INFO: [VRFC 10-311] analyzing module cfo_correction_angle_0_0_c_addsub_v12_0_14_fabric_legacy__parameterized3_372
INFO: [VRFC 10-311] analyzing module cfo_correction_angle_0_0_c_addsub_v12_0_14_fabric_legacy__parameterized3_380
INFO: [VRFC 10-311] analyzing module cfo_correction_angle_0_0_c_addsub_v12_0_14_fabric_legacy__parameterized3_386
INFO: [VRFC 10-311] analyzing module cfo_correction_angle_0_0_c_addsub_v12_0_14_fabric_legacy__parameterized3_390
INFO: [VRFC 10-311] analyzing module cfo_correction_angle_0_0_c_addsub_v12_0_14_fabric_legacy__parameterized3_398
INFO: [VRFC 10-311] analyzing module cfo_correction_angle_0_0_c_addsub_v12_0_14_fabric_legacy__parameterized3_404
INFO: [VRFC 10-311] analyzing module cfo_correction_angle_0_0_c_addsub_v12_0_14_fabric_legacy__parameterized3_408
INFO: [VRFC 10-311] analyzing module cfo_correction_angle_0_0_c_addsub_v12_0_14_fabric_legacy__parameterized3_41
INFO: [VRFC 10-311] analyzing module cfo_correction_angle_0_0_c_addsub_v12_0_14_fabric_legacy__parameterized3_416
INFO: [VRFC 10-311] analyzing module cfo_correction_angle_0_0_c_addsub_v12_0_14_fabric_legacy__parameterized3_422
INFO: [VRFC 10-311] analyzing module cfo_correction_angle_0_0_c_addsub_v12_0_14_fabric_legacy__parameterized3_426
INFO: [VRFC 10-311] analyzing module cfo_correction_angle_0_0_c_addsub_v12_0_14_fabric_legacy__parameterized3_434
INFO: [VRFC 10-311] analyzing module cfo_correction_angle_0_0_c_addsub_v12_0_14_fabric_legacy__parameterized3_440
INFO: [VRFC 10-311] analyzing module cfo_correction_angle_0_0_c_addsub_v12_0_14_fabric_legacy__parameterized3_444
INFO: [VRFC 10-311] analyzing module cfo_correction_angle_0_0_c_addsub_v12_0_14_fabric_legacy__parameterized3_45
INFO: [VRFC 10-311] analyzing module cfo_correction_angle_0_0_c_addsub_v12_0_14_fabric_legacy__parameterized3_452
INFO: [VRFC 10-311] analyzing module cfo_correction_angle_0_0_c_addsub_v12_0_14_fabric_legacy__parameterized3_458
INFO: [VRFC 10-311] analyzing module cfo_correction_angle_0_0_c_addsub_v12_0_14_fabric_legacy__parameterized3_462
INFO: [VRFC 10-311] analyzing module cfo_correction_angle_0_0_c_addsub_v12_0_14_fabric_legacy__parameterized3_470
INFO: [VRFC 10-311] analyzing module cfo_correction_angle_0_0_c_addsub_v12_0_14_fabric_legacy__parameterized3_476
INFO: [VRFC 10-311] analyzing module cfo_correction_angle_0_0_c_addsub_v12_0_14_fabric_legacy__parameterized3_480
INFO: [VRFC 10-311] analyzing module cfo_correction_angle_0_0_c_addsub_v12_0_14_fabric_legacy__parameterized3_488
INFO: [VRFC 10-311] analyzing module cfo_correction_angle_0_0_c_addsub_v12_0_14_fabric_legacy__parameterized3_494
INFO: [VRFC 10-311] analyzing module cfo_correction_angle_0_0_c_addsub_v12_0_14_fabric_legacy__parameterized3_498
INFO: [VRFC 10-311] analyzing module cfo_correction_angle_0_0_c_addsub_v12_0_14_fabric_legacy__parameterized3_506
INFO: [VRFC 10-311] analyzing module cfo_correction_angle_0_0_c_addsub_v12_0_14_fabric_legacy__parameterized3_512
INFO: [VRFC 10-311] analyzing module cfo_correction_angle_0_0_c_addsub_v12_0_14_fabric_legacy__parameterized3_516
INFO: [VRFC 10-311] analyzing module cfo_correction_angle_0_0_c_addsub_v12_0_14_fabric_legacy__parameterized3_524
INFO: [VRFC 10-311] analyzing module cfo_correction_angle_0_0_c_addsub_v12_0_14_fabric_legacy__parameterized3_53
INFO: [VRFC 10-311] analyzing module cfo_correction_angle_0_0_c_addsub_v12_0_14_fabric_legacy__parameterized3_530
INFO: [VRFC 10-311] analyzing module cfo_correction_angle_0_0_c_addsub_v12_0_14_fabric_legacy__parameterized3_534
INFO: [VRFC 10-311] analyzing module cfo_correction_angle_0_0_c_addsub_v12_0_14_fabric_legacy__parameterized3_59
INFO: [VRFC 10-311] analyzing module cfo_correction_angle_0_0_c_addsub_v12_0_14_fabric_legacy__parameterized3_63
INFO: [VRFC 10-311] analyzing module cfo_correction_angle_0_0_c_addsub_v12_0_14_fabric_legacy__parameterized3_71
INFO: [VRFC 10-311] analyzing module cfo_correction_angle_0_0_c_addsub_v12_0_14_fabric_legacy__parameterized3_77
INFO: [VRFC 10-311] analyzing module cfo_correction_angle_0_0_c_addsub_v12_0_14_fabric_legacy__parameterized3_8
INFO: [VRFC 10-311] analyzing module cfo_correction_angle_0_0_c_addsub_v12_0_14_fabric_legacy__parameterized3_81
INFO: [VRFC 10-311] analyzing module cfo_correction_angle_0_0_c_addsub_v12_0_14_fabric_legacy__parameterized3_89
INFO: [VRFC 10-311] analyzing module cfo_correction_angle_0_0_c_addsub_v12_0_14_fabric_legacy__parameterized3_95
INFO: [VRFC 10-311] analyzing module cfo_correction_angle_0_0_c_addsub_v12_0_14_fabric_legacy__parameterized3_99
INFO: [VRFC 10-311] analyzing module cfo_correction_angle_0_0_c_addsub_v12_0_14_legacy
INFO: [VRFC 10-311] analyzing module cfo_correction_angle_0_0_c_addsub_v12_0_14_legacy__parameterized1
INFO: [VRFC 10-311] analyzing module cfo_correction_angle_0_0_c_addsub_v12_0_14_legacy__parameterized3
INFO: [VRFC 10-311] analyzing module cfo_correction_angle_0_0_c_addsub_v12_0_14_legacy__parameterized3_106
INFO: [VRFC 10-311] analyzing module cfo_correction_angle_0_0_c_addsub_v12_0_14_legacy__parameterized3_11
INFO: [VRFC 10-311] analyzing module cfo_correction_angle_0_0_c_addsub_v12_0_14_legacy__parameterized3_112
INFO: [VRFC 10-311] analyzing module cfo_correction_angle_0_0_c_addsub_v12_0_14_legacy__parameterized3_116
INFO: [VRFC 10-311] analyzing module cfo_correction_angle_0_0_c_addsub_v12_0_14_legacy__parameterized3_124
INFO: [VRFC 10-311] analyzing module cfo_correction_angle_0_0_c_addsub_v12_0_14_legacy__parameterized3_130
INFO: [VRFC 10-311] analyzing module cfo_correction_angle_0_0_c_addsub_v12_0_14_legacy__parameterized3_134
INFO: [VRFC 10-311] analyzing module cfo_correction_angle_0_0_c_addsub_v12_0_14_legacy__parameterized3_142
INFO: [VRFC 10-311] analyzing module cfo_correction_angle_0_0_c_addsub_v12_0_14_legacy__parameterized3_148
INFO: [VRFC 10-311] analyzing module cfo_correction_angle_0_0_c_addsub_v12_0_14_legacy__parameterized3_152
INFO: [VRFC 10-311] analyzing module cfo_correction_angle_0_0_c_addsub_v12_0_14_legacy__parameterized3_16
INFO: [VRFC 10-311] analyzing module cfo_correction_angle_0_0_c_addsub_v12_0_14_legacy__parameterized3_160
INFO: [VRFC 10-311] analyzing module cfo_correction_angle_0_0_c_addsub_v12_0_14_legacy__parameterized3_167
INFO: [VRFC 10-311] analyzing module cfo_correction_angle_0_0_c_addsub_v12_0_14_legacy__parameterized3_172
INFO: [VRFC 10-311] analyzing module cfo_correction_angle_0_0_c_addsub_v12_0_14_legacy__parameterized3_181
INFO: [VRFC 10-311] analyzing module cfo_correction_angle_0_0_c_addsub_v12_0_14_legacy__parameterized3_187
INFO: [VRFC 10-311] analyzing module cfo_correction_angle_0_0_c_addsub_v12_0_14_legacy__parameterized3_191
INFO: [VRFC 10-311] analyzing module cfo_correction_angle_0_0_c_addsub_v12_0_14_legacy__parameterized3_199
INFO: [VRFC 10-311] analyzing module cfo_correction_angle_0_0_c_addsub_v12_0_14_legacy__parameterized3_205
INFO: [VRFC 10-311] analyzing module cfo_correction_angle_0_0_c_addsub_v12_0_14_legacy__parameterized3_209
INFO: [VRFC 10-311] analyzing module cfo_correction_angle_0_0_c_addsub_v12_0_14_legacy__parameterized3_217
INFO: [VRFC 10-311] analyzing module cfo_correction_angle_0_0_c_addsub_v12_0_14_legacy__parameterized3_22
INFO: [VRFC 10-311] analyzing module cfo_correction_angle_0_0_c_addsub_v12_0_14_legacy__parameterized3_223
INFO: [VRFC 10-311] analyzing module cfo_correction_angle_0_0_c_addsub_v12_0_14_legacy__parameterized3_227
INFO: [VRFC 10-311] analyzing module cfo_correction_angle_0_0_c_addsub_v12_0_14_legacy__parameterized3_235
INFO: [VRFC 10-311] analyzing module cfo_correction_angle_0_0_c_addsub_v12_0_14_legacy__parameterized3_241
INFO: [VRFC 10-311] analyzing module cfo_correction_angle_0_0_c_addsub_v12_0_14_legacy__parameterized3_245
INFO: [VRFC 10-311] analyzing module cfo_correction_angle_0_0_c_addsub_v12_0_14_legacy__parameterized3_253
INFO: [VRFC 10-311] analyzing module cfo_correction_angle_0_0_c_addsub_v12_0_14_legacy__parameterized3_259
INFO: [VRFC 10-311] analyzing module cfo_correction_angle_0_0_c_addsub_v12_0_14_legacy__parameterized3_26
INFO: [VRFC 10-311] analyzing module cfo_correction_angle_0_0_c_addsub_v12_0_14_legacy__parameterized3_263
INFO: [VRFC 10-311] analyzing module cfo_correction_angle_0_0_c_addsub_v12_0_14_legacy__parameterized3_271
INFO: [VRFC 10-311] analyzing module cfo_correction_angle_0_0_c_addsub_v12_0_14_legacy__parameterized3_277
INFO: [VRFC 10-311] analyzing module cfo_correction_angle_0_0_c_addsub_v12_0_14_legacy__parameterized3_281
INFO: [VRFC 10-311] analyzing module cfo_correction_angle_0_0_c_addsub_v12_0_14_legacy__parameterized3_289
INFO: [VRFC 10-311] analyzing module cfo_correction_angle_0_0_c_addsub_v12_0_14_legacy__parameterized3_295
INFO: [VRFC 10-311] analyzing module cfo_correction_angle_0_0_c_addsub_v12_0_14_legacy__parameterized3_299
INFO: [VRFC 10-311] analyzing module cfo_correction_angle_0_0_c_addsub_v12_0_14_legacy__parameterized3_307
INFO: [VRFC 10-311] analyzing module cfo_correction_angle_0_0_c_addsub_v12_0_14_legacy__parameterized3_313
INFO: [VRFC 10-311] analyzing module cfo_correction_angle_0_0_c_addsub_v12_0_14_legacy__parameterized3_317
INFO: [VRFC 10-311] analyzing module cfo_correction_angle_0_0_c_addsub_v12_0_14_legacy__parameterized3_325
INFO: [VRFC 10-311] analyzing module cfo_correction_angle_0_0_c_addsub_v12_0_14_legacy__parameterized3_331
INFO: [VRFC 10-311] analyzing module cfo_correction_angle_0_0_c_addsub_v12_0_14_legacy__parameterized3_335
INFO: [VRFC 10-311] analyzing module cfo_correction_angle_0_0_c_addsub_v12_0_14_legacy__parameterized3_34
INFO: [VRFC 10-311] analyzing module cfo_correction_angle_0_0_c_addsub_v12_0_14_legacy__parameterized3_343
INFO: [VRFC 10-311] analyzing module cfo_correction_angle_0_0_c_addsub_v12_0_14_legacy__parameterized3_349
INFO: [VRFC 10-311] analyzing module cfo_correction_angle_0_0_c_addsub_v12_0_14_legacy__parameterized3_353
INFO: [VRFC 10-311] analyzing module cfo_correction_angle_0_0_c_addsub_v12_0_14_legacy__parameterized3_361
INFO: [VRFC 10-311] analyzing module cfo_correction_angle_0_0_c_addsub_v12_0_14_legacy__parameterized3_367
INFO: [VRFC 10-311] analyzing module cfo_correction_angle_0_0_c_addsub_v12_0_14_legacy__parameterized3_371
INFO: [VRFC 10-311] analyzing module cfo_correction_angle_0_0_c_addsub_v12_0_14_legacy__parameterized3_379
INFO: [VRFC 10-311] analyzing module cfo_correction_angle_0_0_c_addsub_v12_0_14_legacy__parameterized3_385
INFO: [VRFC 10-311] analyzing module cfo_correction_angle_0_0_c_addsub_v12_0_14_legacy__parameterized3_389
INFO: [VRFC 10-311] analyzing module cfo_correction_angle_0_0_c_addsub_v12_0_14_legacy__parameterized3_397
INFO: [VRFC 10-311] analyzing module cfo_correction_angle_0_0_c_addsub_v12_0_14_legacy__parameterized3_40
INFO: [VRFC 10-311] analyzing module cfo_correction_angle_0_0_c_addsub_v12_0_14_legacy__parameterized3_403
INFO: [VRFC 10-311] analyzing module cfo_correction_angle_0_0_c_addsub_v12_0_14_legacy__parameterized3_407
INFO: [VRFC 10-311] analyzing module cfo_correction_angle_0_0_c_addsub_v12_0_14_legacy__parameterized3_415
INFO: [VRFC 10-311] analyzing module cfo_correction_angle_0_0_c_addsub_v12_0_14_legacy__parameterized3_421
INFO: [VRFC 10-311] analyzing module cfo_correction_angle_0_0_c_addsub_v12_0_14_legacy__parameterized3_425
INFO: [VRFC 10-311] analyzing module cfo_correction_angle_0_0_c_addsub_v12_0_14_legacy__parameterized3_433
INFO: [VRFC 10-311] analyzing module cfo_correction_angle_0_0_c_addsub_v12_0_14_legacy__parameterized3_439
INFO: [VRFC 10-311] analyzing module cfo_correction_angle_0_0_c_addsub_v12_0_14_legacy__parameterized3_44
INFO: [VRFC 10-311] analyzing module cfo_correction_angle_0_0_c_addsub_v12_0_14_legacy__parameterized3_443
INFO: [VRFC 10-311] analyzing module cfo_correction_angle_0_0_c_addsub_v12_0_14_legacy__parameterized3_451
INFO: [VRFC 10-311] analyzing module cfo_correction_angle_0_0_c_addsub_v12_0_14_legacy__parameterized3_457
INFO: [VRFC 10-311] analyzing module cfo_correction_angle_0_0_c_addsub_v12_0_14_legacy__parameterized3_461
INFO: [VRFC 10-311] analyzing module cfo_correction_angle_0_0_c_addsub_v12_0_14_legacy__parameterized3_469
INFO: [VRFC 10-311] analyzing module cfo_correction_angle_0_0_c_addsub_v12_0_14_legacy__parameterized3_475
INFO: [VRFC 10-311] analyzing module cfo_correction_angle_0_0_c_addsub_v12_0_14_legacy__parameterized3_479
INFO: [VRFC 10-311] analyzing module cfo_correction_angle_0_0_c_addsub_v12_0_14_legacy__parameterized3_487
INFO: [VRFC 10-311] analyzing module cfo_correction_angle_0_0_c_addsub_v12_0_14_legacy__parameterized3_493
INFO: [VRFC 10-311] analyzing module cfo_correction_angle_0_0_c_addsub_v12_0_14_legacy__parameterized3_497
INFO: [VRFC 10-311] analyzing module cfo_correction_angle_0_0_c_addsub_v12_0_14_legacy__parameterized3_505
INFO: [VRFC 10-311] analyzing module cfo_correction_angle_0_0_c_addsub_v12_0_14_legacy__parameterized3_511
INFO: [VRFC 10-311] analyzing module cfo_correction_angle_0_0_c_addsub_v12_0_14_legacy__parameterized3_515
INFO: [VRFC 10-311] analyzing module cfo_correction_angle_0_0_c_addsub_v12_0_14_legacy__parameterized3_52
INFO: [VRFC 10-311] analyzing module cfo_correction_angle_0_0_c_addsub_v12_0_14_legacy__parameterized3_523
INFO: [VRFC 10-311] analyzing module cfo_correction_angle_0_0_c_addsub_v12_0_14_legacy__parameterized3_529
INFO: [VRFC 10-311] analyzing module cfo_correction_angle_0_0_c_addsub_v12_0_14_legacy__parameterized3_533
INFO: [VRFC 10-311] analyzing module cfo_correction_angle_0_0_c_addsub_v12_0_14_legacy__parameterized3_58
INFO: [VRFC 10-311] analyzing module cfo_correction_angle_0_0_c_addsub_v12_0_14_legacy__parameterized3_62
INFO: [VRFC 10-311] analyzing module cfo_correction_angle_0_0_c_addsub_v12_0_14_legacy__parameterized3_7
INFO: [VRFC 10-311] analyzing module cfo_correction_angle_0_0_c_addsub_v12_0_14_legacy__parameterized3_70
INFO: [VRFC 10-311] analyzing module cfo_correction_angle_0_0_c_addsub_v12_0_14_legacy__parameterized3_76
INFO: [VRFC 10-311] analyzing module cfo_correction_angle_0_0_c_addsub_v12_0_14_legacy__parameterized3_80
INFO: [VRFC 10-311] analyzing module cfo_correction_angle_0_0_c_addsub_v12_0_14_legacy__parameterized3_88
INFO: [VRFC 10-311] analyzing module cfo_correction_angle_0_0_c_addsub_v12_0_14_legacy__parameterized3_94
INFO: [VRFC 10-311] analyzing module cfo_correction_angle_0_0_c_addsub_v12_0_14_legacy__parameterized3_98
INFO: [VRFC 10-311] analyzing module cfo_correction_angle_0_0_c_addsub_v12_0_14_lut6_legacy
INFO: [VRFC 10-311] analyzing module cfo_correction_angle_0_0_c_addsub_v12_0_14_lut6_legacy__parameterized1
INFO: [VRFC 10-311] analyzing module cfo_correction_angle_0_0_c_addsub_v12_0_14_lut6_legacy__parameterized3
INFO: [VRFC 10-311] analyzing module cfo_correction_angle_0_0_c_addsub_v12_0_14_lut6_legacy__parameterized3_100
INFO: [VRFC 10-311] analyzing module cfo_correction_angle_0_0_c_addsub_v12_0_14_lut6_legacy__parameterized3_108
INFO: [VRFC 10-311] analyzing module cfo_correction_angle_0_0_c_addsub_v12_0_14_lut6_legacy__parameterized3_114
INFO: [VRFC 10-311] analyzing module cfo_correction_angle_0_0_c_addsub_v12_0_14_lut6_legacy__parameterized3_118
INFO: [VRFC 10-311] analyzing module cfo_correction_angle_0_0_c_addsub_v12_0_14_lut6_legacy__parameterized3_126
INFO: [VRFC 10-311] analyzing module cfo_correction_angle_0_0_c_addsub_v12_0_14_lut6_legacy__parameterized3_13
INFO: [VRFC 10-311] analyzing module cfo_correction_angle_0_0_c_addsub_v12_0_14_lut6_legacy__parameterized3_132
INFO: [VRFC 10-311] analyzing module cfo_correction_angle_0_0_c_addsub_v12_0_14_lut6_legacy__parameterized3_136
INFO: [VRFC 10-311] analyzing module cfo_correction_angle_0_0_c_addsub_v12_0_14_lut6_legacy__parameterized3_144
INFO: [VRFC 10-311] analyzing module cfo_correction_angle_0_0_c_addsub_v12_0_14_lut6_legacy__parameterized3_150
INFO: [VRFC 10-311] analyzing module cfo_correction_angle_0_0_c_addsub_v12_0_14_lut6_legacy__parameterized3_154
INFO: [VRFC 10-311] analyzing module cfo_correction_angle_0_0_c_addsub_v12_0_14_lut6_legacy__parameterized3_162
INFO: [VRFC 10-311] analyzing module cfo_correction_angle_0_0_c_addsub_v12_0_14_lut6_legacy__parameterized3_169
INFO: [VRFC 10-311] analyzing module cfo_correction_angle_0_0_c_addsub_v12_0_14_lut6_legacy__parameterized3_174
INFO: [VRFC 10-311] analyzing module cfo_correction_angle_0_0_c_addsub_v12_0_14_lut6_legacy__parameterized3_18
INFO: [VRFC 10-311] analyzing module cfo_correction_angle_0_0_c_addsub_v12_0_14_lut6_legacy__parameterized3_183
INFO: [VRFC 10-311] analyzing module cfo_correction_angle_0_0_c_addsub_v12_0_14_lut6_legacy__parameterized3_189
INFO: [VRFC 10-311] analyzing module cfo_correction_angle_0_0_c_addsub_v12_0_14_lut6_legacy__parameterized3_193
INFO: [VRFC 10-311] analyzing module cfo_correction_angle_0_0_c_addsub_v12_0_14_lut6_legacy__parameterized3_201
INFO: [VRFC 10-311] analyzing module cfo_correction_angle_0_0_c_addsub_v12_0_14_lut6_legacy__parameterized3_207
INFO: [VRFC 10-311] analyzing module cfo_correction_angle_0_0_c_addsub_v12_0_14_lut6_legacy__parameterized3_211
INFO: [VRFC 10-311] analyzing module cfo_correction_angle_0_0_c_addsub_v12_0_14_lut6_legacy__parameterized3_219
INFO: [VRFC 10-311] analyzing module cfo_correction_angle_0_0_c_addsub_v12_0_14_lut6_legacy__parameterized3_225
INFO: [VRFC 10-311] analyzing module cfo_correction_angle_0_0_c_addsub_v12_0_14_lut6_legacy__parameterized3_229
INFO: [VRFC 10-311] analyzing module cfo_correction_angle_0_0_c_addsub_v12_0_14_lut6_legacy__parameterized3_237
INFO: [VRFC 10-311] analyzing module cfo_correction_angle_0_0_c_addsub_v12_0_14_lut6_legacy__parameterized3_24
INFO: [VRFC 10-311] analyzing module cfo_correction_angle_0_0_c_addsub_v12_0_14_lut6_legacy__parameterized3_243
INFO: [VRFC 10-311] analyzing module cfo_correction_angle_0_0_c_addsub_v12_0_14_lut6_legacy__parameterized3_247
INFO: [VRFC 10-311] analyzing module cfo_correction_angle_0_0_c_addsub_v12_0_14_lut6_legacy__parameterized3_255
INFO: [VRFC 10-311] analyzing module cfo_correction_angle_0_0_c_addsub_v12_0_14_lut6_legacy__parameterized3_261
INFO: [VRFC 10-311] analyzing module cfo_correction_angle_0_0_c_addsub_v12_0_14_lut6_legacy__parameterized3_265
INFO: [VRFC 10-311] analyzing module cfo_correction_angle_0_0_c_addsub_v12_0_14_lut6_legacy__parameterized3_273
INFO: [VRFC 10-311] analyzing module cfo_correction_angle_0_0_c_addsub_v12_0_14_lut6_legacy__parameterized3_279
INFO: [VRFC 10-311] analyzing module cfo_correction_angle_0_0_c_addsub_v12_0_14_lut6_legacy__parameterized3_28
INFO: [VRFC 10-311] analyzing module cfo_correction_angle_0_0_c_addsub_v12_0_14_lut6_legacy__parameterized3_283
INFO: [VRFC 10-311] analyzing module cfo_correction_angle_0_0_c_addsub_v12_0_14_lut6_legacy__parameterized3_291
INFO: [VRFC 10-311] analyzing module cfo_correction_angle_0_0_c_addsub_v12_0_14_lut6_legacy__parameterized3_297
INFO: [VRFC 10-311] analyzing module cfo_correction_angle_0_0_c_addsub_v12_0_14_lut6_legacy__parameterized3_301
INFO: [VRFC 10-311] analyzing module cfo_correction_angle_0_0_c_addsub_v12_0_14_lut6_legacy__parameterized3_309
INFO: [VRFC 10-311] analyzing module cfo_correction_angle_0_0_c_addsub_v12_0_14_lut6_legacy__parameterized3_315
INFO: [VRFC 10-311] analyzing module cfo_correction_angle_0_0_c_addsub_v12_0_14_lut6_legacy__parameterized3_319
INFO: [VRFC 10-311] analyzing module cfo_correction_angle_0_0_c_addsub_v12_0_14_lut6_legacy__parameterized3_327
INFO: [VRFC 10-311] analyzing module cfo_correction_angle_0_0_c_addsub_v12_0_14_lut6_legacy__parameterized3_333
INFO: [VRFC 10-311] analyzing module cfo_correction_angle_0_0_c_addsub_v12_0_14_lut6_legacy__parameterized3_337
INFO: [VRFC 10-311] analyzing module cfo_correction_angle_0_0_c_addsub_v12_0_14_lut6_legacy__parameterized3_345
INFO: [VRFC 10-311] analyzing module cfo_correction_angle_0_0_c_addsub_v12_0_14_lut6_legacy__parameterized3_351
INFO: [VRFC 10-311] analyzing module cfo_correction_angle_0_0_c_addsub_v12_0_14_lut6_legacy__parameterized3_355
INFO: [VRFC 10-311] analyzing module cfo_correction_angle_0_0_c_addsub_v12_0_14_lut6_legacy__parameterized3_36
INFO: [VRFC 10-311] analyzing module cfo_correction_angle_0_0_c_addsub_v12_0_14_lut6_legacy__parameterized3_363
INFO: [VRFC 10-311] analyzing module cfo_correction_angle_0_0_c_addsub_v12_0_14_lut6_legacy__parameterized3_369
INFO: [VRFC 10-311] analyzing module cfo_correction_angle_0_0_c_addsub_v12_0_14_lut6_legacy__parameterized3_373
INFO: [VRFC 10-311] analyzing module cfo_correction_angle_0_0_c_addsub_v12_0_14_lut6_legacy__parameterized3_381
INFO: [VRFC 10-311] analyzing module cfo_correction_angle_0_0_c_addsub_v12_0_14_lut6_legacy__parameterized3_387
INFO: [VRFC 10-311] analyzing module cfo_correction_angle_0_0_c_addsub_v12_0_14_lut6_legacy__parameterized3_391
INFO: [VRFC 10-311] analyzing module cfo_correction_angle_0_0_c_addsub_v12_0_14_lut6_legacy__parameterized3_399
INFO: [VRFC 10-311] analyzing module cfo_correction_angle_0_0_c_addsub_v12_0_14_lut6_legacy__parameterized3_405
INFO: [VRFC 10-311] analyzing module cfo_correction_angle_0_0_c_addsub_v12_0_14_lut6_legacy__parameterized3_409
INFO: [VRFC 10-311] analyzing module cfo_correction_angle_0_0_c_addsub_v12_0_14_lut6_legacy__parameterized3_417
INFO: [VRFC 10-311] analyzing module cfo_correction_angle_0_0_c_addsub_v12_0_14_lut6_legacy__parameterized3_42
INFO: [VRFC 10-311] analyzing module cfo_correction_angle_0_0_c_addsub_v12_0_14_lut6_legacy__parameterized3_423
INFO: [VRFC 10-311] analyzing module cfo_correction_angle_0_0_c_addsub_v12_0_14_lut6_legacy__parameterized3_427
INFO: [VRFC 10-311] analyzing module cfo_correction_angle_0_0_c_addsub_v12_0_14_lut6_legacy__parameterized3_435
INFO: [VRFC 10-311] analyzing module cfo_correction_angle_0_0_c_addsub_v12_0_14_lut6_legacy__parameterized3_441
INFO: [VRFC 10-311] analyzing module cfo_correction_angle_0_0_c_addsub_v12_0_14_lut6_legacy__parameterized3_445
INFO: [VRFC 10-311] analyzing module cfo_correction_angle_0_0_c_addsub_v12_0_14_lut6_legacy__parameterized3_453
INFO: [VRFC 10-311] analyzing module cfo_correction_angle_0_0_c_addsub_v12_0_14_lut6_legacy__parameterized3_459
INFO: [VRFC 10-311] analyzing module cfo_correction_angle_0_0_c_addsub_v12_0_14_lut6_legacy__parameterized3_46
INFO: [VRFC 10-311] analyzing module cfo_correction_angle_0_0_c_addsub_v12_0_14_lut6_legacy__parameterized3_463
INFO: [VRFC 10-311] analyzing module cfo_correction_angle_0_0_c_addsub_v12_0_14_lut6_legacy__parameterized3_471
INFO: [VRFC 10-311] analyzing module cfo_correction_angle_0_0_c_addsub_v12_0_14_lut6_legacy__parameterized3_477
INFO: [VRFC 10-311] analyzing module cfo_correction_angle_0_0_c_addsub_v12_0_14_lut6_legacy__parameterized3_481
INFO: [VRFC 10-311] analyzing module cfo_correction_angle_0_0_c_addsub_v12_0_14_lut6_legacy__parameterized3_489
INFO: [VRFC 10-311] analyzing module cfo_correction_angle_0_0_c_addsub_v12_0_14_lut6_legacy__parameterized3_495
INFO: [VRFC 10-311] analyzing module cfo_correction_angle_0_0_c_addsub_v12_0_14_lut6_legacy__parameterized3_499
INFO: [VRFC 10-311] analyzing module cfo_correction_angle_0_0_c_addsub_v12_0_14_lut6_legacy__parameterized3_507
INFO: [VRFC 10-311] analyzing module cfo_correction_angle_0_0_c_addsub_v12_0_14_lut6_legacy__parameterized3_513
INFO: [VRFC 10-311] analyzing module cfo_correction_angle_0_0_c_addsub_v12_0_14_lut6_legacy__parameterized3_517
INFO: [VRFC 10-311] analyzing module cfo_correction_angle_0_0_c_addsub_v12_0_14_lut6_legacy__parameterized3_525
INFO: [VRFC 10-311] analyzing module cfo_correction_angle_0_0_c_addsub_v12_0_14_lut6_legacy__parameterized3_531
INFO: [VRFC 10-311] analyzing module cfo_correction_angle_0_0_c_addsub_v12_0_14_lut6_legacy__parameterized3_535
INFO: [VRFC 10-311] analyzing module cfo_correction_angle_0_0_c_addsub_v12_0_14_lut6_legacy__parameterized3_54
INFO: [VRFC 10-311] analyzing module cfo_correction_angle_0_0_c_addsub_v12_0_14_lut6_legacy__parameterized3_60
INFO: [VRFC 10-311] analyzing module cfo_correction_angle_0_0_c_addsub_v12_0_14_lut6_legacy__parameterized3_64
INFO: [VRFC 10-311] analyzing module cfo_correction_angle_0_0_c_addsub_v12_0_14_lut6_legacy__parameterized3_72
INFO: [VRFC 10-311] analyzing module cfo_correction_angle_0_0_c_addsub_v12_0_14_lut6_legacy__parameterized3_78
INFO: [VRFC 10-311] analyzing module cfo_correction_angle_0_0_c_addsub_v12_0_14_lut6_legacy__parameterized3_82
INFO: [VRFC 10-311] analyzing module cfo_correction_angle_0_0_c_addsub_v12_0_14_lut6_legacy__parameterized3_9
INFO: [VRFC 10-311] analyzing module cfo_correction_angle_0_0_c_addsub_v12_0_14_lut6_legacy__parameterized3_90
INFO: [VRFC 10-311] analyzing module cfo_correction_angle_0_0_c_addsub_v12_0_14_lut6_legacy__parameterized3_96
INFO: [VRFC 10-311] analyzing module cfo_correction_angle_0_0_c_addsub_v12_0_14_viv
INFO: [VRFC 10-311] analyzing module cfo_correction_angle_0_0_c_addsub_v12_0_14_viv__parameterized1
INFO: [VRFC 10-311] analyzing module cfo_correction_angle_0_0_c_addsub_v12_0_14_viv__parameterized3
INFO: [VRFC 10-311] analyzing module cfo_correction_angle_0_0_c_addsub_v12_0_14_viv__parameterized3__1
INFO: [VRFC 10-311] analyzing module cfo_correction_angle_0_0_c_addsub_v12_0_14_viv__parameterized3__10
INFO: [VRFC 10-311] analyzing module cfo_correction_angle_0_0_c_addsub_v12_0_14_viv__parameterized3__11
INFO: [VRFC 10-311] analyzing module cfo_correction_angle_0_0_c_addsub_v12_0_14_viv__parameterized3__12
INFO: [VRFC 10-311] analyzing module cfo_correction_angle_0_0_c_addsub_v12_0_14_viv__parameterized3__13
INFO: [VRFC 10-311] analyzing module cfo_correction_angle_0_0_c_addsub_v12_0_14_viv__parameterized3__14
INFO: [VRFC 10-311] analyzing module cfo_correction_angle_0_0_c_addsub_v12_0_14_viv__parameterized3__15
INFO: [VRFC 10-311] analyzing module cfo_correction_angle_0_0_c_addsub_v12_0_14_viv__parameterized3__16
INFO: [VRFC 10-311] analyzing module cfo_correction_angle_0_0_c_addsub_v12_0_14_viv__parameterized3__17
INFO: [VRFC 10-311] analyzing module cfo_correction_angle_0_0_c_addsub_v12_0_14_viv__parameterized3__18
INFO: [VRFC 10-311] analyzing module cfo_correction_angle_0_0_c_addsub_v12_0_14_viv__parameterized3__19
INFO: [VRFC 10-311] analyzing module cfo_correction_angle_0_0_c_addsub_v12_0_14_viv__parameterized3__2
INFO: [VRFC 10-311] analyzing module cfo_correction_angle_0_0_c_addsub_v12_0_14_viv__parameterized3__20
INFO: [VRFC 10-311] analyzing module cfo_correction_angle_0_0_c_addsub_v12_0_14_viv__parameterized3__21
INFO: [VRFC 10-311] analyzing module cfo_correction_angle_0_0_c_addsub_v12_0_14_viv__parameterized3__22
INFO: [VRFC 10-311] analyzing module cfo_correction_angle_0_0_c_addsub_v12_0_14_viv__parameterized3__23
INFO: [VRFC 10-311] analyzing module cfo_correction_angle_0_0_c_addsub_v12_0_14_viv__parameterized3__24
INFO: [VRFC 10-311] analyzing module cfo_correction_angle_0_0_c_addsub_v12_0_14_viv__parameterized3__25
INFO: [VRFC 10-311] analyzing module cfo_correction_angle_0_0_c_addsub_v12_0_14_viv__parameterized3__26
INFO: [VRFC 10-311] analyzing module cfo_correction_angle_0_0_c_addsub_v12_0_14_viv__parameterized3__27
INFO: [VRFC 10-311] analyzing module cfo_correction_angle_0_0_c_addsub_v12_0_14_viv__parameterized3__28
INFO: [VRFC 10-311] analyzing module cfo_correction_angle_0_0_c_addsub_v12_0_14_viv__parameterized3__29
INFO: [VRFC 10-311] analyzing module cfo_correction_angle_0_0_c_addsub_v12_0_14_viv__parameterized3__3
INFO: [VRFC 10-311] analyzing module cfo_correction_angle_0_0_c_addsub_v12_0_14_viv__parameterized3__30
INFO: [VRFC 10-311] analyzing module cfo_correction_angle_0_0_c_addsub_v12_0_14_viv__parameterized3__31
INFO: [VRFC 10-311] analyzing module cfo_correction_angle_0_0_c_addsub_v12_0_14_viv__parameterized3__32
INFO: [VRFC 10-311] analyzing module cfo_correction_angle_0_0_c_addsub_v12_0_14_viv__parameterized3__33
INFO: [VRFC 10-311] analyzing module cfo_correction_angle_0_0_c_addsub_v12_0_14_viv__parameterized3__34
INFO: [VRFC 10-311] analyzing module cfo_correction_angle_0_0_c_addsub_v12_0_14_viv__parameterized3__35
INFO: [VRFC 10-311] analyzing module cfo_correction_angle_0_0_c_addsub_v12_0_14_viv__parameterized3__36
INFO: [VRFC 10-311] analyzing module cfo_correction_angle_0_0_c_addsub_v12_0_14_viv__parameterized3__37
INFO: [VRFC 10-311] analyzing module cfo_correction_angle_0_0_c_addsub_v12_0_14_viv__parameterized3__38
INFO: [VRFC 10-311] analyzing module cfo_correction_angle_0_0_c_addsub_v12_0_14_viv__parameterized3__39
INFO: [VRFC 10-311] analyzing module cfo_correction_angle_0_0_c_addsub_v12_0_14_viv__parameterized3__4
INFO: [VRFC 10-311] analyzing module cfo_correction_angle_0_0_c_addsub_v12_0_14_viv__parameterized3__40
INFO: [VRFC 10-311] analyzing module cfo_correction_angle_0_0_c_addsub_v12_0_14_viv__parameterized3__41
INFO: [VRFC 10-311] analyzing module cfo_correction_angle_0_0_c_addsub_v12_0_14_viv__parameterized3__42
INFO: [VRFC 10-311] analyzing module cfo_correction_angle_0_0_c_addsub_v12_0_14_viv__parameterized3__43
INFO: [VRFC 10-311] analyzing module cfo_correction_angle_0_0_c_addsub_v12_0_14_viv__parameterized3__44
INFO: [VRFC 10-311] analyzing module cfo_correction_angle_0_0_c_addsub_v12_0_14_viv__parameterized3__45
INFO: [VRFC 10-311] analyzing module cfo_correction_angle_0_0_c_addsub_v12_0_14_viv__parameterized3__46
INFO: [VRFC 10-311] analyzing module cfo_correction_angle_0_0_c_addsub_v12_0_14_viv__parameterized3__47
INFO: [VRFC 10-311] analyzing module cfo_correction_angle_0_0_c_addsub_v12_0_14_viv__parameterized3__48
INFO: [VRFC 10-311] analyzing module cfo_correction_angle_0_0_c_addsub_v12_0_14_viv__parameterized3__49
INFO: [VRFC 10-311] analyzing module cfo_correction_angle_0_0_c_addsub_v12_0_14_viv__parameterized3__5
INFO: [VRFC 10-311] analyzing module cfo_correction_angle_0_0_c_addsub_v12_0_14_viv__parameterized3__50
INFO: [VRFC 10-311] analyzing module cfo_correction_angle_0_0_c_addsub_v12_0_14_viv__parameterized3__51
INFO: [VRFC 10-311] analyzing module cfo_correction_angle_0_0_c_addsub_v12_0_14_viv__parameterized3__52
INFO: [VRFC 10-311] analyzing module cfo_correction_angle_0_0_c_addsub_v12_0_14_viv__parameterized3__53
INFO: [VRFC 10-311] analyzing module cfo_correction_angle_0_0_c_addsub_v12_0_14_viv__parameterized3__54
INFO: [VRFC 10-311] analyzing module cfo_correction_angle_0_0_c_addsub_v12_0_14_viv__parameterized3__55
INFO: [VRFC 10-311] analyzing module cfo_correction_angle_0_0_c_addsub_v12_0_14_viv__parameterized3__56
INFO: [VRFC 10-311] analyzing module cfo_correction_angle_0_0_c_addsub_v12_0_14_viv__parameterized3__57
INFO: [VRFC 10-311] analyzing module cfo_correction_angle_0_0_c_addsub_v12_0_14_viv__parameterized3__58
INFO: [VRFC 10-311] analyzing module cfo_correction_angle_0_0_c_addsub_v12_0_14_viv__parameterized3__59
INFO: [VRFC 10-311] analyzing module cfo_correction_angle_0_0_c_addsub_v12_0_14_viv__parameterized3__6
INFO: [VRFC 10-311] analyzing module cfo_correction_angle_0_0_c_addsub_v12_0_14_viv__parameterized3__60
INFO: [VRFC 10-311] analyzing module cfo_correction_angle_0_0_c_addsub_v12_0_14_viv__parameterized3__61
INFO: [VRFC 10-311] analyzing module cfo_correction_angle_0_0_c_addsub_v12_0_14_viv__parameterized3__62
INFO: [VRFC 10-311] analyzing module cfo_correction_angle_0_0_c_addsub_v12_0_14_viv__parameterized3__63
INFO: [VRFC 10-311] analyzing module cfo_correction_angle_0_0_c_addsub_v12_0_14_viv__parameterized3__64
INFO: [VRFC 10-311] analyzing module cfo_correction_angle_0_0_c_addsub_v12_0_14_viv__parameterized3__65
INFO: [VRFC 10-311] analyzing module cfo_correction_angle_0_0_c_addsub_v12_0_14_viv__parameterized3__66
INFO: [VRFC 10-311] analyzing module cfo_correction_angle_0_0_c_addsub_v12_0_14_viv__parameterized3__67
INFO: [VRFC 10-311] analyzing module cfo_correction_angle_0_0_c_addsub_v12_0_14_viv__parameterized3__68
INFO: [VRFC 10-311] analyzing module cfo_correction_angle_0_0_c_addsub_v12_0_14_viv__parameterized3__69
INFO: [VRFC 10-311] analyzing module cfo_correction_angle_0_0_c_addsub_v12_0_14_viv__parameterized3__7
INFO: [VRFC 10-311] analyzing module cfo_correction_angle_0_0_c_addsub_v12_0_14_viv__parameterized3__70
INFO: [VRFC 10-311] analyzing module cfo_correction_angle_0_0_c_addsub_v12_0_14_viv__parameterized3__71
INFO: [VRFC 10-311] analyzing module cfo_correction_angle_0_0_c_addsub_v12_0_14_viv__parameterized3__72
INFO: [VRFC 10-311] analyzing module cfo_correction_angle_0_0_c_addsub_v12_0_14_viv__parameterized3__73
INFO: [VRFC 10-311] analyzing module cfo_correction_angle_0_0_c_addsub_v12_0_14_viv__parameterized3__74
INFO: [VRFC 10-311] analyzing module cfo_correction_angle_0_0_c_addsub_v12_0_14_viv__parameterized3__75
INFO: [VRFC 10-311] analyzing module cfo_correction_angle_0_0_c_addsub_v12_0_14_viv__parameterized3__76
INFO: [VRFC 10-311] analyzing module cfo_correction_angle_0_0_c_addsub_v12_0_14_viv__parameterized3__77
INFO: [VRFC 10-311] analyzing module cfo_correction_angle_0_0_c_addsub_v12_0_14_viv__parameterized3__78
INFO: [VRFC 10-311] analyzing module cfo_correction_angle_0_0_c_addsub_v12_0_14_viv__parameterized3__79
INFO: [VRFC 10-311] analyzing module cfo_correction_angle_0_0_c_addsub_v12_0_14_viv__parameterized3__8
INFO: [VRFC 10-311] analyzing module cfo_correction_angle_0_0_c_addsub_v12_0_14_viv__parameterized3__80
INFO: [VRFC 10-311] analyzing module cfo_correction_angle_0_0_c_addsub_v12_0_14_viv__parameterized3__81
INFO: [VRFC 10-311] analyzing module cfo_correction_angle_0_0_c_addsub_v12_0_14_viv__parameterized3__82
INFO: [VRFC 10-311] analyzing module cfo_correction_angle_0_0_c_addsub_v12_0_14_viv__parameterized3__83
INFO: [VRFC 10-311] analyzing module cfo_correction_angle_0_0_c_addsub_v12_0_14_viv__parameterized3__84
INFO: [VRFC 10-311] analyzing module cfo_correction_angle_0_0_c_addsub_v12_0_14_viv__parameterized3__85
INFO: [VRFC 10-311] analyzing module cfo_correction_angle_0_0_c_addsub_v12_0_14_viv__parameterized3__86
INFO: [VRFC 10-311] analyzing module cfo_correction_angle_0_0_c_addsub_v12_0_14_viv__parameterized3__87
INFO: [VRFC 10-311] analyzing module cfo_correction_angle_0_0_c_addsub_v12_0_14_viv__parameterized3__89
INFO: [VRFC 10-311] analyzing module cfo_correction_angle_0_0_c_addsub_v12_0_14_viv__parameterized3__9
INFO: [VRFC 10-311] analyzing module cfo_correction_angle_0_0_c_addsub_v12_0_14_viv__parameterized3__90
INFO: [VRFC 10-311] analyzing module cfo_correction_angle_0_0_c_reg_fd_v12_0_6_viv
INFO: [VRFC 10-311] analyzing module cfo_correction_angle_0_0_c_reg_fd_v12_0_6_viv_6
INFO: [VRFC 10-311] analyzing module cfo_correction_angle_0_0_c_reg_fd_v12_0_6_viv__parameterized2
INFO: [VRFC 10-311] analyzing module cfo_correction_angle_0_0_c_reg_fd_v12_0_6_viv__parameterized2_10
INFO: [VRFC 10-311] analyzing module cfo_correction_angle_0_0_c_reg_fd_v12_0_6_viv__parameterized2_101
INFO: [VRFC 10-311] analyzing module cfo_correction_angle_0_0_c_reg_fd_v12_0_6_viv__parameterized2_109
INFO: [VRFC 10-311] analyzing module cfo_correction_angle_0_0_c_reg_fd_v12_0_6_viv__parameterized2_115
INFO: [VRFC 10-311] analyzing module cfo_correction_angle_0_0_c_reg_fd_v12_0_6_viv__parameterized2_119
INFO: [VRFC 10-311] analyzing module cfo_correction_angle_0_0_c_reg_fd_v12_0_6_viv__parameterized2_127
INFO: [VRFC 10-311] analyzing module cfo_correction_angle_0_0_c_reg_fd_v12_0_6_viv__parameterized2_133
INFO: [VRFC 10-311] analyzing module cfo_correction_angle_0_0_c_reg_fd_v12_0_6_viv__parameterized2_137
INFO: [VRFC 10-311] analyzing module cfo_correction_angle_0_0_c_reg_fd_v12_0_6_viv__parameterized2_14
INFO: [VRFC 10-311] analyzing module cfo_correction_angle_0_0_c_reg_fd_v12_0_6_viv__parameterized2_145
INFO: [VRFC 10-311] analyzing module cfo_correction_angle_0_0_c_reg_fd_v12_0_6_viv__parameterized2_151
INFO: [VRFC 10-311] analyzing module cfo_correction_angle_0_0_c_reg_fd_v12_0_6_viv__parameterized2_155
INFO: [VRFC 10-311] analyzing module cfo_correction_angle_0_0_c_reg_fd_v12_0_6_viv__parameterized2_163
INFO: [VRFC 10-311] analyzing module cfo_correction_angle_0_0_c_reg_fd_v12_0_6_viv__parameterized2_170
INFO: [VRFC 10-311] analyzing module cfo_correction_angle_0_0_c_reg_fd_v12_0_6_viv__parameterized2_175
INFO: [VRFC 10-311] analyzing module cfo_correction_angle_0_0_c_reg_fd_v12_0_6_viv__parameterized2_184
INFO: [VRFC 10-311] analyzing module cfo_correction_angle_0_0_c_reg_fd_v12_0_6_viv__parameterized2_19
INFO: [VRFC 10-311] analyzing module cfo_correction_angle_0_0_c_reg_fd_v12_0_6_viv__parameterized2_190
INFO: [VRFC 10-311] analyzing module cfo_correction_angle_0_0_c_reg_fd_v12_0_6_viv__parameterized2_194
INFO: [VRFC 10-311] analyzing module cfo_correction_angle_0_0_c_reg_fd_v12_0_6_viv__parameterized2_202
INFO: [VRFC 10-311] analyzing module cfo_correction_angle_0_0_c_reg_fd_v12_0_6_viv__parameterized2_208
INFO: [VRFC 10-311] analyzing module cfo_correction_angle_0_0_c_reg_fd_v12_0_6_viv__parameterized2_212
INFO: [VRFC 10-311] analyzing module cfo_correction_angle_0_0_c_reg_fd_v12_0_6_viv__parameterized2_220
INFO: [VRFC 10-311] analyzing module cfo_correction_angle_0_0_c_reg_fd_v12_0_6_viv__parameterized2_226
INFO: [VRFC 10-311] analyzing module cfo_correction_angle_0_0_c_reg_fd_v12_0_6_viv__parameterized2_230
INFO: [VRFC 10-311] analyzing module cfo_correction_angle_0_0_c_reg_fd_v12_0_6_viv__parameterized2_238
INFO: [VRFC 10-311] analyzing module cfo_correction_angle_0_0_c_reg_fd_v12_0_6_viv__parameterized2_244
INFO: [VRFC 10-311] analyzing module cfo_correction_angle_0_0_c_reg_fd_v12_0_6_viv__parameterized2_248
INFO: [VRFC 10-311] analyzing module cfo_correction_angle_0_0_c_reg_fd_v12_0_6_viv__parameterized2_25
INFO: [VRFC 10-311] analyzing module cfo_correction_angle_0_0_c_reg_fd_v12_0_6_viv__parameterized2_256
INFO: [VRFC 10-311] analyzing module cfo_correction_angle_0_0_c_reg_fd_v12_0_6_viv__parameterized2_262
INFO: [VRFC 10-311] analyzing module cfo_correction_angle_0_0_c_reg_fd_v12_0_6_viv__parameterized2_266
INFO: [VRFC 10-311] analyzing module cfo_correction_angle_0_0_c_reg_fd_v12_0_6_viv__parameterized2_274
INFO: [VRFC 10-311] analyzing module cfo_correction_angle_0_0_c_reg_fd_v12_0_6_viv__parameterized2_280
INFO: [VRFC 10-311] analyzing module cfo_correction_angle_0_0_c_reg_fd_v12_0_6_viv__parameterized2_284
INFO: [VRFC 10-311] analyzing module cfo_correction_angle_0_0_c_reg_fd_v12_0_6_viv__parameterized2_29
INFO: [VRFC 10-311] analyzing module cfo_correction_angle_0_0_c_reg_fd_v12_0_6_viv__parameterized2_292
INFO: [VRFC 10-311] analyzing module cfo_correction_angle_0_0_c_reg_fd_v12_0_6_viv__parameterized2_298
INFO: [VRFC 10-311] analyzing module cfo_correction_angle_0_0_c_reg_fd_v12_0_6_viv__parameterized2_302
INFO: [VRFC 10-311] analyzing module cfo_correction_angle_0_0_c_reg_fd_v12_0_6_viv__parameterized2_310
INFO: [VRFC 10-311] analyzing module cfo_correction_angle_0_0_c_reg_fd_v12_0_6_viv__parameterized2_316
INFO: [VRFC 10-311] analyzing module cfo_correction_angle_0_0_c_reg_fd_v12_0_6_viv__parameterized2_320
INFO: [VRFC 10-311] analyzing module cfo_correction_angle_0_0_c_reg_fd_v12_0_6_viv__parameterized2_328
INFO: [VRFC 10-311] analyzing module cfo_correction_angle_0_0_c_reg_fd_v12_0_6_viv__parameterized2_334
INFO: [VRFC 10-311] analyzing module cfo_correction_angle_0_0_c_reg_fd_v12_0_6_viv__parameterized2_338
INFO: [VRFC 10-311] analyzing module cfo_correction_angle_0_0_c_reg_fd_v12_0_6_viv__parameterized2_346
INFO: [VRFC 10-311] analyzing module cfo_correction_angle_0_0_c_reg_fd_v12_0_6_viv__parameterized2_352
INFO: [VRFC 10-311] analyzing module cfo_correction_angle_0_0_c_reg_fd_v12_0_6_viv__parameterized2_356
INFO: [VRFC 10-311] analyzing module cfo_correction_angle_0_0_c_reg_fd_v12_0_6_viv__parameterized2_364
INFO: [VRFC 10-311] analyzing module cfo_correction_angle_0_0_c_reg_fd_v12_0_6_viv__parameterized2_37
INFO: [VRFC 10-311] analyzing module cfo_correction_angle_0_0_c_reg_fd_v12_0_6_viv__parameterized2_370
INFO: [VRFC 10-311] analyzing module cfo_correction_angle_0_0_c_reg_fd_v12_0_6_viv__parameterized2_374
INFO: [VRFC 10-311] analyzing module cfo_correction_angle_0_0_c_reg_fd_v12_0_6_viv__parameterized2_382
INFO: [VRFC 10-311] analyzing module cfo_correction_angle_0_0_c_reg_fd_v12_0_6_viv__parameterized2_388
INFO: [VRFC 10-311] analyzing module cfo_correction_angle_0_0_c_reg_fd_v12_0_6_viv__parameterized2_392
INFO: [VRFC 10-311] analyzing module cfo_correction_angle_0_0_c_reg_fd_v12_0_6_viv__parameterized2_400
INFO: [VRFC 10-311] analyzing module cfo_correction_angle_0_0_c_reg_fd_v12_0_6_viv__parameterized2_406
INFO: [VRFC 10-311] analyzing module cfo_correction_angle_0_0_c_reg_fd_v12_0_6_viv__parameterized2_410
INFO: [VRFC 10-311] analyzing module cfo_correction_angle_0_0_c_reg_fd_v12_0_6_viv__parameterized2_418
INFO: [VRFC 10-311] analyzing module cfo_correction_angle_0_0_c_reg_fd_v12_0_6_viv__parameterized2_424
INFO: [VRFC 10-311] analyzing module cfo_correction_angle_0_0_c_reg_fd_v12_0_6_viv__parameterized2_428
INFO: [VRFC 10-311] analyzing module cfo_correction_angle_0_0_c_reg_fd_v12_0_6_viv__parameterized2_43
INFO: [VRFC 10-311] analyzing module cfo_correction_angle_0_0_c_reg_fd_v12_0_6_viv__parameterized2_436
INFO: [VRFC 10-311] analyzing module cfo_correction_angle_0_0_c_reg_fd_v12_0_6_viv__parameterized2_442
INFO: [VRFC 10-311] analyzing module cfo_correction_angle_0_0_c_reg_fd_v12_0_6_viv__parameterized2_446
INFO: [VRFC 10-311] analyzing module cfo_correction_angle_0_0_c_reg_fd_v12_0_6_viv__parameterized2_454
INFO: [VRFC 10-311] analyzing module cfo_correction_angle_0_0_c_reg_fd_v12_0_6_viv__parameterized2_460
INFO: [VRFC 10-311] analyzing module cfo_correction_angle_0_0_c_reg_fd_v12_0_6_viv__parameterized2_464
INFO: [VRFC 10-311] analyzing module cfo_correction_angle_0_0_c_reg_fd_v12_0_6_viv__parameterized2_47
INFO: [VRFC 10-311] analyzing module cfo_correction_angle_0_0_c_reg_fd_v12_0_6_viv__parameterized2_472
INFO: [VRFC 10-311] analyzing module cfo_correction_angle_0_0_c_reg_fd_v12_0_6_viv__parameterized2_478
INFO: [VRFC 10-311] analyzing module cfo_correction_angle_0_0_c_reg_fd_v12_0_6_viv__parameterized2_482
INFO: [VRFC 10-311] analyzing module cfo_correction_angle_0_0_c_reg_fd_v12_0_6_viv__parameterized2_490
INFO: [VRFC 10-311] analyzing module cfo_correction_angle_0_0_c_reg_fd_v12_0_6_viv__parameterized2_496
INFO: [VRFC 10-311] analyzing module cfo_correction_angle_0_0_c_reg_fd_v12_0_6_viv__parameterized2_500
INFO: [VRFC 10-311] analyzing module cfo_correction_angle_0_0_c_reg_fd_v12_0_6_viv__parameterized2_508
INFO: [VRFC 10-311] analyzing module cfo_correction_angle_0_0_c_reg_fd_v12_0_6_viv__parameterized2_514
INFO: [VRFC 10-311] analyzing module cfo_correction_angle_0_0_c_reg_fd_v12_0_6_viv__parameterized2_518
INFO: [VRFC 10-311] analyzing module cfo_correction_angle_0_0_c_reg_fd_v12_0_6_viv__parameterized2_526
INFO: [VRFC 10-311] analyzing module cfo_correction_angle_0_0_c_reg_fd_v12_0_6_viv__parameterized2_532
INFO: [VRFC 10-311] analyzing module cfo_correction_angle_0_0_c_reg_fd_v12_0_6_viv__parameterized2_536
INFO: [VRFC 10-311] analyzing module cfo_correction_angle_0_0_c_reg_fd_v12_0_6_viv__parameterized2_55
INFO: [VRFC 10-311] analyzing module cfo_correction_angle_0_0_c_reg_fd_v12_0_6_viv__parameterized2_61
INFO: [VRFC 10-311] analyzing module cfo_correction_angle_0_0_c_reg_fd_v12_0_6_viv__parameterized2_65
INFO: [VRFC 10-311] analyzing module cfo_correction_angle_0_0_c_reg_fd_v12_0_6_viv__parameterized2_73
INFO: [VRFC 10-311] analyzing module cfo_correction_angle_0_0_c_reg_fd_v12_0_6_viv__parameterized2_79
INFO: [VRFC 10-311] analyzing module cfo_correction_angle_0_0_c_reg_fd_v12_0_6_viv__parameterized2_83
INFO: [VRFC 10-311] analyzing module cfo_correction_angle_0_0_c_reg_fd_v12_0_6_viv__parameterized2_91
INFO: [VRFC 10-311] analyzing module cfo_correction_angle_0_0_c_reg_fd_v12_0_6_viv__parameterized2_97
INFO: [VRFC 10-311] analyzing module cfo_correction_angle_0_0_cordic_ctrl_slice_par
INFO: [VRFC 10-311] analyzing module cfo_correction_angle_0_0_cordic_ctrl_slice_par_103
INFO: [VRFC 10-311] analyzing module cfo_correction_angle_0_0_cordic_ctrl_slice_par_121
INFO: [VRFC 10-311] analyzing module cfo_correction_angle_0_0_cordic_ctrl_slice_par_139
INFO: [VRFC 10-311] analyzing module cfo_correction_angle_0_0_cordic_ctrl_slice_par_157
INFO: [VRFC 10-311] analyzing module cfo_correction_angle_0_0_cordic_ctrl_slice_par_164
INFO: [VRFC 10-311] analyzing module cfo_correction_angle_0_0_cordic_ctrl_slice_par_178
INFO: [VRFC 10-311] analyzing module cfo_correction_angle_0_0_cordic_ctrl_slice_par_196
INFO: [VRFC 10-311] analyzing module cfo_correction_angle_0_0_cordic_ctrl_slice_par_214
INFO: [VRFC 10-311] analyzing module cfo_correction_angle_0_0_cordic_ctrl_slice_par_232
INFO: [VRFC 10-311] analyzing module cfo_correction_angle_0_0_cordic_ctrl_slice_par_250
INFO: [VRFC 10-311] analyzing module cfo_correction_angle_0_0_cordic_ctrl_slice_par_268
INFO: [VRFC 10-311] analyzing module cfo_correction_angle_0_0_cordic_ctrl_slice_par_286
INFO: [VRFC 10-311] analyzing module cfo_correction_angle_0_0_cordic_ctrl_slice_par_304
INFO: [VRFC 10-311] analyzing module cfo_correction_angle_0_0_cordic_ctrl_slice_par_31
INFO: [VRFC 10-311] analyzing module cfo_correction_angle_0_0_cordic_ctrl_slice_par_322
INFO: [VRFC 10-311] analyzing module cfo_correction_angle_0_0_cordic_ctrl_slice_par_340
INFO: [VRFC 10-311] analyzing module cfo_correction_angle_0_0_cordic_ctrl_slice_par_358
INFO: [VRFC 10-311] analyzing module cfo_correction_angle_0_0_cordic_ctrl_slice_par_376
INFO: [VRFC 10-311] analyzing module cfo_correction_angle_0_0_cordic_ctrl_slice_par_394
INFO: [VRFC 10-311] analyzing module cfo_correction_angle_0_0_cordic_ctrl_slice_par_412
INFO: [VRFC 10-311] analyzing module cfo_correction_angle_0_0_cordic_ctrl_slice_par_430
INFO: [VRFC 10-311] analyzing module cfo_correction_angle_0_0_cordic_ctrl_slice_par_448
INFO: [VRFC 10-311] analyzing module cfo_correction_angle_0_0_cordic_ctrl_slice_par_466
INFO: [VRFC 10-311] analyzing module cfo_correction_angle_0_0_cordic_ctrl_slice_par_484
INFO: [VRFC 10-311] analyzing module cfo_correction_angle_0_0_cordic_ctrl_slice_par_49
INFO: [VRFC 10-311] analyzing module cfo_correction_angle_0_0_cordic_ctrl_slice_par_502
INFO: [VRFC 10-311] analyzing module cfo_correction_angle_0_0_cordic_ctrl_slice_par_520
INFO: [VRFC 10-311] analyzing module cfo_correction_angle_0_0_cordic_ctrl_slice_par_67
INFO: [VRFC 10-311] analyzing module cfo_correction_angle_0_0_cordic_ctrl_slice_par_85
INFO: [VRFC 10-311] analyzing module cfo_correction_angle_0_0_cordic_dat_acc_slice_par
INFO: [VRFC 10-311] analyzing module cfo_correction_angle_0_0_cordic_dat_acc_slice_par__parameterized1
INFO: [VRFC 10-311] analyzing module cfo_correction_angle_0_0_cordic_dat_acc_slice_par__parameterized11
INFO: [VRFC 10-311] analyzing module cfo_correction_angle_0_0_cordic_dat_acc_slice_par__parameterized13
INFO: [VRFC 10-311] analyzing module cfo_correction_angle_0_0_cordic_dat_acc_slice_par__parameterized15
INFO: [VRFC 10-311] analyzing module cfo_correction_angle_0_0_cordic_dat_acc_slice_par__parameterized17
INFO: [VRFC 10-311] analyzing module cfo_correction_angle_0_0_cordic_dat_acc_slice_par__parameterized19
INFO: [VRFC 10-311] analyzing module cfo_correction_angle_0_0_cordic_dat_acc_slice_par__parameterized21
INFO: [VRFC 10-311] analyzing module cfo_correction_angle_0_0_cordic_dat_acc_slice_par__parameterized23
INFO: [VRFC 10-311] analyzing module cfo_correction_angle_0_0_cordic_dat_acc_slice_par__parameterized25
INFO: [VRFC 10-311] analyzing module cfo_correction_angle_0_0_cordic_dat_acc_slice_par__parameterized27
INFO: [VRFC 10-311] analyzing module cfo_correction_angle_0_0_cordic_dat_acc_slice_par__parameterized29
INFO: [VRFC 10-311] analyzing module cfo_correction_angle_0_0_cordic_dat_acc_slice_par__parameterized3
INFO: [VRFC 10-311] analyzing module cfo_correction_angle_0_0_cordic_dat_acc_slice_par__parameterized31
INFO: [VRFC 10-311] analyzing module cfo_correction_angle_0_0_cordic_dat_acc_slice_par__parameterized33
INFO: [VRFC 10-311] analyzing module cfo_correction_angle_0_0_cordic_dat_acc_slice_par__parameterized35
INFO: [VRFC 10-311] analyzing module cfo_correction_angle_0_0_cordic_dat_acc_slice_par__parameterized37
INFO: [VRFC 10-311] analyzing module cfo_correction_angle_0_0_cordic_dat_acc_slice_par__parameterized39
INFO: [VRFC 10-311] analyzing module cfo_correction_angle_0_0_cordic_dat_acc_slice_par__parameterized41
INFO: [VRFC 10-311] analyzing module cfo_correction_angle_0_0_cordic_dat_acc_slice_par__parameterized43
INFO: [VRFC 10-311] analyzing module cfo_correction_angle_0_0_cordic_dat_acc_slice_par__parameterized45
INFO: [VRFC 10-311] analyzing module cfo_correction_angle_0_0_cordic_dat_acc_slice_par__parameterized47
INFO: [VRFC 10-311] analyzing module cfo_correction_angle_0_0_cordic_dat_acc_slice_par__parameterized49
INFO: [VRFC 10-311] analyzing module cfo_correction_angle_0_0_cordic_dat_acc_slice_par__parameterized5
INFO: [VRFC 10-311] analyzing module cfo_correction_angle_0_0_cordic_dat_acc_slice_par__parameterized51
INFO: [VRFC 10-311] analyzing module cfo_correction_angle_0_0_cordic_dat_acc_slice_par__parameterized53
INFO: [VRFC 10-311] analyzing module cfo_correction_angle_0_0_cordic_dat_acc_slice_par__parameterized55
INFO: [VRFC 10-311] analyzing module cfo_correction_angle_0_0_cordic_dat_acc_slice_par__parameterized7
INFO: [VRFC 10-311] analyzing module cfo_correction_angle_0_0_cordic_dat_acc_slice_par__parameterized9
INFO: [VRFC 10-311] analyzing module cfo_correction_angle_0_0_cordic_eng
INFO: [VRFC 10-311] analyzing module cfo_correction_angle_0_0_cordic_eng_slice_par
INFO: [VRFC 10-311] analyzing module cfo_correction_angle_0_0_cordic_eng_slice_par__parameterized1
INFO: [VRFC 10-311] analyzing module cfo_correction_angle_0_0_cordic_eng_slice_par__parameterized11
INFO: [VRFC 10-311] analyzing module cfo_correction_angle_0_0_cordic_eng_slice_par__parameterized13
INFO: [VRFC 10-311] analyzing module cfo_correction_angle_0_0_cordic_eng_slice_par__parameterized15
INFO: [VRFC 10-311] analyzing module cfo_correction_angle_0_0_cordic_eng_slice_par__parameterized17
INFO: [VRFC 10-311] analyzing module cfo_correction_angle_0_0_cordic_eng_slice_par__parameterized19
INFO: [VRFC 10-311] analyzing module cfo_correction_angle_0_0_cordic_eng_slice_par__parameterized21
INFO: [VRFC 10-311] analyzing module cfo_correction_angle_0_0_cordic_eng_slice_par__parameterized23
INFO: [VRFC 10-311] analyzing module cfo_correction_angle_0_0_cordic_eng_slice_par__parameterized25
INFO: [VRFC 10-311] analyzing module cfo_correction_angle_0_0_cordic_eng_slice_par__parameterized27
INFO: [VRFC 10-311] analyzing module cfo_correction_angle_0_0_cordic_eng_slice_par__parameterized29
INFO: [VRFC 10-311] analyzing module cfo_correction_angle_0_0_cordic_eng_slice_par__parameterized3
INFO: [VRFC 10-311] analyzing module cfo_correction_angle_0_0_cordic_eng_slice_par__parameterized31
INFO: [VRFC 10-311] analyzing module cfo_correction_angle_0_0_cordic_eng_slice_par__parameterized33
INFO: [VRFC 10-311] analyzing module cfo_correction_angle_0_0_cordic_eng_slice_par__parameterized35
INFO: [VRFC 10-311] analyzing module cfo_correction_angle_0_0_cordic_eng_slice_par__parameterized37
INFO: [VRFC 10-311] analyzing module cfo_correction_angle_0_0_cordic_eng_slice_par__parameterized39
INFO: [VRFC 10-311] analyzing module cfo_correction_angle_0_0_cordic_eng_slice_par__parameterized41
INFO: [VRFC 10-311] analyzing module cfo_correction_angle_0_0_cordic_eng_slice_par__parameterized43
INFO: [VRFC 10-311] analyzing module cfo_correction_angle_0_0_cordic_eng_slice_par__parameterized45
INFO: [VRFC 10-311] analyzing module cfo_correction_angle_0_0_cordic_eng_slice_par__parameterized47
INFO: [VRFC 10-311] analyzing module cfo_correction_angle_0_0_cordic_eng_slice_par__parameterized49
INFO: [VRFC 10-311] analyzing module cfo_correction_angle_0_0_cordic_eng_slice_par__parameterized5
INFO: [VRFC 10-311] analyzing module cfo_correction_angle_0_0_cordic_eng_slice_par__parameterized51
INFO: [VRFC 10-311] analyzing module cfo_correction_angle_0_0_cordic_eng_slice_par__parameterized53
INFO: [VRFC 10-311] analyzing module cfo_correction_angle_0_0_cordic_eng_slice_par__parameterized55
INFO: [VRFC 10-311] analyzing module cfo_correction_angle_0_0_cordic_eng_slice_par__parameterized57
INFO: [VRFC 10-311] analyzing module cfo_correction_angle_0_0_cordic_eng_slice_par__parameterized7
INFO: [VRFC 10-311] analyzing module cfo_correction_angle_0_0_cordic_eng_slice_par__parameterized9
INFO: [VRFC 10-311] analyzing module cfo_correction_angle_0_0_cordic_inp_config
INFO: [VRFC 10-311] analyzing module cfo_correction_angle_0_0_cordic_out_config
INFO: [VRFC 10-311] analyzing module cfo_correction_angle_0_0_cordic_pha_acc_slice_par
INFO: [VRFC 10-311] analyzing module cfo_correction_angle_0_0_cordic_pha_acc_slice_par_104
INFO: [VRFC 10-311] analyzing module cfo_correction_angle_0_0_cordic_pha_acc_slice_par_122
INFO: [VRFC 10-311] analyzing module cfo_correction_angle_0_0_cordic_pha_acc_slice_par_140
INFO: [VRFC 10-311] analyzing module cfo_correction_angle_0_0_cordic_pha_acc_slice_par_158
INFO: [VRFC 10-311] analyzing module cfo_correction_angle_0_0_cordic_pha_acc_slice_par_165
INFO: [VRFC 10-311] analyzing module cfo_correction_angle_0_0_cordic_pha_acc_slice_par_179
INFO: [VRFC 10-311] analyzing module cfo_correction_angle_0_0_cordic_pha_acc_slice_par_197
INFO: [VRFC 10-311] analyzing module cfo_correction_angle_0_0_cordic_pha_acc_slice_par_215
INFO: [VRFC 10-311] analyzing module cfo_correction_angle_0_0_cordic_pha_acc_slice_par_233
INFO: [VRFC 10-311] analyzing module cfo_correction_angle_0_0_cordic_pha_acc_slice_par_251
INFO: [VRFC 10-311] analyzing module cfo_correction_angle_0_0_cordic_pha_acc_slice_par_269
INFO: [VRFC 10-311] analyzing module cfo_correction_angle_0_0_cordic_pha_acc_slice_par_287
INFO: [VRFC 10-311] analyzing module cfo_correction_angle_0_0_cordic_pha_acc_slice_par_305
INFO: [VRFC 10-311] analyzing module cfo_correction_angle_0_0_cordic_pha_acc_slice_par_32
INFO: [VRFC 10-311] analyzing module cfo_correction_angle_0_0_cordic_pha_acc_slice_par_323
INFO: [VRFC 10-311] analyzing module cfo_correction_angle_0_0_cordic_pha_acc_slice_par_341
INFO: [VRFC 10-311] analyzing module cfo_correction_angle_0_0_cordic_pha_acc_slice_par_359
INFO: [VRFC 10-311] analyzing module cfo_correction_angle_0_0_cordic_pha_acc_slice_par_377
INFO: [VRFC 10-311] analyzing module cfo_correction_angle_0_0_cordic_pha_acc_slice_par_395
INFO: [VRFC 10-311] analyzing module cfo_correction_angle_0_0_cordic_pha_acc_slice_par_413
INFO: [VRFC 10-311] analyzing module cfo_correction_angle_0_0_cordic_pha_acc_slice_par_431
INFO: [VRFC 10-311] analyzing module cfo_correction_angle_0_0_cordic_pha_acc_slice_par_449
INFO: [VRFC 10-311] analyzing module cfo_correction_angle_0_0_cordic_pha_acc_slice_par_467
INFO: [VRFC 10-311] analyzing module cfo_correction_angle_0_0_cordic_pha_acc_slice_par_485
INFO: [VRFC 10-311] analyzing module cfo_correction_angle_0_0_cordic_pha_acc_slice_par_50
INFO: [VRFC 10-311] analyzing module cfo_correction_angle_0_0_cordic_pha_acc_slice_par_503
INFO: [VRFC 10-311] analyzing module cfo_correction_angle_0_0_cordic_pha_acc_slice_par_521
INFO: [VRFC 10-311] analyzing module cfo_correction_angle_0_0_cordic_pha_acc_slice_par_68
INFO: [VRFC 10-311] analyzing module cfo_correction_angle_0_0_cordic_pha_acc_slice_par_86
INFO: [VRFC 10-311] analyzing module cfo_correction_angle_0_0_cordic_round
INFO: [VRFC 10-311] analyzing module cfo_correction_angle_0_0_cordic_v6_0_18
INFO: [VRFC 10-311] analyzing module cfo_correction_angle_0_0_cordic_v6_0_18_synth
INFO: [VRFC 10-311] analyzing module cfo_correction_angle_0_0_cordic_v6_0_18_viv
INFO: [VRFC 10-311] analyzing module cfo_correction_angle_0_0_delay
INFO: [VRFC 10-311] analyzing module cfo_correction_angle_0_0_delay_0
INFO: [VRFC 10-311] analyzing module cfo_correction_angle_0_0_delay_2
INFO: [VRFC 10-311] analyzing module cfo_correction_angle_0_0_delay_3
INFO: [VRFC 10-311] analyzing module cfo_correction_angle_0_0_delay__parameterized4
INFO: [VRFC 10-311] analyzing module cfo_correction_angle_0_0_delay__parameterized4_176
INFO: [VRFC 10-311] analyzing module cfo_correction_angle_0_0_delay__parameterized8
INFO: [VRFC 10-311] analyzing module cfo_correction_angle_0_0_delay_bit
INFO: [VRFC 10-311] analyzing module cfo_correction_angle_0_0_delay_bit_1
INFO: [VRFC 10-311] analyzing module cfo_correction_angle_0_0_delay_bit__parameterized1
INFO: [VRFC 10-311] analyzing module cfo_correction_angle_0_0_delay_bit__parameterized1_102
INFO: [VRFC 10-311] analyzing module cfo_correction_angle_0_0_delay_bit__parameterized1_120
INFO: [VRFC 10-311] analyzing module cfo_correction_angle_0_0_delay_bit__parameterized1_138
INFO: [VRFC 10-311] analyzing module cfo_correction_angle_0_0_delay_bit__parameterized1_156
INFO: [VRFC 10-311] analyzing module cfo_correction_angle_0_0_delay_bit__parameterized1_177
INFO: [VRFC 10-311] analyzing module cfo_correction_angle_0_0_delay_bit__parameterized1_195
INFO: [VRFC 10-311] analyzing module cfo_correction_angle_0_0_delay_bit__parameterized1_213
INFO: [VRFC 10-311] analyzing module cfo_correction_angle_0_0_delay_bit__parameterized1_231
INFO: [VRFC 10-311] analyzing module cfo_correction_angle_0_0_delay_bit__parameterized1_249
INFO: [VRFC 10-311] analyzing module cfo_correction_angle_0_0_delay_bit__parameterized1_267
INFO: [VRFC 10-311] analyzing module cfo_correction_angle_0_0_delay_bit__parameterized1_285
INFO: [VRFC 10-311] analyzing module cfo_correction_angle_0_0_delay_bit__parameterized1_30
INFO: [VRFC 10-311] analyzing module cfo_correction_angle_0_0_delay_bit__parameterized1_303
INFO: [VRFC 10-311] analyzing module cfo_correction_angle_0_0_delay_bit__parameterized1_321
INFO: [VRFC 10-311] analyzing module cfo_correction_angle_0_0_delay_bit__parameterized1_339
INFO: [VRFC 10-311] analyzing module cfo_correction_angle_0_0_delay_bit__parameterized1_357
INFO: [VRFC 10-311] analyzing module cfo_correction_angle_0_0_delay_bit__parameterized1_375
INFO: [VRFC 10-311] analyzing module cfo_correction_angle_0_0_delay_bit__parameterized1_393
INFO: [VRFC 10-311] analyzing module cfo_correction_angle_0_0_delay_bit__parameterized1_411
INFO: [VRFC 10-311] analyzing module cfo_correction_angle_0_0_delay_bit__parameterized1_429
INFO: [VRFC 10-311] analyzing module cfo_correction_angle_0_0_delay_bit__parameterized1_447
INFO: [VRFC 10-311] analyzing module cfo_correction_angle_0_0_delay_bit__parameterized1_465
INFO: [VRFC 10-311] analyzing module cfo_correction_angle_0_0_delay_bit__parameterized1_48
INFO: [VRFC 10-311] analyzing module cfo_correction_angle_0_0_delay_bit__parameterized1_483
INFO: [VRFC 10-311] analyzing module cfo_correction_angle_0_0_delay_bit__parameterized1_501
INFO: [VRFC 10-311] analyzing module cfo_correction_angle_0_0_delay_bit__parameterized1_519
INFO: [VRFC 10-311] analyzing module cfo_correction_angle_0_0_delay_bit__parameterized1_537
INFO: [VRFC 10-311] analyzing module cfo_correction_angle_0_0_delay_bit__parameterized1_66
INFO: [VRFC 10-311] analyzing module cfo_correction_angle_0_0_delay_bit__parameterized1_84
INFO: [VRFC 10-311] analyzing module cfo_correction_angle_0_0_xbip_pipe_v3_0_6_viv
INFO: [VRFC 10-311] analyzing module cfo_correction_complex_mult_0_0_cmpy_3_dsp48
INFO: [VRFC 10-311] analyzing module cfo_correction_complex_mult_0_0_cmpy_3_dsp48_20
INFO: [VRFC 10-311] analyzing module cfo_correction_complex_mult_0_0_cmpy_3_dsp48_35
INFO: [VRFC 10-311] analyzing module cfo_correction_complex_mult_0_0_cmpy_3_dsp48_5
INFO: [VRFC 10-311] analyzing module cfo_correction_complex_mult_0_0_cmpy_3_dsp48_mult
INFO: [VRFC 10-311] analyzing module cfo_correction_complex_mult_0_0_cmpy_3_dsp48_mult_23
INFO: [VRFC 10-311] analyzing module cfo_correction_complex_mult_0_0_cmpy_3_dsp48_mult_38
INFO: [VRFC 10-311] analyzing module cfo_correction_complex_mult_0_0_cmpy_3_dsp48_mult_8
INFO: [VRFC 10-311] analyzing module cfo_correction_complex_mult_0_0_cmpy_3_dsp48_mult__parameterized0
INFO: [VRFC 10-311] analyzing module cfo_correction_complex_mult_0_0_cmpy_3_dsp48_mult__parameterized0_24
INFO: [VRFC 10-311] analyzing module cfo_correction_complex_mult_0_0_cmpy_3_dsp48_mult__parameterized0_39
INFO: [VRFC 10-311] analyzing module cfo_correction_complex_mult_0_0_cmpy_3_dsp48_mult__parameterized0_9
INFO: [VRFC 10-311] analyzing module cfo_correction_complex_mult_0_0_cmpy_3_dsp48_mult__parameterized1
INFO: [VRFC 10-311] analyzing module cfo_correction_complex_mult_0_0_cmpy_3_dsp48_mult__parameterized1_10
INFO: [VRFC 10-311] analyzing module cfo_correction_complex_mult_0_0_cmpy_3_dsp48_mult__parameterized1_25
INFO: [VRFC 10-311] analyzing module cfo_correction_complex_mult_0_0_cmpy_3_dsp48_mult__parameterized1_40
INFO: [VRFC 10-311] analyzing module cfo_correction_complex_mult_0_0_cmpy_v6_0_21
INFO: [VRFC 10-311] analyzing module cfo_correction_complex_mult_0_0_cmpy_v6_0_21__1
INFO: [VRFC 10-311] analyzing module cfo_correction_complex_mult_0_0_cmpy_v6_0_21__2
INFO: [VRFC 10-311] analyzing module cfo_correction_complex_mult_0_0_cmpy_v6_0_21__3
INFO: [VRFC 10-311] analyzing module cfo_correction_complex_mult_0_0_cmpy_v6_0_21_delay_line
INFO: [VRFC 10-311] analyzing module cfo_correction_complex_mult_0_0_cmpy_v6_0_21_delay_line_17
INFO: [VRFC 10-311] analyzing module cfo_correction_complex_mult_0_0_cmpy_v6_0_21_delay_line_2
INFO: [VRFC 10-311] analyzing module cfo_correction_complex_mult_0_0_cmpy_v6_0_21_delay_line_32
INFO: [VRFC 10-311] analyzing module cfo_correction_complex_mult_0_0_cmpy_v6_0_21_delay_line__parameterized0
INFO: [VRFC 10-311] analyzing module cfo_correction_complex_mult_0_0_cmpy_v6_0_21_delay_line__parameterized0_18
INFO: [VRFC 10-311] analyzing module cfo_correction_complex_mult_0_0_cmpy_v6_0_21_delay_line__parameterized0_3
INFO: [VRFC 10-311] analyzing module cfo_correction_complex_mult_0_0_cmpy_v6_0_21_delay_line__parameterized0_33
INFO: [VRFC 10-311] analyzing module cfo_correction_complex_mult_0_0_cmpy_v6_0_21_delay_line__parameterized3
INFO: [VRFC 10-311] analyzing module cfo_correction_complex_mult_0_0_cmpy_v6_0_21_delay_line__parameterized3_0
INFO: [VRFC 10-311] analyzing module cfo_correction_complex_mult_0_0_cmpy_v6_0_21_delay_line__parameterized3_21
INFO: [VRFC 10-311] analyzing module cfo_correction_complex_mult_0_0_cmpy_v6_0_21_delay_line__parameterized3_22
INFO: [VRFC 10-311] analyzing module cfo_correction_complex_mult_0_0_cmpy_v6_0_21_delay_line__parameterized3_36
INFO: [VRFC 10-311] analyzing module cfo_correction_complex_mult_0_0_cmpy_v6_0_21_delay_line__parameterized3_37
INFO: [VRFC 10-311] analyzing module cfo_correction_complex_mult_0_0_cmpy_v6_0_21_delay_line__parameterized3_6
INFO: [VRFC 10-311] analyzing module cfo_correction_complex_mult_0_0_cmpy_v6_0_21_delay_line__parameterized3_7
INFO: [VRFC 10-311] analyzing module cfo_correction_complex_mult_0_0_cmpy_v6_0_21_synth
INFO: [VRFC 10-311] analyzing module cfo_correction_complex_mult_0_0_cmpy_v6_0_21_synth_19
INFO: [VRFC 10-311] analyzing module cfo_correction_complex_mult_0_0_cmpy_v6_0_21_synth_34
INFO: [VRFC 10-311] analyzing module cfo_correction_complex_mult_0_0_cmpy_v6_0_21_synth_4
INFO: [VRFC 10-311] analyzing module cfo_correction_complex_mult_0_0_cmpy_v6_0_21_viv
INFO: [VRFC 10-311] analyzing module cfo_correction_complex_mult_0_0_cmpy_v6_0_21_viv__1
INFO: [VRFC 10-311] analyzing module cfo_correction_complex_mult_0_0_cmpy_v6_0_21_viv__2
INFO: [VRFC 10-311] analyzing module cfo_correction_complex_mult_0_0_cmpy_v6_0_21_viv__3
INFO: [VRFC 10-311] analyzing module cfo_correction_complex_mult_0_0_dsp
INFO: [VRFC 10-311] analyzing module cfo_correction_complex_mult_0_0_dsp_15
INFO: [VRFC 10-311] analyzing module cfo_correction_complex_mult_0_0_dsp_30
INFO: [VRFC 10-311] analyzing module cfo_correction_complex_mult_0_0_dsp_45
INFO: [VRFC 10-311] analyzing module cfo_correction_complex_mult_0_0_dsp__parameterized0
INFO: [VRFC 10-311] analyzing module cfo_correction_complex_mult_0_0_dsp__parameterized0_14
INFO: [VRFC 10-311] analyzing module cfo_correction_complex_mult_0_0_dsp__parameterized0_29
INFO: [VRFC 10-311] analyzing module cfo_correction_complex_mult_0_0_dsp__parameterized0_44
INFO: [VRFC 10-311] analyzing module cfo_correction_complex_mult_0_0_dsp__parameterized1
INFO: [VRFC 10-311] analyzing module cfo_correction_complex_mult_0_0_dsp__parameterized1_11
INFO: [VRFC 10-311] analyzing module cfo_correction_complex_mult_0_0_dsp__parameterized1_26
INFO: [VRFC 10-311] analyzing module cfo_correction_complex_mult_0_0_dsp__parameterized1_41
INFO: [VRFC 10-311] analyzing module cfo_correction_complex_mult_0_0_mult_gen_v12_0_18_delay_line
INFO: [VRFC 10-311] analyzing module cfo_correction_complex_mult_0_0_mult_gen_v12_0_18_delay_line_12
INFO: [VRFC 10-311] analyzing module cfo_correction_complex_mult_0_0_mult_gen_v12_0_18_delay_line_27
INFO: [VRFC 10-311] analyzing module cfo_correction_complex_mult_0_0_mult_gen_v12_0_18_delay_line_42
INFO: [VRFC 10-311] analyzing module cfo_correction_complex_mult_0_0_mult_gen_v12_0_18_delay_line__parameterized0
INFO: [VRFC 10-311] analyzing module cfo_correction_complex_mult_0_0_mult_gen_v12_0_18_delay_line__parameterized0_1
INFO: [VRFC 10-311] analyzing module cfo_correction_complex_mult_0_0_mult_gen_v12_0_18_delay_line__parameterized0_13
INFO: [VRFC 10-311] analyzing module cfo_correction_complex_mult_0_0_mult_gen_v12_0_18_delay_line__parameterized0_16
INFO: [VRFC 10-311] analyzing module cfo_correction_complex_mult_0_0_mult_gen_v12_0_18_delay_line__parameterized0_28
INFO: [VRFC 10-311] analyzing module cfo_correction_complex_mult_0_0_mult_gen_v12_0_18_delay_line__parameterized0_31
INFO: [VRFC 10-311] analyzing module cfo_correction_complex_mult_0_0_mult_gen_v12_0_18_delay_line__parameterized0_43
INFO: [VRFC 10-311] analyzing module cfo_correction_complex_mult_0_0_mult_gen_v12_0_18_delay_line__parameterized0_46
INFO: [VRFC 10-311] analyzing module cfo_correction_dds_top_0_0_accum
INFO: [VRFC 10-311] analyzing module cfo_correction_dds_top_0_0_dds_compiler_v6_0_22
INFO: [VRFC 10-311] analyzing module cfo_correction_dds_top_0_0_dds_compiler_v6_0_22_core
INFO: [VRFC 10-311] analyzing module cfo_correction_dds_top_0_0_dds_compiler_v6_0_22_rdy
INFO: [VRFC 10-311] analyzing module cfo_correction_dds_top_0_0_dds_compiler_v6_0_22_viv
INFO: [VRFC 10-311] analyzing module cfo_correction_dds_top_0_0_pipe_add
INFO: [VRFC 10-311] analyzing module cfo_correction_dds_top_0_0_sin_cos
INFO: [VRFC 10-311] analyzing module cfo_correction_dds_top_0_0_xbip_pipe_v3_0_6_viv
INFO: [VRFC 10-311] analyzing module cfo_correction_dds_top_0_0_xbip_pipe_v3_0_6_viv_0
INFO: [VRFC 10-311] analyzing module cfo_correction_dds_top_0_0_xbip_pipe_v3_0_6_viv__parameterized0
INFO: [VRFC 10-311] analyzing module cfo_correction_dds_top_0_0_xbip_pipe_v3_0_6_viv__parameterized12
INFO: [VRFC 10-311] analyzing module cfo_correction_dds_top_0_0_xbip_pipe_v3_0_6_viv__parameterized14
INFO: [VRFC 10-311] analyzing module cfo_correction_dds_top_0_0_xbip_pipe_v3_0_6_viv__parameterized14_7
INFO: [VRFC 10-311] analyzing module cfo_correction_dds_top_0_0_xbip_pipe_v3_0_6_viv__parameterized16
INFO: [VRFC 10-311] analyzing module cfo_correction_dds_top_0_0_xbip_pipe_v3_0_6_viv__parameterized16_1
INFO: [VRFC 10-311] analyzing module cfo_correction_dds_top_0_0_xbip_pipe_v3_0_6_viv__parameterized16_2
INFO: [VRFC 10-311] analyzing module cfo_correction_dds_top_0_0_xbip_pipe_v3_0_6_viv__parameterized16_3
INFO: [VRFC 10-311] analyzing module cfo_correction_dds_top_0_0_xbip_pipe_v3_0_6_viv__parameterized16_4
INFO: [VRFC 10-311] analyzing module cfo_correction_dds_top_0_0_xbip_pipe_v3_0_6_viv__parameterized16_6
INFO: [VRFC 10-311] analyzing module cfo_correction_dds_top_0_0_xbip_pipe_v3_0_6_viv__parameterized18
INFO: [VRFC 10-311] analyzing module cfo_correction_dds_top_0_0_xbip_pipe_v3_0_6_viv__parameterized18_5
INFO: [VRFC 10-311] analyzing module cfo_correction_dds_top_0_0_xbip_pipe_v3_0_6_viv__parameterized2
INFO: [VRFC 10-311] analyzing module cfo_correction_dds_top_0_0_xbip_pipe_v3_0_6_viv__parameterized8
INFO: [VRFC 10-311] analyzing module cfo_correction_mixer_0_0_cmpy_3_dsp48
INFO: [VRFC 10-311] analyzing module cfo_correction_mixer_0_0_cmpy_3_dsp48_20
INFO: [VRFC 10-311] analyzing module cfo_correction_mixer_0_0_cmpy_3_dsp48_35
INFO: [VRFC 10-311] analyzing module cfo_correction_mixer_0_0_cmpy_3_dsp48_5
INFO: [VRFC 10-311] analyzing module cfo_correction_mixer_0_0_cmpy_3_dsp48_mult
INFO: [VRFC 10-311] analyzing module cfo_correction_mixer_0_0_cmpy_3_dsp48_mult_23
INFO: [VRFC 10-311] analyzing module cfo_correction_mixer_0_0_cmpy_3_dsp48_mult_38
INFO: [VRFC 10-311] analyzing module cfo_correction_mixer_0_0_cmpy_3_dsp48_mult_8
INFO: [VRFC 10-311] analyzing module cfo_correction_mixer_0_0_cmpy_3_dsp48_mult__parameterized0
INFO: [VRFC 10-311] analyzing module cfo_correction_mixer_0_0_cmpy_3_dsp48_mult__parameterized0_24
INFO: [VRFC 10-311] analyzing module cfo_correction_mixer_0_0_cmpy_3_dsp48_mult__parameterized0_39
INFO: [VRFC 10-311] analyzing module cfo_correction_mixer_0_0_cmpy_3_dsp48_mult__parameterized0_9
INFO: [VRFC 10-311] analyzing module cfo_correction_mixer_0_0_cmpy_3_dsp48_mult__parameterized1
INFO: [VRFC 10-311] analyzing module cfo_correction_mixer_0_0_cmpy_3_dsp48_mult__parameterized1_10
INFO: [VRFC 10-311] analyzing module cfo_correction_mixer_0_0_cmpy_3_dsp48_mult__parameterized1_25
INFO: [VRFC 10-311] analyzing module cfo_correction_mixer_0_0_cmpy_3_dsp48_mult__parameterized1_40
INFO: [VRFC 10-311] analyzing module cfo_correction_mixer_0_0_cmpy_v6_0_21
INFO: [VRFC 10-311] analyzing module cfo_correction_mixer_0_0_cmpy_v6_0_21__1
INFO: [VRFC 10-311] analyzing module cfo_correction_mixer_0_0_cmpy_v6_0_21__2
INFO: [VRFC 10-311] analyzing module cfo_correction_mixer_0_0_cmpy_v6_0_21__3
INFO: [VRFC 10-311] analyzing module cfo_correction_mixer_0_0_cmpy_v6_0_21_delay_line
INFO: [VRFC 10-311] analyzing module cfo_correction_mixer_0_0_cmpy_v6_0_21_delay_line_17
INFO: [VRFC 10-311] analyzing module cfo_correction_mixer_0_0_cmpy_v6_0_21_delay_line_2
INFO: [VRFC 10-311] analyzing module cfo_correction_mixer_0_0_cmpy_v6_0_21_delay_line_32
INFO: [VRFC 10-311] analyzing module cfo_correction_mixer_0_0_cmpy_v6_0_21_delay_line__parameterized0
INFO: [VRFC 10-311] analyzing module cfo_correction_mixer_0_0_cmpy_v6_0_21_delay_line__parameterized0_18
INFO: [VRFC 10-311] analyzing module cfo_correction_mixer_0_0_cmpy_v6_0_21_delay_line__parameterized0_3
INFO: [VRFC 10-311] analyzing module cfo_correction_mixer_0_0_cmpy_v6_0_21_delay_line__parameterized0_33
INFO: [VRFC 10-311] analyzing module cfo_correction_mixer_0_0_cmpy_v6_0_21_delay_line__parameterized3
INFO: [VRFC 10-311] analyzing module cfo_correction_mixer_0_0_cmpy_v6_0_21_delay_line__parameterized3_0
INFO: [VRFC 10-311] analyzing module cfo_correction_mixer_0_0_cmpy_v6_0_21_delay_line__parameterized3_21
INFO: [VRFC 10-311] analyzing module cfo_correction_mixer_0_0_cmpy_v6_0_21_delay_line__parameterized3_22
INFO: [VRFC 10-311] analyzing module cfo_correction_mixer_0_0_cmpy_v6_0_21_delay_line__parameterized3_36
INFO: [VRFC 10-311] analyzing module cfo_correction_mixer_0_0_cmpy_v6_0_21_delay_line__parameterized3_37
INFO: [VRFC 10-311] analyzing module cfo_correction_mixer_0_0_cmpy_v6_0_21_delay_line__parameterized3_6
INFO: [VRFC 10-311] analyzing module cfo_correction_mixer_0_0_cmpy_v6_0_21_delay_line__parameterized3_7
INFO: [VRFC 10-311] analyzing module cfo_correction_mixer_0_0_cmpy_v6_0_21_synth
INFO: [VRFC 10-311] analyzing module cfo_correction_mixer_0_0_cmpy_v6_0_21_synth_19
INFO: [VRFC 10-311] analyzing module cfo_correction_mixer_0_0_cmpy_v6_0_21_synth_34
INFO: [VRFC 10-311] analyzing module cfo_correction_mixer_0_0_cmpy_v6_0_21_synth_4
INFO: [VRFC 10-311] analyzing module cfo_correction_mixer_0_0_cmpy_v6_0_21_viv
INFO: [VRFC 10-311] analyzing module cfo_correction_mixer_0_0_cmpy_v6_0_21_viv__1
INFO: [VRFC 10-311] analyzing module cfo_correction_mixer_0_0_cmpy_v6_0_21_viv__2
INFO: [VRFC 10-311] analyzing module cfo_correction_mixer_0_0_cmpy_v6_0_21_viv__3
INFO: [VRFC 10-311] analyzing module cfo_correction_mixer_0_0_dsp
INFO: [VRFC 10-311] analyzing module cfo_correction_mixer_0_0_dsp_15
INFO: [VRFC 10-311] analyzing module cfo_correction_mixer_0_0_dsp_30
INFO: [VRFC 10-311] analyzing module cfo_correction_mixer_0_0_dsp_45
INFO: [VRFC 10-311] analyzing module cfo_correction_mixer_0_0_dsp__parameterized0
INFO: [VRFC 10-311] analyzing module cfo_correction_mixer_0_0_dsp__parameterized0_14
INFO: [VRFC 10-311] analyzing module cfo_correction_mixer_0_0_dsp__parameterized0_29
INFO: [VRFC 10-311] analyzing module cfo_correction_mixer_0_0_dsp__parameterized0_44
INFO: [VRFC 10-311] analyzing module cfo_correction_mixer_0_0_dsp__parameterized1
INFO: [VRFC 10-311] analyzing module cfo_correction_mixer_0_0_dsp__parameterized1_11
INFO: [VRFC 10-311] analyzing module cfo_correction_mixer_0_0_dsp__parameterized1_26
INFO: [VRFC 10-311] analyzing module cfo_correction_mixer_0_0_dsp__parameterized1_41
INFO: [VRFC 10-311] analyzing module cfo_correction_mixer_0_0_mult_gen_v12_0_18_delay_line
INFO: [VRFC 10-311] analyzing module cfo_correction_mixer_0_0_mult_gen_v12_0_18_delay_line_12
INFO: [VRFC 10-311] analyzing module cfo_correction_mixer_0_0_mult_gen_v12_0_18_delay_line_27
INFO: [VRFC 10-311] analyzing module cfo_correction_mixer_0_0_mult_gen_v12_0_18_delay_line_42
INFO: [VRFC 10-311] analyzing module cfo_correction_mixer_0_0_mult_gen_v12_0_18_delay_line__parameterized0
INFO: [VRFC 10-311] analyzing module cfo_correction_mixer_0_0_mult_gen_v12_0_18_delay_line__parameterized0_1
INFO: [VRFC 10-311] analyzing module cfo_correction_mixer_0_0_mult_gen_v12_0_18_delay_line__parameterized0_13
INFO: [VRFC 10-311] analyzing module cfo_correction_mixer_0_0_mult_gen_v12_0_18_delay_line__parameterized0_16
INFO: [VRFC 10-311] analyzing module cfo_correction_mixer_0_0_mult_gen_v12_0_18_delay_line__parameterized0_28
INFO: [VRFC 10-311] analyzing module cfo_correction_mixer_0_0_mult_gen_v12_0_18_delay_line__parameterized0_31
INFO: [VRFC 10-311] analyzing module cfo_correction_mixer_0_0_mult_gen_v12_0_18_delay_line__parameterized0_43
INFO: [VRFC 10-311] analyzing module cfo_correction_mixer_0_0_mult_gen_v12_0_18_delay_line__parameterized0_46
INFO: [VRFC 10-311] analyzing module cfo_correction_scale_0_0_dsp_macro_synth
INFO: [VRFC 10-311] analyzing module cfo_correction_scale_0_0_dsp_macro_v1_0_2
INFO: [VRFC 10-311] analyzing module cfo_correction_scale_0_0_dsp_macro_v1_0_2_viv
INFO: [VRFC 10-311] analyzing module cfo_correction_scale_0_0_xbip_dsp48e2_wrapper_v3_0
INFO: [VRFC 10-311] analyzing module cfo_correction_scale_0_0_xbip_pipe_v3_0_6_viv__parameterized2
INFO: [VRFC 10-311] analyzing module cfo_correction_scale_0_0_xbip_pipe_v3_0_6_viv__parameterized3
INFO: [VRFC 10-311] analyzing module cfo_correction_scale_0_0_xbip_pipe_v3_0_6_viv__parameterized5
INFO: [VRFC 10-311] analyzing module cfo_correction_scale_0_0_xbip_pipe_v3_0_6_viv__parameterized5_1
INFO: [VRFC 10-311] analyzing module cfo_correction_scale_0_0_xbip_pipe_v3_0_6_viv__parameterized7
INFO: [VRFC 10-311] analyzing module cfo_correction_scale_0_0_xbip_pipe_v3_0_6_viv__parameterized7_0
INFO: [VRFC 10-311] analyzing module glbl
