Vivado Simulator v2022.1
Copyright 1986-1999, 2001-2022 Xilinx, Inc. All Rights Reserved.
Running: C:/Xilinx_2022.1/Vivado/2022.1/bin/unwrapped/win64.o/xelab.exe --incr --debug typical --relax --mt 2 -L xil_defaultlib -L uvm -L unisims_ver -L secureip --snapshot cfo_correction_top_tb_func_synth xil_defaultlib.cfo_correction_top_tb xil_defaultlib.glbl -log elaborate.log 
Using 2 slave threads.
Starting static elaboration
Pass Through NonSizing Optimizer
Completed static elaboration
Starting simulation data flow analysis
Completed simulation data flow analysis
Time Resolution for simulation is 1ps
Compiling module unisims_ver.IBUF
Compiling module unisims_ver.x_lut3_mux8
Compiling module unisims_ver.LUT3
Compiling module unisims_ver.LUT4
Compiling module unisims_ver.LUT5
Compiling module unisims_ver.LUT6
Compiling module unisims_ver.FDRE_default
Compiling module xil_defaultlib.cfo_correction_conj_0_0_conj
Compiling module xil_defaultlib.cfo_correction_conj_0_0
Compiling module unisims_ver.GND
Compiling module unisims_ver.x_lut2_mux4
Compiling module unisims_ver.LUT2
Compiling module unisims_ver.CARRY8
Compiling module unisims_ver.x_lut1_mux2
Compiling module unisims_ver.LUT1
Compiling module unisims_ver.SRL16E_default
Compiling module unisims_ver.RAMB36E2(CLOCK_DOMAINS="COMMON",...
Compiling module unisims_ver.RAMB36E2(CLOCK_DOMAINS="COMMON",...
Compiling module unisims_ver.RAMB36E2(CLOCK_DOMAINS="COMMON",...
Compiling module unisims_ver.RAMB36E2(CLOCK_DOMAINS="COMMON",...
Compiling module unisims_ver.RAMB36E2(CLOCK_DOMAINS="COMMON",...
Compiling module unisims_ver.RAMB36E2(CLOCK_DOMAINS="COMMON",...
Compiling module unisims_ver.RAMB36E2(CLOCK_DOMAINS="COMMON",...
Compiling module unisims_ver.RAMB18E2(CLOCK_DOMAINS="COMMON",...
Compiling module xil_defaultlib.cfo_correction_dds_top_0_0_dds_c...
Compiling module xil_defaultlib.cfo_correction_dds_top_0_0_dds_t...
Compiling module xil_defaultlib.cfo_correction_dds_top_0_0
Compiling module unisims_ver.DSP48E2(AMULTSEL="AD",BCASCREG=2...
Compiling module xil_defaultlib.cfo_correction_mixer_0_0_cmpy_0_...
Compiling module xil_defaultlib.cfo_correction_mixer_0_0_cmpy_0_...
Compiling module xil_defaultlib.cfo_correction_mixer_0_0_cmpy_0_...
Compiling module xil_defaultlib.cfo_correction_mixer_0_0_cmpy_0
Compiling module xil_defaultlib.cfo_correction_mixer_0_0_mixer
Compiling module xil_defaultlib.cfo_correction_mixer_0_0
Compiling module xil_defaultlib.Mixer_imp_1KVXAAW
Compiling module unisims_ver.SRLC32E_default
Compiling module xil_defaultlib.cfo_correction_angle_0_0_cordic_...
Compiling module xil_defaultlib.cfo_correction_angle_0_0_angle
Compiling module xil_defaultlib.cfo_correction_angle_0_0
Compiling module xil_defaultlib.cfo_correction_axis_data_fifo_0_...
Compiling module unisims_ver.FDSE_default
Compiling module unisims_ver.RAMB36E2(CLOCK_DOMAINS="COMMON",...
Compiling module unisims_ver.RAMB18E2(CLOCK_DOMAINS="COMMON",...
Compiling module xil_defaultlib.cfo_correction_axis_data_fifo_0_...
Compiling module xil_defaultlib.cfo_correction_axis_data_fifo_0_...
Compiling module xil_defaultlib.cfo_correction_axis_data_fifo_0_...
Compiling module xil_defaultlib.cfo_correction_axis_data_fifo_0_...
Compiling module xil_defaultlib.cfo_correction_axis_data_fifo_0_...
Compiling module xil_defaultlib.cfo_correction_axis_data_fifo_0_...
Compiling module xil_defaultlib.cfo_correction_axis_data_fifo_0_...
Compiling module xil_defaultlib.cfo_correction_axis_data_fifo_0_...
Compiling module xil_defaultlib.cfo_correction_axis_data_fifo_0_...
Compiling module xil_defaultlib.cfo_correction_axis_data_fifo_0_...
Compiling module xil_defaultlib.cfo_correction_axis_data_fifo_0_...
Compiling module xil_defaultlib.cfo_correction_axis_data_fifo_1_...
Compiling module unisims_ver.RAMB36E2(CLOCK_DOMAINS="COMMON",...
Compiling module unisims_ver.RAMB18E2(CLOCK_DOMAINS="COMMON",...
Compiling module xil_defaultlib.cfo_correction_axis_data_fifo_1_...
Compiling module xil_defaultlib.cfo_correction_axis_data_fifo_1_...
Compiling module xil_defaultlib.cfo_correction_axis_data_fifo_1_...
Compiling module xil_defaultlib.cfo_correction_axis_data_fifo_1_...
Compiling module xil_defaultlib.cfo_correction_axis_data_fifo_1_...
Compiling module xil_defaultlib.cfo_correction_axis_data_fifo_1_...
Compiling module xil_defaultlib.cfo_correction_axis_data_fifo_1_...
Compiling module xil_defaultlib.cfo_correction_axis_data_fifo_1_...
Compiling module xil_defaultlib.cfo_correction_axis_data_fifo_1_...
Compiling module xil_defaultlib.cfo_correction_axis_data_fifo_1_...
Compiling module xil_defaultlib.cfo_correction_axis_data_fifo_1_...
Compiling module xil_defaultlib.cfo_correction_axis_splitter_0_0...
Compiling module xil_defaultlib.cfo_correction_axis_splitter_0_0
Compiling module xil_defaultlib.cfo_correction_axis_splitter_1_0...
Compiling module xil_defaultlib.cfo_correction_axis_splitter_1_0
Compiling module xil_defaultlib.cfo_correction_complex_mult_0_0_...
Compiling module xil_defaultlib.cfo_correction_complex_mult_0_0_...
Compiling module xil_defaultlib.cfo_correction_complex_mult_0_0_...
Compiling module xil_defaultlib.cfo_correction_complex_mult_0_0_...
Compiling module xil_defaultlib.cfo_correction_complex_mult_0_0_...
Compiling module xil_defaultlib.cfo_correction_complex_mult_0_0
Compiling module xil_defaultlib.cfo_correction_conj_0_1_conj
Compiling module xil_defaultlib.cfo_correction_conj_0_1
Compiling module xil_defaultlib.cfo_correction_conj_1_0_conj
Compiling module xil_defaultlib.cfo_correction_conj_1_0
Compiling module xil_defaultlib.cfo_correction_cp_rm2_0_0_cp_rm2
Compiling module xil_defaultlib.cfo_correction_cp_rm2_0_0
Compiling module unisims_ver.FDCE_default
Compiling module xil_defaultlib.cfo_correction_cp_rm_0_0_cp_rm
Compiling module xil_defaultlib.cfo_correction_cp_rm_0_0
Compiling module xil_defaultlib.cfo_correction_delay_0_0_delay
Compiling module xil_defaultlib.cfo_correction_delay_0_0
Compiling module xil_defaultlib.cfo_correction_delay_1_0_delay
Compiling module xil_defaultlib.cfo_correction_delay_1_0
Compiling module unisims_ver.VCC
Compiling module xil_defaultlib.cfo_correction_mux_0_0_mux
Compiling module xil_defaultlib.cfo_correction_mux_0_0
Compiling module unisims_ver.DSP48E2(BCASCREG=2,BREG=2)
Compiling module xil_defaultlib.cfo_correction_scale_0_0_dsp_mac...
Compiling module xil_defaultlib.cfo_correction_scale_0_0_scale
Compiling module xil_defaultlib.cfo_correction_scale_0_0
Compiling module xil_defaultlib.cfo_correction_sum_0_0_sum
Compiling module xil_defaultlib.cfo_correction_sum_0_0
Compiling module xil_defaultlib.cfo_correction_util_vector_logic...
Compiling module xil_defaultlib.cfo_correction
Compiling module unisims_ver.OBUF
Compiling module xil_defaultlib.cfo_correction_wrapper
Compiling module xil_defaultlib.cfo_correction_top_tb
WARNING: [XSIM 43-3373] "c:/Projects/pi-radio/HW/modules/sim/cfo_correction_top_tb.sv" Line 171. System function $fscanf is used as system task. This system function should have a LHS e.g. x=$fscanf().
WARNING: [XSIM 43-3373] "c:/Projects/pi-radio/HW/modules/sim/cfo_correction_top_tb.sv" Line 226. System function $fscanf is used as system task. This system function should have a LHS e.g. x=$fscanf().
WARNING: [XSIM 43-3373] "c:/Projects/pi-radio/HW/modules/sim/cfo_correction_top_tb.sv" Line 311. System function $fscanf is used as system task. This system function should have a LHS e.g. x=$fscanf().
WARNING: [XSIM 43-3373] "c:/Projects/pi-radio/HW/modules/sim/cfo_correction_top_tb.sv" Line 398. System function $fscanf is used as system task. This system function should have a LHS e.g. x=$fscanf().
WARNING: [XSIM 43-3373] "c:/Projects/pi-radio/HW/modules/sim/cfo_correction_top_tb.sv" Line 437. System function $fscanf is used as system task. This system function should have a LHS e.g. x=$fscanf().
WARNING: [XSIM 43-3373] "c:/Projects/pi-radio/HW/modules/sim/cfo_correction_top_tb.sv" Line 496. System function $fscanf is used as system task. This system function should have a LHS e.g. x=$fscanf().
WARNING: [XSIM 43-3373] "c:/Projects/pi-radio/HW/modules/sim/cfo_correction_top_tb.sv" Line 628. System function $fscanf is used as system task. This system function should have a LHS e.g. x=$fscanf().
WARNING: [XSIM 43-3373] "c:/Projects/pi-radio/HW/modules/sim/cfo_correction_top_tb.sv" Line 657. System function $fscanf is used as system task. This system function should have a LHS e.g. x=$fscanf().
WARNING: [XSIM 43-3373] "c:/Projects/pi-radio/HW/modules/sim/cfo_correction_top_tb.sv" Line 741. System function $fscanf is used as system task. This system function should have a LHS e.g. x=$fscanf().
WARNING: [XSIM 43-3373] "c:/Projects/pi-radio/HW/modules/sim/cfo_correction_top_tb.sv" Line 747. System function $fscanf is used as system task. This system function should have a LHS e.g. x=$fscanf().
WARNING: [XSIM 43-3373] "c:/Projects/pi-radio/HW/modules/sim/cfo_correction_top_tb.sv" Line 748. System function $fscanf is used as system task. This system function should have a LHS e.g. x=$fscanf().
WARNING: [XSIM 43-3373] "c:/Projects/pi-radio/HW/modules/sim/cfo_correction_top_tb.sv" Line 749. System function $fscanf is used as system task. This system function should have a LHS e.g. x=$fscanf().
WARNING: [XSIM 43-3373] "c:/Projects/pi-radio/HW/modules/sim/cfo_correction_top_tb.sv" Line 750. System function $fscanf is used as system task. This system function should have a LHS e.g. x=$fscanf().
WARNING: [XSIM 43-3373] "c:/Projects/pi-radio/HW/modules/sim/cfo_correction_top_tb.sv" Line 775. System function $fscanf is used as system task. This system function should have a LHS e.g. x=$fscanf().
WARNING: [XSIM 43-3373] "c:/Projects/pi-radio/HW/modules/sim/cfo_correction_top_tb.sv" Line 776. System function $fscanf is used as system task. This system function should have a LHS e.g. x=$fscanf().
WARNING: [XSIM 43-3373] "c:/Projects/pi-radio/HW/modules/sim/cfo_correction_top_tb.sv" Line 777. System function $fscanf is used as system task. This system function should have a LHS e.g. x=$fscanf().
WARNING: [XSIM 43-3373] "c:/Projects/pi-radio/HW/modules/sim/cfo_correction_top_tb.sv" Line 778. System function $fscanf is used as system task. This system function should have a LHS e.g. x=$fscanf().
Compiling module xil_defaultlib.glbl
Built simulation snapshot cfo_correction_top_tb_func_synth
