
*** Running vivado
    with args -log rx_test_wrapper.vds -m64 -product Vivado -mode batch -messageDb vivado.pb -notrace -source rx_test_wrapper.tcl



****** Vivado v2022.1 (64-bit)
  **** SW Build 3526262 on Mon Apr 18 15:48:16 MDT 2022
  **** IP Build 3524634 on Mon Apr 18 20:55:01 MDT 2022
    ** Copyright 1986-2022 Xilinx, Inc. All Rights Reserved.

source rx_test_wrapper.tcl -notrace
INFO: [IP_Flow 19-234] Refreshing IP repositories
INFO: [IP_Flow 19-1704] No user IP repositories specified
INFO: [IP_Flow 19-2313] Loaded Vivado IP repository 'C:/Xilinx_2022.1/Vivado/2022.1/data/ip'.
add_files: Time (s): cpu = 00:00:01 ; elapsed = 00:00:05 . Memory (MB): peak = 1637.727 ; gain = 0.000
WARNING: [Vivado 12-8448] Reference module source file c:/Projects/pi-radio/HW/sims/cfo_correction_board/cfo_correction_board.srcs/sources_1/bd/cfo_correction/cfo_correction.bd referred in sub-design rx_test is not added in project.
add_files: Time (s): cpu = 00:00:03 ; elapsed = 00:00:06 . Memory (MB): peak = 1637.727 ; gain = 0.000
Command: read_checkpoint -auto_incremental -incremental c:/Projects/pi-radio/HW/sims/cfo_correction_board/cfo_correction_board.srcs/utils_1/imports/synth_1/rx_test_wrapper.dcp
INFO: [Vivado 12-5825] Read reference checkpoint from c:/Projects/pi-radio/HW/sims/cfo_correction_board/cfo_correction_board.srcs/utils_1/imports/synth_1/rx_test_wrapper.dcp for incremental synthesis
INFO: [Vivado 12-7989] Please ensure there are no constraint changes
Command: synth_design -top rx_test_wrapper -part xczu28dr-ffvg1517-2-e
Starting synth_design
Attempting to get a license for feature 'Synthesis' and/or device 'xczu28dr'
INFO: [Common 17-349] Got license for feature 'Synthesis' and/or device 'xczu28dr'
INFO: [Device 21-403] Loading part xczu28dr-ffvg1517-2-e
INFO: [Designutils 20-5440] No compile time benefit to using incremental synthesis; A full resynthesis will be run
INFO: [Designutils 20-4379] Flow is switching to default flow due to incremental criteria not met. If you would like to alter this behaviour and have the flow terminate instead, please set the following parameter config_implementation {autoIncr.Synth.RejectBehavior Terminate}
INFO: [Synth 8-7079] Multithreading enabled for synth_design using a maximum of 2 processes.
INFO: [Synth 8-7078] Launching helper process for spawning children vivado processes
INFO: [Synth 8-7075] Helper process launched with PID 38156
WARNING: [Synth 8-9501] generate block is allowed only inside loop and conditional generate in SystemVerilog mode [C:/Xilinx_2022.1/Vivado/2022.1/data/ip/xpm/xpm_fifo/hdl/xpm_fifo.sv:4023]
---------------------------------------------------------------------------------
Starting RTL Elaboration : Time (s): cpu = 00:00:02 ; elapsed = 00:00:02 . Memory (MB): peak = 2207.512 ; gain = 270.133
---------------------------------------------------------------------------------
INFO: [Synth 8-6157] synthesizing module 'rx_test_wrapper' [c:/Projects/pi-radio/HW/sims/cfo_correction_board/cfo_correction_board.gen/sources_1/bd/rx_test/hdl/rx_test_wrapper.v:12]
INFO: [Synth 8-6157] synthesizing module 'rx_test' [c:/Projects/pi-radio/HW/sims/cfo_correction_board/cfo_correction_board.gen/sources_1/bd/rx_test/synth/rx_test.v:401]
INFO: [Synth 8-6157] synthesizing module 'rx_test_axi_dma_0_1' [c:/Projects/pi-radio/HW/sims/cfo_correction_board/cfo_correction_board.runs/synth_1/.Xil/Vivado-54352-DESKTOP-1UDCE0K/realtime/rx_test_axi_dma_0_1_stub.v:5]
INFO: [Synth 8-6155] done synthesizing module 'rx_test_axi_dma_0_1' (0#1) [c:/Projects/pi-radio/HW/sims/cfo_correction_board/cfo_correction_board.runs/synth_1/.Xil/Vivado-54352-DESKTOP-1UDCE0K/realtime/rx_test_axi_dma_0_1_stub.v:5]
WARNING: [Synth 8-7071] port 's2mm_prmry_reset_out_n' of module 'rx_test_axi_dma_0_1' is unconnected for instance 'axi_dma_0' [c:/Projects/pi-radio/HW/sims/cfo_correction_board/cfo_correction_board.gen/sources_1/bd/rx_test/synth/rx_test.v:553]
WARNING: [Synth 8-7071] port 's2mm_introut' of module 'rx_test_axi_dma_0_1' is unconnected for instance 'axi_dma_0' [c:/Projects/pi-radio/HW/sims/cfo_correction_board/cfo_correction_board.gen/sources_1/bd/rx_test/synth/rx_test.v:553]
WARNING: [Synth 8-7071] port 'axi_dma_tstvec' of module 'rx_test_axi_dma_0_1' is unconnected for instance 'axi_dma_0' [c:/Projects/pi-radio/HW/sims/cfo_correction_board/cfo_correction_board.gen/sources_1/bd/rx_test/synth/rx_test.v:553]
WARNING: [Synth 8-7023] instance 'axi_dma_0' of module 'rx_test_axi_dma_0_1' has 43 connections declared, but only 40 given [c:/Projects/pi-radio/HW/sims/cfo_correction_board/cfo_correction_board.gen/sources_1/bd/rx_test/synth/rx_test.v:553]
INFO: [Synth 8-6157] synthesizing module 'rx_test_axi_interconnect_0_1' [c:/Projects/pi-radio/HW/sims/cfo_correction_board/cfo_correction_board.gen/sources_1/bd/rx_test/synth/rx_test.v:937]
INFO: [Synth 8-6157] synthesizing module 's00_couplers_imp_6F7BMV' [c:/Projects/pi-radio/HW/sims/cfo_correction_board/cfo_correction_board.gen/sources_1/bd/rx_test/synth/rx_test.v:1789]
INFO: [Synth 8-6155] done synthesizing module 's00_couplers_imp_6F7BMV' (0#1) [c:/Projects/pi-radio/HW/sims/cfo_correction_board/cfo_correction_board.gen/sources_1/bd/rx_test/synth/rx_test.v:1789]
INFO: [Synth 8-6155] done synthesizing module 'rx_test_axi_interconnect_0_1' (0#1) [c:/Projects/pi-radio/HW/sims/cfo_correction_board/cfo_correction_board.gen/sources_1/bd/rx_test/synth/rx_test.v:937]
INFO: [Synth 8-6157] synthesizing module 'rx_test_axis_data_fifo_1_1' [c:/Projects/pi-radio/HW/sims/cfo_correction_board/cfo_correction_board.runs/synth_1/.Xil/Vivado-54352-DESKTOP-1UDCE0K/realtime/rx_test_axis_data_fifo_1_1_stub.v:5]
INFO: [Synth 8-6155] done synthesizing module 'rx_test_axis_data_fifo_1_1' (0#1) [c:/Projects/pi-radio/HW/sims/cfo_correction_board/cfo_correction_board.runs/synth_1/.Xil/Vivado-54352-DESKTOP-1UDCE0K/realtime/rx_test_axis_data_fifo_1_1_stub.v:5]
INFO: [Synth 8-6157] synthesizing module 'rx_test_blk_mem_gen_0_0' [c:/Projects/pi-radio/HW/sims/cfo_correction_board/cfo_correction_board.runs/synth_1/.Xil/Vivado-54352-DESKTOP-1UDCE0K/realtime/rx_test_blk_mem_gen_0_0_stub.v:5]
INFO: [Synth 8-6155] done synthesizing module 'rx_test_blk_mem_gen_0_0' (0#1) [c:/Projects/pi-radio/HW/sims/cfo_correction_board/cfo_correction_board.runs/synth_1/.Xil/Vivado-54352-DESKTOP-1UDCE0K/realtime/rx_test_blk_mem_gen_0_0_stub.v:5]
INFO: [Synth 8-6157] synthesizing module 'rx_test_axi_gpio_0_1' [c:/Projects/pi-radio/HW/sims/cfo_correction_board/cfo_correction_board.runs/synth_1/.Xil/Vivado-54352-DESKTOP-1UDCE0K/realtime/rx_test_axi_gpio_0_1_stub.v:5]
INFO: [Synth 8-6155] done synthesizing module 'rx_test_axi_gpio_0_1' (0#1) [c:/Projects/pi-radio/HW/sims/cfo_correction_board/cfo_correction_board.runs/synth_1/.Xil/Vivado-54352-DESKTOP-1UDCE0K/realtime/rx_test_axi_gpio_0_1_stub.v:5]
INFO: [Synth 8-6157] synthesizing module 'cfo_correction_inst_1' [c:/Projects/pi-radio/HW/sims/cfo_correction_board/cfo_correction_board.gen/sources_1/bd/rx_test/bd/cfo_correction_inst_1/synth/cfo_correction_inst_1.v:122]
INFO: [Synth 8-6157] synthesizing module 'Mixer_imp_YGLQ12' [c:/Projects/pi-radio/HW/sims/cfo_correction_board/cfo_correction_board.gen/sources_1/bd/rx_test/bd/cfo_correction_inst_1/synth/cfo_correction_inst_1.v:12]
INFO: [Synth 8-6157] synthesizing module 'cfo_correction_inst_1_conj_0_0' [c:/Projects/pi-radio/HW/sims/cfo_correction_board/cfo_correction_board.runs/synth_1/.Xil/Vivado-54352-DESKTOP-1UDCE0K/realtime/cfo_correction_inst_1_conj_0_0_stub.v:5]
INFO: [Synth 8-6155] done synthesizing module 'cfo_correction_inst_1_conj_0_0' (0#1) [c:/Projects/pi-radio/HW/sims/cfo_correction_board/cfo_correction_board.runs/synth_1/.Xil/Vivado-54352-DESKTOP-1UDCE0K/realtime/cfo_correction_inst_1_conj_0_0_stub.v:5]
INFO: [Synth 8-6157] synthesizing module 'cfo_correction_inst_1_dds_top_0_0' [c:/Projects/pi-radio/HW/sims/cfo_correction_board/cfo_correction_board.runs/synth_1/.Xil/Vivado-54352-DESKTOP-1UDCE0K/realtime/cfo_correction_inst_1_dds_top_0_0_stub.v:5]
INFO: [Synth 8-6155] done synthesizing module 'cfo_correction_inst_1_dds_top_0_0' (0#1) [c:/Projects/pi-radio/HW/sims/cfo_correction_board/cfo_correction_board.runs/synth_1/.Xil/Vivado-54352-DESKTOP-1UDCE0K/realtime/cfo_correction_inst_1_dds_top_0_0_stub.v:5]
INFO: [Synth 8-6157] synthesizing module 'cfo_correction_inst_1_mixer_0_0' [c:/Projects/pi-radio/HW/sims/cfo_correction_board/cfo_correction_board.runs/synth_1/.Xil/Vivado-54352-DESKTOP-1UDCE0K/realtime/cfo_correction_inst_1_mixer_0_0_stub.v:5]
INFO: [Synth 8-6155] done synthesizing module 'cfo_correction_inst_1_mixer_0_0' (0#1) [c:/Projects/pi-radio/HW/sims/cfo_correction_board/cfo_correction_board.runs/synth_1/.Xil/Vivado-54352-DESKTOP-1UDCE0K/realtime/cfo_correction_inst_1_mixer_0_0_stub.v:5]
WARNING: [Synth 8-7071] port 'm_axis_tuser' of module 'cfo_correction_inst_1_mixer_0_0' is unconnected for instance 'mixer_0' [c:/Projects/pi-radio/HW/sims/cfo_correction_board/cfo_correction_board.gen/sources_1/bd/rx_test/bd/cfo_correction_inst_1/synth/cfo_correction_inst_1.v:104]
WARNING: [Synth 8-7071] port 'm_axis_tid' of module 'cfo_correction_inst_1_mixer_0_0' is unconnected for instance 'mixer_0' [c:/Projects/pi-radio/HW/sims/cfo_correction_board/cfo_correction_board.gen/sources_1/bd/rx_test/bd/cfo_correction_inst_1/synth/cfo_correction_inst_1.v:104]
WARNING: [Synth 8-7023] instance 'mixer_0' of module 'cfo_correction_inst_1_mixer_0_0' has 17 connections declared, but only 15 given [c:/Projects/pi-radio/HW/sims/cfo_correction_board/cfo_correction_board.gen/sources_1/bd/rx_test/bd/cfo_correction_inst_1/synth/cfo_correction_inst_1.v:104]
INFO: [Synth 8-6155] done synthesizing module 'Mixer_imp_YGLQ12' (0#1) [c:/Projects/pi-radio/HW/sims/cfo_correction_board/cfo_correction_board.gen/sources_1/bd/rx_test/bd/cfo_correction_inst_1/synth/cfo_correction_inst_1.v:12]
INFO: [Synth 8-6157] synthesizing module 'cfo_correction_inst_1_angle_0_0' [c:/Projects/pi-radio/HW/sims/cfo_correction_board/cfo_correction_board.runs/synth_1/.Xil/Vivado-54352-DESKTOP-1UDCE0K/realtime/cfo_correction_inst_1_angle_0_0_stub.v:5]
INFO: [Synth 8-6155] done synthesizing module 'cfo_correction_inst_1_angle_0_0' (0#1) [c:/Projects/pi-radio/HW/sims/cfo_correction_board/cfo_correction_board.runs/synth_1/.Xil/Vivado-54352-DESKTOP-1UDCE0K/realtime/cfo_correction_inst_1_angle_0_0_stub.v:5]
WARNING: [Synth 8-7071] port 'm_axis_tuser' of module 'cfo_correction_inst_1_angle_0_0' is unconnected for instance 'angle_0' [c:/Projects/pi-radio/HW/sims/cfo_correction_board/cfo_correction_board.gen/sources_1/bd/rx_test/bd/cfo_correction_inst_1/synth/cfo_correction_inst_1.v:275]
WARNING: [Synth 8-7071] port 'm_axis_tid' of module 'cfo_correction_inst_1_angle_0_0' is unconnected for instance 'angle_0' [c:/Projects/pi-radio/HW/sims/cfo_correction_board/cfo_correction_board.gen/sources_1/bd/rx_test/bd/cfo_correction_inst_1/synth/cfo_correction_inst_1.v:275]
WARNING: [Synth 8-7071] port 'm_axis_tlast' of module 'cfo_correction_inst_1_angle_0_0' is unconnected for instance 'angle_0' [c:/Projects/pi-radio/HW/sims/cfo_correction_board/cfo_correction_board.gen/sources_1/bd/rx_test/bd/cfo_correction_inst_1/synth/cfo_correction_inst_1.v:275]
WARNING: [Synth 8-7023] instance 'angle_0' of module 'cfo_correction_inst_1_angle_0_0' has 12 connections declared, but only 9 given [c:/Projects/pi-radio/HW/sims/cfo_correction_board/cfo_correction_board.gen/sources_1/bd/rx_test/bd/cfo_correction_inst_1/synth/cfo_correction_inst_1.v:275]
INFO: [Synth 8-6157] synthesizing module 'cfo_correction_inst_1_axis_data_fifo_0_0' [c:/Projects/pi-radio/HW/sims/cfo_correction_board/cfo_correction_board.runs/synth_1/.Xil/Vivado-54352-DESKTOP-1UDCE0K/realtime/cfo_correction_inst_1_axis_data_fifo_0_0_stub.v:5]
INFO: [Synth 8-6155] done synthesizing module 'cfo_correction_inst_1_axis_data_fifo_0_0' (0#1) [c:/Projects/pi-radio/HW/sims/cfo_correction_board/cfo_correction_board.runs/synth_1/.Xil/Vivado-54352-DESKTOP-1UDCE0K/realtime/cfo_correction_inst_1_axis_data_fifo_0_0_stub.v:5]
WARNING: [Synth 8-7071] port 's_axis_tready' of module 'cfo_correction_inst_1_axis_data_fifo_0_0' is unconnected for instance 'axis_data_fifo_0' [c:/Projects/pi-radio/HW/sims/cfo_correction_board/cfo_correction_board.gen/sources_1/bd/rx_test/bd/cfo_correction_inst_1/synth/cfo_correction_inst_1.v:285]
WARNING: [Synth 8-7023] instance 'axis_data_fifo_0' of module 'cfo_correction_inst_1_axis_data_fifo_0_0' has 14 connections declared, but only 13 given [c:/Projects/pi-radio/HW/sims/cfo_correction_board/cfo_correction_board.gen/sources_1/bd/rx_test/bd/cfo_correction_inst_1/synth/cfo_correction_inst_1.v:285]
INFO: [Synth 8-6157] synthesizing module 'cfo_correction_inst_1_axis_data_fifo_1_0' [c:/Projects/pi-radio/HW/sims/cfo_correction_board/cfo_correction_board.runs/synth_1/.Xil/Vivado-54352-DESKTOP-1UDCE0K/realtime/cfo_correction_inst_1_axis_data_fifo_1_0_stub.v:5]
INFO: [Synth 8-6155] done synthesizing module 'cfo_correction_inst_1_axis_data_fifo_1_0' (0#1) [c:/Projects/pi-radio/HW/sims/cfo_correction_board/cfo_correction_board.runs/synth_1/.Xil/Vivado-54352-DESKTOP-1UDCE0K/realtime/cfo_correction_inst_1_axis_data_fifo_1_0_stub.v:5]
WARNING: [Synth 8-7071] port 's_axis_tready' of module 'cfo_correction_inst_1_axis_data_fifo_1_0' is unconnected for instance 'axis_data_fifo_1' [c:/Projects/pi-radio/HW/sims/cfo_correction_board/cfo_correction_board.gen/sources_1/bd/rx_test/bd/cfo_correction_inst_1/synth/cfo_correction_inst_1.v:299]
WARNING: [Synth 8-7023] instance 'axis_data_fifo_1' of module 'cfo_correction_inst_1_axis_data_fifo_1_0' has 14 connections declared, but only 13 given [c:/Projects/pi-radio/HW/sims/cfo_correction_board/cfo_correction_board.gen/sources_1/bd/rx_test/bd/cfo_correction_inst_1/synth/cfo_correction_inst_1.v:299]
INFO: [Synth 8-6157] synthesizing module 'cfo_correction_inst_1_axis_splitter_0_0' [c:/Projects/pi-radio/HW/sims/cfo_correction_board/cfo_correction_board.runs/synth_1/.Xil/Vivado-54352-DESKTOP-1UDCE0K/realtime/cfo_correction_inst_1_axis_splitter_0_0_stub.v:5]
INFO: [Synth 8-6155] done synthesizing module 'cfo_correction_inst_1_axis_splitter_0_0' (0#1) [c:/Projects/pi-radio/HW/sims/cfo_correction_board/cfo_correction_board.runs/synth_1/.Xil/Vivado-54352-DESKTOP-1UDCE0K/realtime/cfo_correction_inst_1_axis_splitter_0_0_stub.v:5]
INFO: [Synth 8-6157] synthesizing module 'cfo_correction_inst_1_axis_splitter_1_0' [c:/Projects/pi-radio/HW/sims/cfo_correction_board/cfo_correction_board.runs/synth_1/.Xil/Vivado-54352-DESKTOP-1UDCE0K/realtime/cfo_correction_inst_1_axis_splitter_1_0_stub.v:5]
INFO: [Synth 8-6155] done synthesizing module 'cfo_correction_inst_1_axis_splitter_1_0' (0#1) [c:/Projects/pi-radio/HW/sims/cfo_correction_board/cfo_correction_board.runs/synth_1/.Xil/Vivado-54352-DESKTOP-1UDCE0K/realtime/cfo_correction_inst_1_axis_splitter_1_0_stub.v:5]
INFO: [Synth 8-6157] synthesizing module 'cfo_correction_inst_1_complex_mult_0_0' [c:/Projects/pi-radio/HW/sims/cfo_correction_board/cfo_correction_board.runs/synth_1/.Xil/Vivado-54352-DESKTOP-1UDCE0K/realtime/cfo_correction_inst_1_complex_mult_0_0_stub.v:5]
INFO: [Synth 8-6155] done synthesizing module 'cfo_correction_inst_1_complex_mult_0_0' (0#1) [c:/Projects/pi-radio/HW/sims/cfo_correction_board/cfo_correction_board.runs/synth_1/.Xil/Vivado-54352-DESKTOP-1UDCE0K/realtime/cfo_correction_inst_1_complex_mult_0_0_stub.v:5]
INFO: [Synth 8-6157] synthesizing module 'cfo_correction_inst_1_conj_0_1' [c:/Projects/pi-radio/HW/sims/cfo_correction_board/cfo_correction_board.runs/synth_1/.Xil/Vivado-54352-DESKTOP-1UDCE0K/realtime/cfo_correction_inst_1_conj_0_1_stub.v:5]
INFO: [Synth 8-6155] done synthesizing module 'cfo_correction_inst_1_conj_0_1' (0#1) [c:/Projects/pi-radio/HW/sims/cfo_correction_board/cfo_correction_board.runs/synth_1/.Xil/Vivado-54352-DESKTOP-1UDCE0K/realtime/cfo_correction_inst_1_conj_0_1_stub.v:5]
INFO: [Synth 8-6157] synthesizing module 'cfo_correction_inst_1_conj_1_0' [c:/Projects/pi-radio/HW/sims/cfo_correction_board/cfo_correction_board.runs/synth_1/.Xil/Vivado-54352-DESKTOP-1UDCE0K/realtime/cfo_correction_inst_1_conj_1_0_stub.v:5]
INFO: [Synth 8-6155] done synthesizing module 'cfo_correction_inst_1_conj_1_0' (0#1) [c:/Projects/pi-radio/HW/sims/cfo_correction_board/cfo_correction_board.runs/synth_1/.Xil/Vivado-54352-DESKTOP-1UDCE0K/realtime/cfo_correction_inst_1_conj_1_0_stub.v:5]
INFO: [Synth 8-6157] synthesizing module 'cfo_correction_inst_1_cp_rm2_0_0' [c:/Projects/pi-radio/HW/sims/cfo_correction_board/cfo_correction_board.runs/synth_1/.Xil/Vivado-54352-DESKTOP-1UDCE0K/realtime/cfo_correction_inst_1_cp_rm2_0_0_stub.v:5]
INFO: [Synth 8-6155] done synthesizing module 'cfo_correction_inst_1_cp_rm2_0_0' (0#1) [c:/Projects/pi-radio/HW/sims/cfo_correction_board/cfo_correction_board.runs/synth_1/.Xil/Vivado-54352-DESKTOP-1UDCE0K/realtime/cfo_correction_inst_1_cp_rm2_0_0_stub.v:5]
INFO: [Synth 8-6157] synthesizing module 'cfo_correction_inst_1_cp_rm_0_0' [c:/Projects/pi-radio/HW/sims/cfo_correction_board/cfo_correction_board.runs/synth_1/.Xil/Vivado-54352-DESKTOP-1UDCE0K/realtime/cfo_correction_inst_1_cp_rm_0_0_stub.v:5]
INFO: [Synth 8-6155] done synthesizing module 'cfo_correction_inst_1_cp_rm_0_0' (0#1) [c:/Projects/pi-radio/HW/sims/cfo_correction_board/cfo_correction_board.runs/synth_1/.Xil/Vivado-54352-DESKTOP-1UDCE0K/realtime/cfo_correction_inst_1_cp_rm_0_0_stub.v:5]
WARNING: [Synth 8-7071] port 'o_symbol_number' of module 'cfo_correction_inst_1_cp_rm_0_0' is unconnected for instance 'cp_rm_0' [c:/Projects/pi-radio/HW/sims/cfo_correction_board/cfo_correction_board.gen/sources_1/bd/rx_test/bd/cfo_correction_inst_1/synth/cfo_correction_inst_1.v:409]
WARNING: [Synth 8-7023] instance 'cp_rm_0' of module 'cfo_correction_inst_1_cp_rm_0_0' has 19 connections declared, but only 18 given [c:/Projects/pi-radio/HW/sims/cfo_correction_board/cfo_correction_board.gen/sources_1/bd/rx_test/bd/cfo_correction_inst_1/synth/cfo_correction_inst_1.v:409]
INFO: [Synth 8-6157] synthesizing module 'cfo_correction_inst_1_delay_0_0' [c:/Projects/pi-radio/HW/sims/cfo_correction_board/cfo_correction_board.runs/synth_1/.Xil/Vivado-54352-DESKTOP-1UDCE0K/realtime/cfo_correction_inst_1_delay_0_0_stub.v:5]
INFO: [Synth 8-6155] done synthesizing module 'cfo_correction_inst_1_delay_0_0' (0#1) [c:/Projects/pi-radio/HW/sims/cfo_correction_board/cfo_correction_board.runs/synth_1/.Xil/Vivado-54352-DESKTOP-1UDCE0K/realtime/cfo_correction_inst_1_delay_0_0_stub.v:5]
INFO: [Synth 8-6157] synthesizing module 'cfo_correction_inst_1_delay_1_0' [c:/Projects/pi-radio/HW/sims/cfo_correction_board/cfo_correction_board.runs/synth_1/.Xil/Vivado-54352-DESKTOP-1UDCE0K/realtime/cfo_correction_inst_1_delay_1_0_stub.v:5]
INFO: [Synth 8-6155] done synthesizing module 'cfo_correction_inst_1_delay_1_0' (0#1) [c:/Projects/pi-radio/HW/sims/cfo_correction_board/cfo_correction_board.runs/synth_1/.Xil/Vivado-54352-DESKTOP-1UDCE0K/realtime/cfo_correction_inst_1_delay_1_0_stub.v:5]
INFO: [Synth 8-6157] synthesizing module 'cfo_correction_inst_1_mux_0_0' [c:/Projects/pi-radio/HW/sims/cfo_correction_board/cfo_correction_board.runs/synth_1/.Xil/Vivado-54352-DESKTOP-1UDCE0K/realtime/cfo_correction_inst_1_mux_0_0_stub.v:5]
INFO: [Synth 8-6155] done synthesizing module 'cfo_correction_inst_1_mux_0_0' (0#1) [c:/Projects/pi-radio/HW/sims/cfo_correction_board/cfo_correction_board.runs/synth_1/.Xil/Vivado-54352-DESKTOP-1UDCE0K/realtime/cfo_correction_inst_1_mux_0_0_stub.v:5]
WARNING: [Synth 8-7071] port 's_axis0_tready' of module 'cfo_correction_inst_1_mux_0_0' is unconnected for instance 'mux_0' [c:/Projects/pi-radio/HW/sims/cfo_correction_board/cfo_correction_board.gen/sources_1/bd/rx_test/bd/cfo_correction_inst_1/synth/cfo_correction_inst_1.v:458]
WARNING: [Synth 8-7071] port 's_axis1_tready' of module 'cfo_correction_inst_1_mux_0_0' is unconnected for instance 'mux_0' [c:/Projects/pi-radio/HW/sims/cfo_correction_board/cfo_correction_board.gen/sources_1/bd/rx_test/bd/cfo_correction_inst_1/synth/cfo_correction_inst_1.v:458]
WARNING: [Synth 8-7023] instance 'mux_0' of module 'cfo_correction_inst_1_mux_0_0' has 20 connections declared, but only 18 given [c:/Projects/pi-radio/HW/sims/cfo_correction_board/cfo_correction_board.gen/sources_1/bd/rx_test/bd/cfo_correction_inst_1/synth/cfo_correction_inst_1.v:458]
INFO: [Synth 8-6157] synthesizing module 'cfo_correction_inst_1_scale_0_0' [c:/Projects/pi-radio/HW/sims/cfo_correction_board/cfo_correction_board.runs/synth_1/.Xil/Vivado-54352-DESKTOP-1UDCE0K/realtime/cfo_correction_inst_1_scale_0_0_stub.v:5]
INFO: [Synth 8-6155] done synthesizing module 'cfo_correction_inst_1_scale_0_0' (0#1) [c:/Projects/pi-radio/HW/sims/cfo_correction_board/cfo_correction_board.runs/synth_1/.Xil/Vivado-54352-DESKTOP-1UDCE0K/realtime/cfo_correction_inst_1_scale_0_0_stub.v:5]
INFO: [Synth 8-6157] synthesizing module 'cfo_correction_inst_1_sum_0_0' [c:/Projects/pi-radio/HW/sims/cfo_correction_board/cfo_correction_board.runs/synth_1/.Xil/Vivado-54352-DESKTOP-1UDCE0K/realtime/cfo_correction_inst_1_sum_0_0_stub.v:5]
INFO: [Synth 8-6155] done synthesizing module 'cfo_correction_inst_1_sum_0_0' (0#1) [c:/Projects/pi-radio/HW/sims/cfo_correction_board/cfo_correction_board.runs/synth_1/.Xil/Vivado-54352-DESKTOP-1UDCE0K/realtime/cfo_correction_inst_1_sum_0_0_stub.v:5]
INFO: [Synth 8-6157] synthesizing module 'cfo_correction_inst_1_tlast_symbol_0_0' [c:/Projects/pi-radio/HW/sims/cfo_correction_board/cfo_correction_board.runs/synth_1/.Xil/Vivado-54352-DESKTOP-1UDCE0K/realtime/cfo_correction_inst_1_tlast_symbol_0_0_stub.v:5]
INFO: [Synth 8-6155] done synthesizing module 'cfo_correction_inst_1_tlast_symbol_0_0' (0#1) [c:/Projects/pi-radio/HW/sims/cfo_correction_board/cfo_correction_board.runs/synth_1/.Xil/Vivado-54352-DESKTOP-1UDCE0K/realtime/cfo_correction_inst_1_tlast_symbol_0_0_stub.v:5]
INFO: [Synth 8-6157] synthesizing module 'cfo_correction_inst_1_util_vector_logic_0_0' [c:/Projects/pi-radio/HW/sims/cfo_correction_board/cfo_correction_board.runs/synth_1/.Xil/Vivado-54352-DESKTOP-1UDCE0K/realtime/cfo_correction_inst_1_util_vector_logic_0_0_stub.v:5]
INFO: [Synth 8-6155] done synthesizing module 'cfo_correction_inst_1_util_vector_logic_0_0' (0#1) [c:/Projects/pi-radio/HW/sims/cfo_correction_board/cfo_correction_board.runs/synth_1/.Xil/Vivado-54352-DESKTOP-1UDCE0K/realtime/cfo_correction_inst_1_util_vector_logic_0_0_stub.v:5]
INFO: [Synth 8-6157] synthesizing module 'cfo_correction_inst_1_xlconstant_0_0' [c:/Projects/pi-radio/HW/sims/cfo_correction_board/cfo_correction_board.gen/sources_1/bd/rx_test/bd/cfo_correction_inst_1/ip/cfo_correction_inst_1_xlconstant_0_0/synth/cfo_correction_inst_1_xlconstant_0_0.v:53]
INFO: [Synth 8-6157] synthesizing module 'xlconstant_v1_1_7_xlconstant' [c:/Projects/pi-radio/HW/sims/cfo_correction_board/cfo_correction_board.gen/sources_1/bd/rx_test/bd/cfo_correction_inst_1/ipshared/fcfc/hdl/xlconstant_v1_1_vl_rfs.v:23]
INFO: [Synth 8-6155] done synthesizing module 'xlconstant_v1_1_7_xlconstant' (0#1) [c:/Projects/pi-radio/HW/sims/cfo_correction_board/cfo_correction_board.gen/sources_1/bd/rx_test/bd/cfo_correction_inst_1/ipshared/fcfc/hdl/xlconstant_v1_1_vl_rfs.v:23]
INFO: [Synth 8-6155] done synthesizing module 'cfo_correction_inst_1_xlconstant_0_0' (0#1) [c:/Projects/pi-radio/HW/sims/cfo_correction_board/cfo_correction_board.gen/sources_1/bd/rx_test/bd/cfo_correction_inst_1/ip/cfo_correction_inst_1_xlconstant_0_0/synth/cfo_correction_inst_1_xlconstant_0_0.v:53]
INFO: [Synth 8-6155] done synthesizing module 'cfo_correction_inst_1' (0#1) [c:/Projects/pi-radio/HW/sims/cfo_correction_board/cfo_correction_board.gen/sources_1/bd/rx_test/bd/cfo_correction_inst_1/synth/cfo_correction_inst_1.v:122]
INFO: [Synth 8-6157] synthesizing module 'rx_test_playback_bram_0_0' [c:/Projects/pi-radio/HW/sims/cfo_correction_board/cfo_correction_board.runs/synth_1/.Xil/Vivado-54352-DESKTOP-1UDCE0K/realtime/rx_test_playback_bram_0_0_stub.v:5]
INFO: [Synth 8-6155] done synthesizing module 'rx_test_playback_bram_0_0' (0#1) [c:/Projects/pi-radio/HW/sims/cfo_correction_board/cfo_correction_board.runs/synth_1/.Xil/Vivado-54352-DESKTOP-1UDCE0K/realtime/rx_test_playback_bram_0_0_stub.v:5]
INFO: [Synth 8-6157] synthesizing module 'rx_test_axi_gpio_1_0' [c:/Projects/pi-radio/HW/sims/cfo_correction_board/cfo_correction_board.runs/synth_1/.Xil/Vivado-54352-DESKTOP-1UDCE0K/realtime/rx_test_axi_gpio_1_0_stub.v:5]
INFO: [Synth 8-6155] done synthesizing module 'rx_test_axi_gpio_1_0' (0#1) [c:/Projects/pi-radio/HW/sims/cfo_correction_board/cfo_correction_board.runs/synth_1/.Xil/Vivado-54352-DESKTOP-1UDCE0K/realtime/rx_test_axi_gpio_1_0_stub.v:5]
INFO: [Synth 8-6157] synthesizing module 'rx_test_proc_sys_reset_1_1' [c:/Projects/pi-radio/HW/sims/cfo_correction_board/cfo_correction_board.runs/synth_1/.Xil/Vivado-54352-DESKTOP-1UDCE0K/realtime/rx_test_proc_sys_reset_1_1_stub.v:5]
INFO: [Synth 8-6155] done synthesizing module 'rx_test_proc_sys_reset_1_1' (0#1) [c:/Projects/pi-radio/HW/sims/cfo_correction_board/cfo_correction_board.runs/synth_1/.Xil/Vivado-54352-DESKTOP-1UDCE0K/realtime/rx_test_proc_sys_reset_1_1_stub.v:5]
WARNING: [Synth 8-7071] port 'mb_reset' of module 'rx_test_proc_sys_reset_1_1' is unconnected for instance 'proc_sys_reset_1' [c:/Projects/pi-radio/HW/sims/cfo_correction_board/cfo_correction_board.gen/sources_1/bd/rx_test/synth/rx_test.v:720]
WARNING: [Synth 8-7071] port 'bus_struct_reset' of module 'rx_test_proc_sys_reset_1_1' is unconnected for instance 'proc_sys_reset_1' [c:/Projects/pi-radio/HW/sims/cfo_correction_board/cfo_correction_board.gen/sources_1/bd/rx_test/synth/rx_test.v:720]
WARNING: [Synth 8-7071] port 'peripheral_reset' of module 'rx_test_proc_sys_reset_1_1' is unconnected for instance 'proc_sys_reset_1' [c:/Projects/pi-radio/HW/sims/cfo_correction_board/cfo_correction_board.gen/sources_1/bd/rx_test/synth/rx_test.v:720]
WARNING: [Synth 8-7071] port 'interconnect_aresetn' of module 'rx_test_proc_sys_reset_1_1' is unconnected for instance 'proc_sys_reset_1' [c:/Projects/pi-radio/HW/sims/cfo_correction_board/cfo_correction_board.gen/sources_1/bd/rx_test/synth/rx_test.v:720]
WARNING: [Synth 8-7023] instance 'proc_sys_reset_1' of module 'rx_test_proc_sys_reset_1_1' has 10 connections declared, but only 6 given [c:/Projects/pi-radio/HW/sims/cfo_correction_board/cfo_correction_board.gen/sources_1/bd/rx_test/synth/rx_test.v:720]
INFO: [Synth 8-6157] synthesizing module 'rx_test_ps8_0_axi_periph_1' [c:/Projects/pi-radio/HW/sims/cfo_correction_board/cfo_correction_board.gen/sources_1/bd/rx_test/synth/rx_test.v:1127]
INFO: [Synth 8-6157] synthesizing module 'm00_couplers_imp_1UFN3ZE' [c:/Projects/pi-radio/HW/sims/cfo_correction_board/cfo_correction_board.gen/sources_1/bd/rx_test/synth/rx_test.v:12]
INFO: [Synth 8-6155] done synthesizing module 'm00_couplers_imp_1UFN3ZE' (0#1) [c:/Projects/pi-radio/HW/sims/cfo_correction_board/cfo_correction_board.gen/sources_1/bd/rx_test/synth/rx_test.v:12]
INFO: [Synth 8-6157] synthesizing module 'm01_couplers_imp_T2PCIX' [c:/Projects/pi-radio/HW/sims/cfo_correction_board/cfo_correction_board.gen/sources_1/bd/rx_test/synth/rx_test.v:137]
INFO: [Synth 8-6155] done synthesizing module 'm01_couplers_imp_T2PCIX' (0#1) [c:/Projects/pi-radio/HW/sims/cfo_correction_board/cfo_correction_board.gen/sources_1/bd/rx_test/synth/rx_test.v:137]
INFO: [Synth 8-6157] synthesizing module 'm02_couplers_imp_GGLNHP' [c:/Projects/pi-radio/HW/sims/cfo_correction_board/cfo_correction_board.gen/sources_1/bd/rx_test/synth/rx_test.v:269]
INFO: [Synth 8-6155] done synthesizing module 'm02_couplers_imp_GGLNHP' (0#1) [c:/Projects/pi-radio/HW/sims/cfo_correction_board/cfo_correction_board.gen/sources_1/bd/rx_test/synth/rx_test.v:269]
INFO: [Synth 8-6157] synthesizing module 's00_couplers_imp_SXY6PI' [c:/Projects/pi-radio/HW/sims/cfo_correction_board/cfo_correction_board.gen/sources_1/bd/rx_test/synth/rx_test.v:1914]
INFO: [Synth 8-6157] synthesizing module 'rx_test_auto_pc_0' [c:/Projects/pi-radio/HW/sims/cfo_correction_board/cfo_correction_board.runs/synth_1/.Xil/Vivado-54352-DESKTOP-1UDCE0K/realtime/rx_test_auto_pc_0_stub.v:5]
INFO: [Synth 8-6155] done synthesizing module 'rx_test_auto_pc_0' (0#1) [c:/Projects/pi-radio/HW/sims/cfo_correction_board/cfo_correction_board.runs/synth_1/.Xil/Vivado-54352-DESKTOP-1UDCE0K/realtime/rx_test_auto_pc_0_stub.v:5]
INFO: [Synth 8-6155] done synthesizing module 's00_couplers_imp_SXY6PI' (0#1) [c:/Projects/pi-radio/HW/sims/cfo_correction_board/cfo_correction_board.gen/sources_1/bd/rx_test/synth/rx_test.v:1914]
INFO: [Synth 8-6157] synthesizing module 'rx_test_xbar_3' [c:/Projects/pi-radio/HW/sims/cfo_correction_board/cfo_correction_board.runs/synth_1/.Xil/Vivado-54352-DESKTOP-1UDCE0K/realtime/rx_test_xbar_3_stub.v:5]
INFO: [Synth 8-6155] done synthesizing module 'rx_test_xbar_3' (0#1) [c:/Projects/pi-radio/HW/sims/cfo_correction_board/cfo_correction_board.runs/synth_1/.Xil/Vivado-54352-DESKTOP-1UDCE0K/realtime/rx_test_xbar_3_stub.v:5]
WARNING: [Synth 8-7071] port 'm_axi_awprot' of module 'rx_test_xbar_3' is unconnected for instance 'xbar' [c:/Projects/pi-radio/HW/sims/cfo_correction_board/cfo_correction_board.gen/sources_1/bd/rx_test/synth/rx_test.v:1748]
WARNING: [Synth 8-7071] port 'm_axi_arprot' of module 'rx_test_xbar_3' is unconnected for instance 'xbar' [c:/Projects/pi-radio/HW/sims/cfo_correction_board/cfo_correction_board.gen/sources_1/bd/rx_test/synth/rx_test.v:1748]
WARNING: [Synth 8-7023] instance 'xbar' of module 'rx_test_xbar_3' has 40 connections declared, but only 38 given [c:/Projects/pi-radio/HW/sims/cfo_correction_board/cfo_correction_board.gen/sources_1/bd/rx_test/synth/rx_test.v:1748]
INFO: [Synth 8-6155] done synthesizing module 'rx_test_ps8_0_axi_periph_1' (0#1) [c:/Projects/pi-radio/HW/sims/cfo_correction_board/cfo_correction_board.gen/sources_1/bd/rx_test/synth/rx_test.v:1127]
WARNING: [Synth 8-4446] all outputs are unconnected for this instance and logic may be removed [c:/Projects/pi-radio/HW/sims/cfo_correction_board/cfo_correction_board.gen/sources_1/bd/rx_test/synth/rx_test.v:825]
INFO: [Synth 8-6157] synthesizing module 'rx_test_system_ila_2_1' [c:/Projects/pi-radio/HW/sims/cfo_correction_board/cfo_correction_board.runs/synth_1/.Xil/Vivado-54352-DESKTOP-1UDCE0K/realtime/rx_test_system_ila_2_1_stub.v:5]
INFO: [Synth 8-6155] done synthesizing module 'rx_test_system_ila_2_1' (0#1) [c:/Projects/pi-radio/HW/sims/cfo_correction_board/cfo_correction_board.runs/synth_1/.Xil/Vivado-54352-DESKTOP-1UDCE0K/realtime/rx_test_system_ila_2_1_stub.v:5]
INFO: [Synth 8-6157] synthesizing module 'rx_test_tlast_gen_0_1' [c:/Projects/pi-radio/HW/sims/cfo_correction_board/cfo_correction_board.runs/synth_1/.Xil/Vivado-54352-DESKTOP-1UDCE0K/realtime/rx_test_tlast_gen_0_1_stub.v:5]
INFO: [Synth 8-6155] done synthesizing module 'rx_test_tlast_gen_0_1' (0#1) [c:/Projects/pi-radio/HW/sims/cfo_correction_board/cfo_correction_board.runs/synth_1/.Xil/Vivado-54352-DESKTOP-1UDCE0K/realtime/rx_test_tlast_gen_0_1_stub.v:5]
WARNING: [Synth 8-7071] port 's_axis_tready' of module 'rx_test_tlast_gen_0_1' is unconnected for instance 'tlast_gen_0' [c:/Projects/pi-radio/HW/sims/cfo_correction_board/cfo_correction_board.gen/sources_1/bd/rx_test/synth/rx_test.v:850]
WARNING: [Synth 8-7023] instance 'tlast_gen_0' of module 'rx_test_tlast_gen_0_1' has 9 connections declared, but only 8 given [c:/Projects/pi-radio/HW/sims/cfo_correction_board/cfo_correction_board.gen/sources_1/bd/rx_test/synth/rx_test.v:850]
INFO: [Synth 8-6157] synthesizing module 'rx_test_zynq_ultra_ps_e_0_1' [c:/Projects/pi-radio/HW/sims/cfo_correction_board/cfo_correction_board.runs/synth_1/.Xil/Vivado-54352-DESKTOP-1UDCE0K/realtime/rx_test_zynq_ultra_ps_e_0_1_stub.v:5]
INFO: [Synth 8-6155] done synthesizing module 'rx_test_zynq_ultra_ps_e_0_1' (0#1) [c:/Projects/pi-radio/HW/sims/cfo_correction_board/cfo_correction_board.runs/synth_1/.Xil/Vivado-54352-DESKTOP-1UDCE0K/realtime/rx_test_zynq_ultra_ps_e_0_1_stub.v:5]
WARNING: [Synth 8-7071] port 'maxigp0_awuser' of module 'rx_test_zynq_ultra_ps_e_0_1' is unconnected for instance 'zynq_ultra_ps_e_0' [c:/Projects/pi-radio/HW/sims/cfo_correction_board/cfo_correction_board.gen/sources_1/bd/rx_test/synth/rx_test.v:859]
WARNING: [Synth 8-7071] port 'maxigp0_aruser' of module 'rx_test_zynq_ultra_ps_e_0_1' is unconnected for instance 'zynq_ultra_ps_e_0' [c:/Projects/pi-radio/HW/sims/cfo_correction_board/cfo_correction_board.gen/sources_1/bd/rx_test/synth/rx_test.v:859]
WARNING: [Synth 8-7071] port 'saxigp2_bid' of module 'rx_test_zynq_ultra_ps_e_0_1' is unconnected for instance 'zynq_ultra_ps_e_0' [c:/Projects/pi-radio/HW/sims/cfo_correction_board/cfo_correction_board.gen/sources_1/bd/rx_test/synth/rx_test.v:859]
WARNING: [Synth 8-7071] port 'saxigp2_arready' of module 'rx_test_zynq_ultra_ps_e_0_1' is unconnected for instance 'zynq_ultra_ps_e_0' [c:/Projects/pi-radio/HW/sims/cfo_correction_board/cfo_correction_board.gen/sources_1/bd/rx_test/synth/rx_test.v:859]
WARNING: [Synth 8-7071] port 'saxigp2_rid' of module 'rx_test_zynq_ultra_ps_e_0_1' is unconnected for instance 'zynq_ultra_ps_e_0' [c:/Projects/pi-radio/HW/sims/cfo_correction_board/cfo_correction_board.gen/sources_1/bd/rx_test/synth/rx_test.v:859]
WARNING: [Synth 8-7071] port 'saxigp2_rdata' of module 'rx_test_zynq_ultra_ps_e_0_1' is unconnected for instance 'zynq_ultra_ps_e_0' [c:/Projects/pi-radio/HW/sims/cfo_correction_board/cfo_correction_board.gen/sources_1/bd/rx_test/synth/rx_test.v:859]
WARNING: [Synth 8-7071] port 'saxigp2_rresp' of module 'rx_test_zynq_ultra_ps_e_0_1' is unconnected for instance 'zynq_ultra_ps_e_0' [c:/Projects/pi-radio/HW/sims/cfo_correction_board/cfo_correction_board.gen/sources_1/bd/rx_test/synth/rx_test.v:859]
WARNING: [Synth 8-7071] port 'saxigp2_rlast' of module 'rx_test_zynq_ultra_ps_e_0_1' is unconnected for instance 'zynq_ultra_ps_e_0' [c:/Projects/pi-radio/HW/sims/cfo_correction_board/cfo_correction_board.gen/sources_1/bd/rx_test/synth/rx_test.v:859]
WARNING: [Synth 8-7071] port 'saxigp2_rvalid' of module 'rx_test_zynq_ultra_ps_e_0_1' is unconnected for instance 'zynq_ultra_ps_e_0' [c:/Projects/pi-radio/HW/sims/cfo_correction_board/cfo_correction_board.gen/sources_1/bd/rx_test/synth/rx_test.v:859]
WARNING: [Synth 8-7071] port 'emio_uart1_txd' of module 'rx_test_zynq_ultra_ps_e_0_1' is unconnected for instance 'zynq_ultra_ps_e_0' [c:/Projects/pi-radio/HW/sims/cfo_correction_board/cfo_correction_board.gen/sources_1/bd/rx_test/synth/rx_test.v:859]
WARNING: [Synth 8-7071] port 'pl_clk0' of module 'rx_test_zynq_ultra_ps_e_0_1' is unconnected for instance 'zynq_ultra_ps_e_0' [c:/Projects/pi-radio/HW/sims/cfo_correction_board/cfo_correction_board.gen/sources_1/bd/rx_test/synth/rx_test.v:859]
WARNING: [Synth 8-7023] instance 'zynq_ultra_ps_e_0' of module 'rx_test_zynq_ultra_ps_e_0_1' has 86 connections declared, but only 75 given [c:/Projects/pi-radio/HW/sims/cfo_correction_board/cfo_correction_board.gen/sources_1/bd/rx_test/synth/rx_test.v:859]
INFO: [Synth 8-6155] done synthesizing module 'rx_test' (0#1) [c:/Projects/pi-radio/HW/sims/cfo_correction_board/cfo_correction_board.gen/sources_1/bd/rx_test/synth/rx_test.v:401]
INFO: [Synth 8-6155] done synthesizing module 'rx_test_wrapper' (0#1) [c:/Projects/pi-radio/HW/sims/cfo_correction_board/cfo_correction_board.gen/sources_1/bd/rx_test/hdl/rx_test_wrapper.v:12]
INFO: [Synth 8-6071] Mark debug on the nets applies keep_hierarchy on instance 'axis_data_fifo_1'. This will prevent further optimization [c:/Projects/pi-radio/HW/sims/cfo_correction_board/cfo_correction_board.gen/sources_1/bd/rx_test/synth/rx_test.v:633]
INFO: [Synth 8-6071] Mark debug on the nets applies keep_hierarchy on instance 'system_ila_2'. This will prevent further optimization [c:/Projects/pi-radio/HW/sims/cfo_correction_board/cfo_correction_board.gen/sources_1/bd/rx_test/synth/rx_test.v:825]
INFO: [Synth 8-6071] Mark debug on the nets applies keep_hierarchy on instance 'axi_dma_0'. This will prevent further optimization [c:/Projects/pi-radio/HW/sims/cfo_correction_board/cfo_correction_board.gen/sources_1/bd/rx_test/synth/rx_test.v:553]
INFO: [Synth 8-6071] Mark debug on the nets applies keep_hierarchy on instance 'cfo_correction_0'. This will prevent further optimization [c:/Projects/pi-radio/HW/sims/cfo_correction_board/cfo_correction_board.gen/sources_1/bd/rx_test/synth/rx_test.v:673]
INFO: [Synth 8-6071] Mark debug on the nets applies keep_hierarchy on instance 'playback_bram_0'. This will prevent further optimization [c:/Projects/pi-radio/HW/sims/cfo_correction_board/cfo_correction_board.gen/sources_1/bd/rx_test/synth/rx_test.v:685]
INFO: [Synth 8-6071] Mark debug on the nets applies keep_hierarchy on instance 'blk_mem_gen_0'. This will prevent further optimization [c:/Projects/pi-radio/HW/sims/cfo_correction_board/cfo_correction_board.gen/sources_1/bd/rx_test/synth/rx_test.v:646]
INFO: [Synth 8-6071] Mark debug on the nets applies keep_hierarchy on instance 'tlast_gen_0'. This will prevent further optimization [c:/Projects/pi-radio/HW/sims/cfo_correction_board/cfo_correction_board.gen/sources_1/bd/rx_test/synth/rx_test.v:850]
WARNING: [Synth 8-7129] Port M_ACLK in module s00_couplers_imp_SXY6PI is either unconnected or has no load
WARNING: [Synth 8-7129] Port M_ARESETN in module s00_couplers_imp_SXY6PI is either unconnected or has no load
WARNING: [Synth 8-7129] Port M_ACLK in module m02_couplers_imp_GGLNHP is either unconnected or has no load
WARNING: [Synth 8-7129] Port M_ARESETN in module m02_couplers_imp_GGLNHP is either unconnected or has no load
WARNING: [Synth 8-7129] Port S_ACLK in module m02_couplers_imp_GGLNHP is either unconnected or has no load
WARNING: [Synth 8-7129] Port S_ARESETN in module m02_couplers_imp_GGLNHP is either unconnected or has no load
WARNING: [Synth 8-7129] Port M_ACLK in module m01_couplers_imp_T2PCIX is either unconnected or has no load
WARNING: [Synth 8-7129] Port M_ARESETN in module m01_couplers_imp_T2PCIX is either unconnected or has no load
WARNING: [Synth 8-7129] Port S_ACLK in module m01_couplers_imp_T2PCIX is either unconnected or has no load
WARNING: [Synth 8-7129] Port S_ARESETN in module m01_couplers_imp_T2PCIX is either unconnected or has no load
WARNING: [Synth 8-7129] Port M_ACLK in module m00_couplers_imp_1UFN3ZE is either unconnected or has no load
WARNING: [Synth 8-7129] Port M_ARESETN in module m00_couplers_imp_1UFN3ZE is either unconnected or has no load
WARNING: [Synth 8-7129] Port S_ACLK in module m00_couplers_imp_1UFN3ZE is either unconnected or has no load
WARNING: [Synth 8-7129] Port S_ARESETN in module m00_couplers_imp_1UFN3ZE is either unconnected or has no load
WARNING: [Synth 8-7129] Port M00_ACLK in module rx_test_ps8_0_axi_periph_1 is either unconnected or has no load
WARNING: [Synth 8-7129] Port M00_ARESETN in module rx_test_ps8_0_axi_periph_1 is either unconnected or has no load
WARNING: [Synth 8-7129] Port M01_ACLK in module rx_test_ps8_0_axi_periph_1 is either unconnected or has no load
WARNING: [Synth 8-7129] Port M01_ARESETN in module rx_test_ps8_0_axi_periph_1 is either unconnected or has no load
WARNING: [Synth 8-7129] Port M02_ACLK in module rx_test_ps8_0_axi_periph_1 is either unconnected or has no load
WARNING: [Synth 8-7129] Port M02_ARESETN in module rx_test_ps8_0_axi_periph_1 is either unconnected or has no load
WARNING: [Synth 8-7129] Port S00_ACLK in module rx_test_ps8_0_axi_periph_1 is either unconnected or has no load
WARNING: [Synth 8-7129] Port S00_ARESETN in module rx_test_ps8_0_axi_periph_1 is either unconnected or has no load
WARNING: [Synth 8-7129] Port M_ACLK in module s00_couplers_imp_6F7BMV is either unconnected or has no load
WARNING: [Synth 8-7129] Port M_ARESETN in module s00_couplers_imp_6F7BMV is either unconnected or has no load
WARNING: [Synth 8-7129] Port S_ACLK in module s00_couplers_imp_6F7BMV is either unconnected or has no load
WARNING: [Synth 8-7129] Port S_ARESETN in module s00_couplers_imp_6F7BMV is either unconnected or has no load
WARNING: [Synth 8-7129] Port ACLK in module rx_test_axi_interconnect_0_1 is either unconnected or has no load
WARNING: [Synth 8-7129] Port ARESETN in module rx_test_axi_interconnect_0_1 is either unconnected or has no load
---------------------------------------------------------------------------------
Finished RTL Elaboration : Time (s): cpu = 00:00:03 ; elapsed = 00:00:03 . Memory (MB): peak = 2276.844 ; gain = 339.465
---------------------------------------------------------------------------------
---------------------------------------------------------------------------------
Start Handling Custom Attributes
---------------------------------------------------------------------------------
---------------------------------------------------------------------------------
Finished Handling Custom Attributes : Time (s): cpu = 00:00:03 ; elapsed = 00:00:03 . Memory (MB): peak = 2298.715 ; gain = 361.336
---------------------------------------------------------------------------------
---------------------------------------------------------------------------------
Finished RTL Optimization Phase 1 : Time (s): cpu = 00:00:03 ; elapsed = 00:00:03 . Memory (MB): peak = 2298.715 ; gain = 361.336
---------------------------------------------------------------------------------
Netlist sorting complete. Time (s): cpu = 00:00:00 ; elapsed = 00:00:00.054 . Memory (MB): peak = 2298.715 ; gain = 0.000
INFO: [Project 1-570] Preparing netlist for logic optimization

Processing XDC Constraints
Initializing timing engine
Parsing XDC File [c:/Projects/pi-radio/HW/sims/cfo_correction_board/cfo_correction_board.gen/sources_1/bd/rx_test/bd/cfo_correction_inst_1/ip/cfo_correction_inst_1_conj_0_0/cfo_correction_inst_1_conj_0_0/cfo_correction_inst_0_conj_0_1_in_context.xdc] for cell 'rx_test_i/cfo_correction_0/Mixer/conj_0'
Finished Parsing XDC File [c:/Projects/pi-radio/HW/sims/cfo_correction_board/cfo_correction_board.gen/sources_1/bd/rx_test/bd/cfo_correction_inst_1/ip/cfo_correction_inst_1_conj_0_0/cfo_correction_inst_1_conj_0_0/cfo_correction_inst_0_conj_0_1_in_context.xdc] for cell 'rx_test_i/cfo_correction_0/Mixer/conj_0'
Parsing XDC File [c:/Projects/pi-radio/HW/sims/cfo_correction_board/cfo_correction_board.gen/sources_1/bd/rx_test/bd/cfo_correction_inst_1/ip/cfo_correction_inst_1_dds_top_0_0/cfo_correction_inst_1_dds_top_0_0/cfo_correction_inst_1_dds_top_0_0_in_context.xdc] for cell 'rx_test_i/cfo_correction_0/Mixer/dds_top_0'
Finished Parsing XDC File [c:/Projects/pi-radio/HW/sims/cfo_correction_board/cfo_correction_board.gen/sources_1/bd/rx_test/bd/cfo_correction_inst_1/ip/cfo_correction_inst_1_dds_top_0_0/cfo_correction_inst_1_dds_top_0_0/cfo_correction_inst_1_dds_top_0_0_in_context.xdc] for cell 'rx_test_i/cfo_correction_0/Mixer/dds_top_0'
Parsing XDC File [c:/Projects/pi-radio/HW/sims/cfo_correction_board/cfo_correction_board.gen/sources_1/bd/rx_test/bd/cfo_correction_inst_1/ip/cfo_correction_inst_1_mixer_0_0/cfo_correction_inst_1_mixer_0_0/cfo_correction_inst_1_mixer_0_0_in_context.xdc] for cell 'rx_test_i/cfo_correction_0/Mixer/mixer_0'
Finished Parsing XDC File [c:/Projects/pi-radio/HW/sims/cfo_correction_board/cfo_correction_board.gen/sources_1/bd/rx_test/bd/cfo_correction_inst_1/ip/cfo_correction_inst_1_mixer_0_0/cfo_correction_inst_1_mixer_0_0/cfo_correction_inst_1_mixer_0_0_in_context.xdc] for cell 'rx_test_i/cfo_correction_0/Mixer/mixer_0'
Parsing XDC File [c:/Projects/pi-radio/HW/sims/cfo_correction_board/cfo_correction_board.gen/sources_1/bd/rx_test/bd/cfo_correction_inst_1/ip/cfo_correction_inst_1_angle_0_0_1/cfo_correction_inst_1_angle_0_0/cfo_correction_inst_1_angle_0_0_in_context.xdc] for cell 'rx_test_i/cfo_correction_0/angle_0'
Finished Parsing XDC File [c:/Projects/pi-radio/HW/sims/cfo_correction_board/cfo_correction_board.gen/sources_1/bd/rx_test/bd/cfo_correction_inst_1/ip/cfo_correction_inst_1_angle_0_0_1/cfo_correction_inst_1_angle_0_0/cfo_correction_inst_1_angle_0_0_in_context.xdc] for cell 'rx_test_i/cfo_correction_0/angle_0'
Parsing XDC File [c:/Projects/pi-radio/HW/sims/cfo_correction_board/cfo_correction_board.gen/sources_1/bd/rx_test/bd/cfo_correction_inst_1/ip/cfo_correction_inst_1_axis_data_fifo_0_0/cfo_correction_inst_1_axis_data_fifo_0_0/cfo_correction_inst_0_axis_data_fifo_0_0_in_context.xdc] for cell 'rx_test_i/cfo_correction_0/axis_data_fifo_0'
Finished Parsing XDC File [c:/Projects/pi-radio/HW/sims/cfo_correction_board/cfo_correction_board.gen/sources_1/bd/rx_test/bd/cfo_correction_inst_1/ip/cfo_correction_inst_1_axis_data_fifo_0_0/cfo_correction_inst_1_axis_data_fifo_0_0/cfo_correction_inst_0_axis_data_fifo_0_0_in_context.xdc] for cell 'rx_test_i/cfo_correction_0/axis_data_fifo_0'
Parsing XDC File [c:/Projects/pi-radio/HW/sims/cfo_correction_board/cfo_correction_board.gen/sources_1/bd/rx_test/bd/cfo_correction_inst_1/ip/cfo_correction_inst_1_axis_data_fifo_1_0/cfo_correction_inst_1_axis_data_fifo_1_0/cfo_correction_inst_0_axis_data_fifo_1_0_in_context.xdc] for cell 'rx_test_i/cfo_correction_0/axis_data_fifo_1'
Finished Parsing XDC File [c:/Projects/pi-radio/HW/sims/cfo_correction_board/cfo_correction_board.gen/sources_1/bd/rx_test/bd/cfo_correction_inst_1/ip/cfo_correction_inst_1_axis_data_fifo_1_0/cfo_correction_inst_1_axis_data_fifo_1_0/cfo_correction_inst_0_axis_data_fifo_1_0_in_context.xdc] for cell 'rx_test_i/cfo_correction_0/axis_data_fifo_1'
Parsing XDC File [c:/Projects/pi-radio/HW/sims/cfo_correction_board/cfo_correction_board.gen/sources_1/bd/rx_test/bd/cfo_correction_inst_1/ip/cfo_correction_inst_1_axis_splitter_0_0/cfo_correction_inst_1_axis_splitter_0_0/cfo_correction_inst_0_axis_splitter_1_0_in_context.xdc] for cell 'rx_test_i/cfo_correction_0/axis_splitter_0'
Finished Parsing XDC File [c:/Projects/pi-radio/HW/sims/cfo_correction_board/cfo_correction_board.gen/sources_1/bd/rx_test/bd/cfo_correction_inst_1/ip/cfo_correction_inst_1_axis_splitter_0_0/cfo_correction_inst_1_axis_splitter_0_0/cfo_correction_inst_0_axis_splitter_1_0_in_context.xdc] for cell 'rx_test_i/cfo_correction_0/axis_splitter_0'
Parsing XDC File [c:/Projects/pi-radio/HW/sims/cfo_correction_board/cfo_correction_board.gen/sources_1/bd/rx_test/bd/cfo_correction_inst_1/ip/cfo_correction_inst_1_axis_splitter_1_0/cfo_correction_inst_1_axis_splitter_1_0/cfo_correction_inst_0_axis_splitter_1_0_in_context.xdc] for cell 'rx_test_i/cfo_correction_0/axis_splitter_1'
Finished Parsing XDC File [c:/Projects/pi-radio/HW/sims/cfo_correction_board/cfo_correction_board.gen/sources_1/bd/rx_test/bd/cfo_correction_inst_1/ip/cfo_correction_inst_1_axis_splitter_1_0/cfo_correction_inst_1_axis_splitter_1_0/cfo_correction_inst_0_axis_splitter_1_0_in_context.xdc] for cell 'rx_test_i/cfo_correction_0/axis_splitter_1'
Parsing XDC File [c:/Projects/pi-radio/HW/sims/cfo_correction_board/cfo_correction_board.gen/sources_1/bd/rx_test/bd/cfo_correction_inst_1/ip/cfo_correction_inst_1_complex_mult_0_0/cfo_correction_inst_1_complex_mult_0_0/cfo_correction_inst_1_complex_mult_0_0_in_context.xdc] for cell 'rx_test_i/cfo_correction_0/complex_mult_0'
Finished Parsing XDC File [c:/Projects/pi-radio/HW/sims/cfo_correction_board/cfo_correction_board.gen/sources_1/bd/rx_test/bd/cfo_correction_inst_1/ip/cfo_correction_inst_1_complex_mult_0_0/cfo_correction_inst_1_complex_mult_0_0/cfo_correction_inst_1_complex_mult_0_0_in_context.xdc] for cell 'rx_test_i/cfo_correction_0/complex_mult_0'
Parsing XDC File [c:/Projects/pi-radio/HW/sims/cfo_correction_board/cfo_correction_board.gen/sources_1/bd/rx_test/bd/cfo_correction_inst_1/ip/cfo_correction_inst_1_conj_0_1/cfo_correction_inst_1_conj_0_1/cfo_correction_inst_0_conj_0_1_in_context.xdc] for cell 'rx_test_i/cfo_correction_0/conj_0'
Finished Parsing XDC File [c:/Projects/pi-radio/HW/sims/cfo_correction_board/cfo_correction_board.gen/sources_1/bd/rx_test/bd/cfo_correction_inst_1/ip/cfo_correction_inst_1_conj_0_1/cfo_correction_inst_1_conj_0_1/cfo_correction_inst_0_conj_0_1_in_context.xdc] for cell 'rx_test_i/cfo_correction_0/conj_0'
Parsing XDC File [c:/Projects/pi-radio/HW/sims/cfo_correction_board/cfo_correction_board.gen/sources_1/bd/rx_test/bd/cfo_correction_inst_1/ip/cfo_correction_inst_1_conj_1_0/cfo_correction_inst_1_conj_1_0/cfo_correction_inst_0_conj_0_1_in_context.xdc] for cell 'rx_test_i/cfo_correction_0/conj_1'
Finished Parsing XDC File [c:/Projects/pi-radio/HW/sims/cfo_correction_board/cfo_correction_board.gen/sources_1/bd/rx_test/bd/cfo_correction_inst_1/ip/cfo_correction_inst_1_conj_1_0/cfo_correction_inst_1_conj_1_0/cfo_correction_inst_0_conj_0_1_in_context.xdc] for cell 'rx_test_i/cfo_correction_0/conj_1'
Parsing XDC File [c:/Projects/pi-radio/HW/sims/cfo_correction_board/cfo_correction_board.gen/sources_1/bd/rx_test/bd/cfo_correction_inst_1/ip/cfo_correction_inst_1_cp_rm2_0_0/cfo_correction_inst_1_cp_rm2_0_0/cfo_correction_inst_0_cp_rm2_0_0_in_context.xdc] for cell 'rx_test_i/cfo_correction_0/cp_rm2_0'
Finished Parsing XDC File [c:/Projects/pi-radio/HW/sims/cfo_correction_board/cfo_correction_board.gen/sources_1/bd/rx_test/bd/cfo_correction_inst_1/ip/cfo_correction_inst_1_cp_rm2_0_0/cfo_correction_inst_1_cp_rm2_0_0/cfo_correction_inst_0_cp_rm2_0_0_in_context.xdc] for cell 'rx_test_i/cfo_correction_0/cp_rm2_0'
Parsing XDC File [c:/Projects/pi-radio/HW/sims/cfo_correction_board/cfo_correction_board.gen/sources_1/bd/rx_test/bd/cfo_correction_inst_1/ip/cfo_correction_inst_1_cp_rm_0_0/cfo_correction_inst_1_cp_rm_0_0/cfo_correction_inst_0_cp_rm_0_0_in_context.xdc] for cell 'rx_test_i/cfo_correction_0/cp_rm_0'
Finished Parsing XDC File [c:/Projects/pi-radio/HW/sims/cfo_correction_board/cfo_correction_board.gen/sources_1/bd/rx_test/bd/cfo_correction_inst_1/ip/cfo_correction_inst_1_cp_rm_0_0/cfo_correction_inst_1_cp_rm_0_0/cfo_correction_inst_0_cp_rm_0_0_in_context.xdc] for cell 'rx_test_i/cfo_correction_0/cp_rm_0'
Parsing XDC File [c:/Projects/pi-radio/HW/sims/cfo_correction_board/cfo_correction_board.gen/sources_1/bd/rx_test/bd/cfo_correction_inst_1/ip/cfo_correction_inst_1_delay_0_0/cfo_correction_inst_1_delay_0_0/cfo_correction_inst_0_delay_0_0_in_context.xdc] for cell 'rx_test_i/cfo_correction_0/delay_0'
Finished Parsing XDC File [c:/Projects/pi-radio/HW/sims/cfo_correction_board/cfo_correction_board.gen/sources_1/bd/rx_test/bd/cfo_correction_inst_1/ip/cfo_correction_inst_1_delay_0_0/cfo_correction_inst_1_delay_0_0/cfo_correction_inst_0_delay_0_0_in_context.xdc] for cell 'rx_test_i/cfo_correction_0/delay_0'
Parsing XDC File [c:/Projects/pi-radio/HW/sims/cfo_correction_board/cfo_correction_board.gen/sources_1/bd/rx_test/bd/cfo_correction_inst_1/ip/cfo_correction_inst_1_delay_1_0/cfo_correction_inst_1_delay_1_0/cfo_correction_inst_0_delay_1_0_in_context.xdc] for cell 'rx_test_i/cfo_correction_0/delay_1'
Finished Parsing XDC File [c:/Projects/pi-radio/HW/sims/cfo_correction_board/cfo_correction_board.gen/sources_1/bd/rx_test/bd/cfo_correction_inst_1/ip/cfo_correction_inst_1_delay_1_0/cfo_correction_inst_1_delay_1_0/cfo_correction_inst_0_delay_1_0_in_context.xdc] for cell 'rx_test_i/cfo_correction_0/delay_1'
Parsing XDC File [c:/Projects/pi-radio/HW/sims/cfo_correction_board/cfo_correction_board.gen/sources_1/bd/rx_test/bd/cfo_correction_inst_1/ip/cfo_correction_inst_1_mux_0_0/cfo_correction_inst_1_mux_0_0/cfo_correction_inst_0_mux_0_0_in_context.xdc] for cell 'rx_test_i/cfo_correction_0/mux_0'
Finished Parsing XDC File [c:/Projects/pi-radio/HW/sims/cfo_correction_board/cfo_correction_board.gen/sources_1/bd/rx_test/bd/cfo_correction_inst_1/ip/cfo_correction_inst_1_mux_0_0/cfo_correction_inst_1_mux_0_0/cfo_correction_inst_0_mux_0_0_in_context.xdc] for cell 'rx_test_i/cfo_correction_0/mux_0'
Parsing XDC File [c:/Projects/pi-radio/HW/sims/cfo_correction_board/cfo_correction_board.gen/sources_1/bd/rx_test/bd/cfo_correction_inst_1/ip/cfo_correction_inst_1_scale_0_0/cfo_correction_inst_1_scale_0_0/cfo_correction_inst_1_scale_0_0_in_context.xdc] for cell 'rx_test_i/cfo_correction_0/scale_0'
Finished Parsing XDC File [c:/Projects/pi-radio/HW/sims/cfo_correction_board/cfo_correction_board.gen/sources_1/bd/rx_test/bd/cfo_correction_inst_1/ip/cfo_correction_inst_1_scale_0_0/cfo_correction_inst_1_scale_0_0/cfo_correction_inst_1_scale_0_0_in_context.xdc] for cell 'rx_test_i/cfo_correction_0/scale_0'
Parsing XDC File [c:/Projects/pi-radio/HW/sims/cfo_correction_board/cfo_correction_board.gen/sources_1/bd/rx_test/bd/cfo_correction_inst_1/ip/cfo_correction_inst_1_sum_0_0/cfo_correction_inst_1_sum_0_0/cfo_correction_inst_0_sum_0_0_in_context.xdc] for cell 'rx_test_i/cfo_correction_0/sum_0'
Finished Parsing XDC File [c:/Projects/pi-radio/HW/sims/cfo_correction_board/cfo_correction_board.gen/sources_1/bd/rx_test/bd/cfo_correction_inst_1/ip/cfo_correction_inst_1_sum_0_0/cfo_correction_inst_1_sum_0_0/cfo_correction_inst_0_sum_0_0_in_context.xdc] for cell 'rx_test_i/cfo_correction_0/sum_0'
Parsing XDC File [c:/Projects/pi-radio/HW/sims/cfo_correction_board/cfo_correction_board.gen/sources_1/bd/rx_test/bd/cfo_correction_inst_1/ip/cfo_correction_inst_1_tlast_symbol_0_0/cfo_correction_inst_1_tlast_symbol_0_0/cfo_correction_inst_0_tlast_symbol_0_0_in_context.xdc] for cell 'rx_test_i/cfo_correction_0/tlast_symbol_0'
Finished Parsing XDC File [c:/Projects/pi-radio/HW/sims/cfo_correction_board/cfo_correction_board.gen/sources_1/bd/rx_test/bd/cfo_correction_inst_1/ip/cfo_correction_inst_1_tlast_symbol_0_0/cfo_correction_inst_1_tlast_symbol_0_0/cfo_correction_inst_0_tlast_symbol_0_0_in_context.xdc] for cell 'rx_test_i/cfo_correction_0/tlast_symbol_0'
Parsing XDC File [c:/Projects/pi-radio/HW/sims/cfo_correction_board/cfo_correction_board.gen/sources_1/bd/rx_test/bd/cfo_correction_inst_1/ip/cfo_correction_inst_1_util_vector_logic_0_0/cfo_correction_inst_1_util_vector_logic_0_0/cfo_correction_inst_0_util_vector_logic_0_0_in_context.xdc] for cell 'rx_test_i/cfo_correction_0/util_vector_logic_0'
Finished Parsing XDC File [c:/Projects/pi-radio/HW/sims/cfo_correction_board/cfo_correction_board.gen/sources_1/bd/rx_test/bd/cfo_correction_inst_1/ip/cfo_correction_inst_1_util_vector_logic_0_0/cfo_correction_inst_1_util_vector_logic_0_0/cfo_correction_inst_0_util_vector_logic_0_0_in_context.xdc] for cell 'rx_test_i/cfo_correction_0/util_vector_logic_0'
Parsing XDC File [c:/Projects/pi-radio/HW/sims/cfo_correction_board/cfo_correction_board.gen/sources_1/bd/rx_test/ip/rx_test_axi_gpio_0_1/rx_test_axi_gpio_0_1/rx_test_axi_gpio_0_0_in_context.xdc] for cell 'rx_test_i/bypass_start'
Finished Parsing XDC File [c:/Projects/pi-radio/HW/sims/cfo_correction_board/cfo_correction_board.gen/sources_1/bd/rx_test/ip/rx_test_axi_gpio_0_1/rx_test_axi_gpio_0_1/rx_test_axi_gpio_0_0_in_context.xdc] for cell 'rx_test_i/bypass_start'
Parsing XDC File [c:/Projects/pi-radio/HW/sims/cfo_correction_board/cfo_correction_board.gen/sources_1/bd/rx_test/ip/rx_test_axis_data_fifo_1_1/rx_test_axis_data_fifo_1_1/rx_test_axis_data_fifo_1_0_in_context.xdc] for cell 'rx_test_i/axis_data_fifo_1'
Finished Parsing XDC File [c:/Projects/pi-radio/HW/sims/cfo_correction_board/cfo_correction_board.gen/sources_1/bd/rx_test/ip/rx_test_axis_data_fifo_1_1/rx_test_axis_data_fifo_1_1/rx_test_axis_data_fifo_1_0_in_context.xdc] for cell 'rx_test_i/axis_data_fifo_1'
Parsing XDC File [c:/Projects/pi-radio/HW/sims/cfo_correction_board/cfo_correction_board.gen/sources_1/bd/rx_test/ip/rx_test_proc_sys_reset_1_1/rx_test_proc_sys_reset_1_1/rx_test_proc_sys_reset_1_0_in_context.xdc] for cell 'rx_test_i/proc_sys_reset_1'
Finished Parsing XDC File [c:/Projects/pi-radio/HW/sims/cfo_correction_board/cfo_correction_board.gen/sources_1/bd/rx_test/ip/rx_test_proc_sys_reset_1_1/rx_test_proc_sys_reset_1_1/rx_test_proc_sys_reset_1_0_in_context.xdc] for cell 'rx_test_i/proc_sys_reset_1'
Parsing XDC File [c:/Projects/pi-radio/HW/sims/cfo_correction_board/cfo_correction_board.gen/sources_1/bd/rx_test/ip/rx_test_xbar_3/rx_test_xbar_3/rx_test_xbar_3_in_context.xdc] for cell 'rx_test_i/ps8_0_axi_periph/xbar'
Finished Parsing XDC File [c:/Projects/pi-radio/HW/sims/cfo_correction_board/cfo_correction_board.gen/sources_1/bd/rx_test/ip/rx_test_xbar_3/rx_test_xbar_3/rx_test_xbar_3_in_context.xdc] for cell 'rx_test_i/ps8_0_axi_periph/xbar'
Parsing XDC File [c:/Projects/pi-radio/HW/sims/cfo_correction_board/cfo_correction_board.gen/sources_1/bd/rx_test/ip/rx_test_auto_pc_0/rx_test_auto_pc_0/rx_test_auto_pc_0_in_context.xdc] for cell 'rx_test_i/ps8_0_axi_periph/s00_couplers/auto_pc'
Finished Parsing XDC File [c:/Projects/pi-radio/HW/sims/cfo_correction_board/cfo_correction_board.gen/sources_1/bd/rx_test/ip/rx_test_auto_pc_0/rx_test_auto_pc_0/rx_test_auto_pc_0_in_context.xdc] for cell 'rx_test_i/ps8_0_axi_periph/s00_couplers/auto_pc'
Parsing XDC File [c:/Projects/pi-radio/HW/sims/cfo_correction_board/cfo_correction_board.gen/sources_1/bd/rx_test/ip/rx_test_system_ila_2_1/rx_test_system_ila_2_1/rx_test_system_ila_2_1_in_context.xdc] for cell 'rx_test_i/system_ila_2'
Finished Parsing XDC File [c:/Projects/pi-radio/HW/sims/cfo_correction_board/cfo_correction_board.gen/sources_1/bd/rx_test/ip/rx_test_system_ila_2_1/rx_test_system_ila_2_1/rx_test_system_ila_2_1_in_context.xdc] for cell 'rx_test_i/system_ila_2'
Parsing XDC File [c:/Projects/pi-radio/HW/sims/cfo_correction_board/cfo_correction_board.gen/sources_1/bd/rx_test/ip/rx_test_tlast_gen_0_1/rx_test_tlast_gen_0_1/rx_test_tlast_gen_0_0_in_context.xdc] for cell 'rx_test_i/tlast_gen_0'
Finished Parsing XDC File [c:/Projects/pi-radio/HW/sims/cfo_correction_board/cfo_correction_board.gen/sources_1/bd/rx_test/ip/rx_test_tlast_gen_0_1/rx_test_tlast_gen_0_1/rx_test_tlast_gen_0_0_in_context.xdc] for cell 'rx_test_i/tlast_gen_0'
Parsing XDC File [c:/Projects/pi-radio/HW/sims/cfo_correction_board/cfo_correction_board.gen/sources_1/bd/rx_test/ip/rx_test_zynq_ultra_ps_e_0_1/rx_test_zynq_ultra_ps_e_0_1/rx_test_zynq_ultra_ps_e_0_1_in_context.xdc] for cell 'rx_test_i/zynq_ultra_ps_e_0'
Finished Parsing XDC File [c:/Projects/pi-radio/HW/sims/cfo_correction_board/cfo_correction_board.gen/sources_1/bd/rx_test/ip/rx_test_zynq_ultra_ps_e_0_1/rx_test_zynq_ultra_ps_e_0_1/rx_test_zynq_ultra_ps_e_0_1_in_context.xdc] for cell 'rx_test_i/zynq_ultra_ps_e_0'
Parsing XDC File [c:/Projects/pi-radio/HW/sims/cfo_correction_board/cfo_correction_board.gen/sources_1/bd/rx_test/ip/rx_test_axi_dma_0_1/rx_test_axi_dma_0_1/rx_test_axi_dma_0_1_in_context.xdc] for cell 'rx_test_i/axi_dma_0'
Finished Parsing XDC File [c:/Projects/pi-radio/HW/sims/cfo_correction_board/cfo_correction_board.gen/sources_1/bd/rx_test/ip/rx_test_axi_dma_0_1/rx_test_axi_dma_0_1/rx_test_axi_dma_0_1_in_context.xdc] for cell 'rx_test_i/axi_dma_0'
Parsing XDC File [c:/Projects/pi-radio/HW/sims/cfo_correction_board/cfo_correction_board.gen/sources_1/bd/rx_test/ip/rx_test_axi_gpio_1_0/rx_test_axi_gpio_1_0/rx_test_axi_gpio_1_0_in_context.xdc] for cell 'rx_test_i/playback_symbols'
Finished Parsing XDC File [c:/Projects/pi-radio/HW/sims/cfo_correction_board/cfo_correction_board.gen/sources_1/bd/rx_test/ip/rx_test_axi_gpio_1_0/rx_test_axi_gpio_1_0/rx_test_axi_gpio_1_0_in_context.xdc] for cell 'rx_test_i/playback_symbols'
Parsing XDC File [c:/Projects/pi-radio/HW/sims/cfo_correction_board/cfo_correction_board.gen/sources_1/bd/rx_test/ip/rx_test_playback_bram_0_0/rx_test_playback_bram_0_0/rx_test_playback_bram_0_0_in_context.xdc] for cell 'rx_test_i/playback_bram_0'
Finished Parsing XDC File [c:/Projects/pi-radio/HW/sims/cfo_correction_board/cfo_correction_board.gen/sources_1/bd/rx_test/ip/rx_test_playback_bram_0_0/rx_test_playback_bram_0_0/rx_test_playback_bram_0_0_in_context.xdc] for cell 'rx_test_i/playback_bram_0'
Parsing XDC File [c:/Projects/pi-radio/HW/sims/cfo_correction_board/cfo_correction_board.gen/sources_1/bd/rx_test/ip/rx_test_blk_mem_gen_0_0/rx_test_blk_mem_gen_0_0/rx_test_blk_mem_gen_0_0_in_context.xdc] for cell 'rx_test_i/blk_mem_gen_0'
Finished Parsing XDC File [c:/Projects/pi-radio/HW/sims/cfo_correction_board/cfo_correction_board.gen/sources_1/bd/rx_test/ip/rx_test_blk_mem_gen_0_0/rx_test_blk_mem_gen_0_0/rx_test_blk_mem_gen_0_0_in_context.xdc] for cell 'rx_test_i/blk_mem_gen_0'
Parsing XDC File [c:/Projects/pi-radio/HW/sims/cfo_correction_board/cfo_correction_board.runs/synth_1/dont_touch.xdc]
Finished Parsing XDC File [c:/Projects/pi-radio/HW/sims/cfo_correction_board/cfo_correction_board.runs/synth_1/dont_touch.xdc]
Completed Processing XDC Constraints

Netlist sorting complete. Time (s): cpu = 00:00:00 ; elapsed = 00:00:00 . Memory (MB): peak = 2334.023 ; gain = 0.000
INFO: [Project 1-111] Unisim Transformation Summary:
No Unisim elements were transformed.

Constraint Validation Runtime : Time (s): cpu = 00:00:00 ; elapsed = 00:00:00.009 . Memory (MB): peak = 2334.023 ; gain = 0.000
WARNING: [Timing 38-316] Clock period '10.000' specified during out-of-context synthesis of instance 'rx_test_i/bypass_start' at clock pin 's_axi_aclk' is different from the actual clock period '4.000', this can lead to different synthesis results.
WARNING: [Timing 38-316] Clock period '10.000' specified during out-of-context synthesis of instance 'rx_test_i/playback_symbols' at clock pin 's_axi_aclk' is different from the actual clock period '4.000', this can lead to different synthesis results.
INFO: [Designutils 20-5440] No compile time benefit to using incremental synthesis; A full resynthesis will be run
INFO: [Designutils 20-4379] Flow is switching to default flow due to incremental criteria not met. If you would like to alter this behaviour and have the flow terminate instead, please set the following parameter config_implementation {autoIncr.Synth.RejectBehavior Terminate}
---------------------------------------------------------------------------------
Finished Constraint Validation : Time (s): cpu = 00:00:10 ; elapsed = 00:00:10 . Memory (MB): peak = 2334.023 ; gain = 396.645
---------------------------------------------------------------------------------
---------------------------------------------------------------------------------
Start Loading Part and Timing Information
---------------------------------------------------------------------------------
Loading part: xczu28dr-ffvg1517-2-e
INFO: [Synth 8-6742] Reading net delay rules and data
---------------------------------------------------------------------------------
Finished Loading Part and Timing Information : Time (s): cpu = 00:00:10 ; elapsed = 00:00:10 . Memory (MB): peak = 2334.023 ; gain = 396.645
---------------------------------------------------------------------------------
---------------------------------------------------------------------------------
Start Applying 'set_property' XDC Constraints
---------------------------------------------------------------------------------
Applied set_property KEEP_HIERARCHY = SOFT for rx_test_i/cfo_correction_0. (constraint file  auto generated constraint).
Applied set_property KEEP_HIERARCHY = SOFT for rx_test_i/cfo_correction_0/Mixer/conj_0. (constraint file  auto generated constraint).
Applied set_property KEEP_HIERARCHY = SOFT for rx_test_i/cfo_correction_0/Mixer/dds_top_0. (constraint file  auto generated constraint).
Applied set_property KEEP_HIERARCHY = SOFT for rx_test_i/cfo_correction_0/Mixer/mixer_0. (constraint file  auto generated constraint).
Applied set_property KEEP_HIERARCHY = SOFT for rx_test_i/cfo_correction_0/angle_0. (constraint file  auto generated constraint).
Applied set_property KEEP_HIERARCHY = SOFT for rx_test_i/cfo_correction_0/axis_data_fifo_0. (constraint file  auto generated constraint).
Applied set_property KEEP_HIERARCHY = SOFT for rx_test_i/cfo_correction_0/axis_data_fifo_1. (constraint file  auto generated constraint).
Applied set_property KEEP_HIERARCHY = SOFT for rx_test_i/cfo_correction_0/axis_splitter_0. (constraint file  auto generated constraint).
Applied set_property KEEP_HIERARCHY = SOFT for rx_test_i/cfo_correction_0/axis_splitter_1. (constraint file  auto generated constraint).
Applied set_property KEEP_HIERARCHY = SOFT for rx_test_i/cfo_correction_0/complex_mult_0. (constraint file  auto generated constraint).
Applied set_property KEEP_HIERARCHY = SOFT for rx_test_i/cfo_correction_0/conj_0. (constraint file  auto generated constraint).
Applied set_property KEEP_HIERARCHY = SOFT for rx_test_i/cfo_correction_0/conj_1. (constraint file  auto generated constraint).
Applied set_property KEEP_HIERARCHY = SOFT for rx_test_i/cfo_correction_0/cp_rm2_0. (constraint file  auto generated constraint).
Applied set_property KEEP_HIERARCHY = SOFT for rx_test_i/cfo_correction_0/cp_rm_0. (constraint file  auto generated constraint).
Applied set_property KEEP_HIERARCHY = SOFT for rx_test_i/cfo_correction_0/delay_0. (constraint file  auto generated constraint).
Applied set_property KEEP_HIERARCHY = SOFT for rx_test_i/cfo_correction_0/delay_1. (constraint file  auto generated constraint).
Applied set_property KEEP_HIERARCHY = SOFT for rx_test_i/cfo_correction_0/mux_0. (constraint file  auto generated constraint).
Applied set_property KEEP_HIERARCHY = SOFT for rx_test_i/cfo_correction_0/scale_0. (constraint file  auto generated constraint).
Applied set_property KEEP_HIERARCHY = SOFT for rx_test_i/cfo_correction_0/sum_0. (constraint file  auto generated constraint).
Applied set_property KEEP_HIERARCHY = SOFT for rx_test_i/cfo_correction_0/tlast_symbol_0. (constraint file  auto generated constraint).
Applied set_property KEEP_HIERARCHY = SOFT for rx_test_i/cfo_correction_0/util_vector_logic_0. (constraint file  auto generated constraint).
Applied set_property KEEP_HIERARCHY = SOFT for rx_test_i/cfo_correction_0/xlconstant_0. (constraint file  auto generated constraint).
Applied set_property KEEP_HIERARCHY = SOFT for rx_test_i. (constraint file  auto generated constraint).
Applied set_property KEEP_HIERARCHY = SOFT for rx_test_i/bypass_start. (constraint file  auto generated constraint).
Applied set_property KEEP_HIERARCHY = SOFT for rx_test_i/axi_interconnect_0. (constraint file  auto generated constraint).
Applied set_property KEEP_HIERARCHY = SOFT for rx_test_i/axis_data_fifo_1. (constraint file  auto generated constraint).
Applied set_property KEEP_HIERARCHY = SOFT for rx_test_i/proc_sys_reset_1. (constraint file  auto generated constraint).
Applied set_property KEEP_HIERARCHY = SOFT for rx_test_i/ps8_0_axi_periph/xbar. (constraint file  auto generated constraint).
Applied set_property KEEP_HIERARCHY = SOFT for rx_test_i/ps8_0_axi_periph/s00_couplers/auto_pc. (constraint file  auto generated constraint).
Applied set_property KEEP_HIERARCHY = SOFT for rx_test_i/ps8_0_axi_periph. (constraint file  auto generated constraint).
Applied set_property KEEP_HIERARCHY = SOFT for rx_test_i/system_ila_2. (constraint file  auto generated constraint).
Applied set_property KEEP_HIERARCHY = SOFT for rx_test_i/tlast_gen_0. (constraint file  auto generated constraint).
Applied set_property KEEP_HIERARCHY = SOFT for rx_test_i/zynq_ultra_ps_e_0. (constraint file  auto generated constraint).
Applied set_property KEEP_HIERARCHY = SOFT for rx_test_i/axi_dma_0. (constraint file  auto generated constraint).
Applied set_property KEEP_HIERARCHY = SOFT for rx_test_i/playback_symbols. (constraint file  auto generated constraint).
Applied set_property KEEP_HIERARCHY = SOFT for rx_test_i/playback_bram_0. (constraint file  auto generated constraint).
Applied set_property KEEP_HIERARCHY = SOFT for rx_test_i/blk_mem_gen_0. (constraint file  auto generated constraint).
---------------------------------------------------------------------------------
Finished applying 'set_property' XDC Constraints : Time (s): cpu = 00:00:10 ; elapsed = 00:00:10 . Memory (MB): peak = 2334.023 ; gain = 396.645
---------------------------------------------------------------------------------
---------------------------------------------------------------------------------
Finished RTL Optimization Phase 2 : Time (s): cpu = 00:00:10 ; elapsed = 00:00:10 . Memory (MB): peak = 2334.023 ; gain = 396.645
---------------------------------------------------------------------------------
---------------------------------------------------------------------------------
Start RTL Component Statistics 
---------------------------------------------------------------------------------
Detailed RTL Component Info : 
---------------------------------------------------------------------------------
Finished RTL Component Statistics 
---------------------------------------------------------------------------------
---------------------------------------------------------------------------------
Start Part Resource Summary
---------------------------------------------------------------------------------
Part Resources:
DSPs: 4272 (col length:192)
BRAMs: 2160 (col length: RAMB18 192 RAMB36 96)
---------------------------------------------------------------------------------
Finished Part Resource Summary
---------------------------------------------------------------------------------
---------------------------------------------------------------------------------
Start Cross Boundary and Area Optimization
---------------------------------------------------------------------------------
WARNING: [Synth 8-7080] Parallel synthesis criteria is not met
WARNING: [Synth 8-7129] Port M00_ACLK in module rx_test_ps8_0_axi_periph_1 is either unconnected or has no load
WARNING: [Synth 8-7129] Port M00_ARESETN in module rx_test_ps8_0_axi_periph_1 is either unconnected or has no load
WARNING: [Synth 8-7129] Port M01_ACLK in module rx_test_ps8_0_axi_periph_1 is either unconnected or has no load
WARNING: [Synth 8-7129] Port M01_ARESETN in module rx_test_ps8_0_axi_periph_1 is either unconnected or has no load
WARNING: [Synth 8-7129] Port M02_ACLK in module rx_test_ps8_0_axi_periph_1 is either unconnected or has no load
WARNING: [Synth 8-7129] Port M02_ARESETN in module rx_test_ps8_0_axi_periph_1 is either unconnected or has no load
WARNING: [Synth 8-7129] Port S00_ACLK in module rx_test_ps8_0_axi_periph_1 is either unconnected or has no load
WARNING: [Synth 8-7129] Port S00_ARESETN in module rx_test_ps8_0_axi_periph_1 is either unconnected or has no load
WARNING: [Synth 8-7129] Port ACLK in module rx_test_axi_interconnect_0_1 is either unconnected or has no load
WARNING: [Synth 8-7129] Port ARESETN in module rx_test_axi_interconnect_0_1 is either unconnected or has no load
WARNING: [Synth 8-7129] Port M00_ACLK in module rx_test_axi_interconnect_0_1 is either unconnected or has no load
WARNING: [Synth 8-7129] Port M00_ARESETN in module rx_test_axi_interconnect_0_1 is either unconnected or has no load
WARNING: [Synth 8-7129] Port S00_ACLK in module rx_test_axi_interconnect_0_1 is either unconnected or has no load
WARNING: [Synth 8-7129] Port S00_ARESETN in module rx_test_axi_interconnect_0_1 is either unconnected or has no load
---------------------------------------------------------------------------------
Finished Cross Boundary and Area Optimization : Time (s): cpu = 00:00:11 ; elapsed = 00:00:11 . Memory (MB): peak = 2334.023 ; gain = 396.645
---------------------------------------------------------------------------------
---------------------------------------------------------------------------------
Start Applying XDC Timing Constraints
---------------------------------------------------------------------------------
---------------------------------------------------------------------------------
Finished Applying XDC Timing Constraints : Time (s): cpu = 00:00:16 ; elapsed = 00:00:17 . Memory (MB): peak = 2764.945 ; gain = 827.566
---------------------------------------------------------------------------------
---------------------------------------------------------------------------------
Start Timing Optimization
---------------------------------------------------------------------------------
---------------------------------------------------------------------------------
Finished Timing Optimization : Time (s): cpu = 00:00:16 ; elapsed = 00:00:17 . Memory (MB): peak = 2765.012 ; gain = 827.633
---------------------------------------------------------------------------------
---------------------------------------------------------------------------------
Start Technology Mapping
---------------------------------------------------------------------------------
---------------------------------------------------------------------------------
Finished Technology Mapping : Time (s): cpu = 00:00:16 ; elapsed = 00:00:17 . Memory (MB): peak = 2786.004 ; gain = 848.625
---------------------------------------------------------------------------------
---------------------------------------------------------------------------------
Start IO Insertion
---------------------------------------------------------------------------------
---------------------------------------------------------------------------------
Start Flattening Before IO Insertion
---------------------------------------------------------------------------------
---------------------------------------------------------------------------------
Finished Flattening Before IO Insertion
---------------------------------------------------------------------------------
---------------------------------------------------------------------------------
Start Final Netlist Cleanup
---------------------------------------------------------------------------------
---------------------------------------------------------------------------------
Finished Final Netlist Cleanup
---------------------------------------------------------------------------------
---------------------------------------------------------------------------------
Finished IO Insertion : Time (s): cpu = 00:00:18 ; elapsed = 00:00:18 . Memory (MB): peak = 2792.750 ; gain = 855.371
---------------------------------------------------------------------------------
---------------------------------------------------------------------------------
Start Renaming Generated Instances
---------------------------------------------------------------------------------
---------------------------------------------------------------------------------
Finished Renaming Generated Instances : Time (s): cpu = 00:00:18 ; elapsed = 00:00:18 . Memory (MB): peak = 2792.750 ; gain = 855.371
---------------------------------------------------------------------------------
---------------------------------------------------------------------------------
Start Rebuilding User Hierarchy
---------------------------------------------------------------------------------
---------------------------------------------------------------------------------
Finished Rebuilding User Hierarchy : Time (s): cpu = 00:00:18 ; elapsed = 00:00:18 . Memory (MB): peak = 2792.750 ; gain = 855.371
---------------------------------------------------------------------------------
---------------------------------------------------------------------------------
Start Renaming Generated Ports
---------------------------------------------------------------------------------
---------------------------------------------------------------------------------
Finished Renaming Generated Ports : Time (s): cpu = 00:00:18 ; elapsed = 00:00:18 . Memory (MB): peak = 2792.750 ; gain = 855.371
---------------------------------------------------------------------------------
---------------------------------------------------------------------------------
Start Handling Custom Attributes
---------------------------------------------------------------------------------
---------------------------------------------------------------------------------
Finished Handling Custom Attributes : Time (s): cpu = 00:00:18 ; elapsed = 00:00:18 . Memory (MB): peak = 2792.750 ; gain = 855.371
---------------------------------------------------------------------------------
---------------------------------------------------------------------------------
Start Renaming Generated Nets
---------------------------------------------------------------------------------
---------------------------------------------------------------------------------
Finished Renaming Generated Nets : Time (s): cpu = 00:00:18 ; elapsed = 00:00:18 . Memory (MB): peak = 2792.750 ; gain = 855.371
---------------------------------------------------------------------------------
---------------------------------------------------------------------------------
Start Writing Synthesis Report
---------------------------------------------------------------------------------

Report BlackBoxes: 
+------+--------------------------------------------+----------+
|      |BlackBox name                               |Instances |
+------+--------------------------------------------+----------+
|1     |cfo_correction_inst_1_angle_0_0             |         1|
|2     |cfo_correction_inst_1_axis_data_fifo_0_0    |         1|
|3     |cfo_correction_inst_1_axis_data_fifo_1_0    |         1|
|4     |cfo_correction_inst_1_axis_splitter_0_0     |         1|
|5     |cfo_correction_inst_1_axis_splitter_1_0     |         1|
|6     |cfo_correction_inst_1_complex_mult_0_0      |         1|
|7     |cfo_correction_inst_1_conj_0_1              |         1|
|8     |cfo_correction_inst_1_conj_1_0              |         1|
|9     |cfo_correction_inst_1_cp_rm2_0_0            |         1|
|10    |cfo_correction_inst_1_cp_rm_0_0             |         1|
|11    |cfo_correction_inst_1_delay_0_0             |         1|
|12    |cfo_correction_inst_1_delay_1_0             |         1|
|13    |cfo_correction_inst_1_mux_0_0               |         1|
|14    |cfo_correction_inst_1_scale_0_0             |         1|
|15    |cfo_correction_inst_1_sum_0_0               |         1|
|16    |cfo_correction_inst_1_tlast_symbol_0_0      |         1|
|17    |cfo_correction_inst_1_util_vector_logic_0_0 |         1|
|18    |cfo_correction_inst_1_conj_0_0              |         1|
|19    |cfo_correction_inst_1_dds_top_0_0           |         1|
|20    |cfo_correction_inst_1_mixer_0_0             |         1|
|21    |rx_test_xbar_3                              |         1|
|22    |rx_test_auto_pc_0                           |         1|
|23    |rx_test_axi_dma_0_1                         |         1|
|24    |rx_test_axis_data_fifo_1_1                  |         1|
|25    |rx_test_blk_mem_gen_0_0                     |         1|
|26    |rx_test_axi_gpio_0_1                        |         1|
|27    |rx_test_playback_bram_0_0                   |         1|
|28    |rx_test_axi_gpio_1_0                        |         1|
|29    |rx_test_proc_sys_reset_1_1                  |         1|
|30    |rx_test_system_ila_2_1                      |         1|
|31    |rx_test_tlast_gen_0_1                       |         1|
|32    |rx_test_zynq_ultra_ps_e_0_1                 |         1|
+------+--------------------------------------------+----------+

Report Cell Usage: 
+------+------------------------------------------+------+
|      |Cell                                      |Count |
+------+------------------------------------------+------+
|1     |cfo_correction_inst_1_angle_0             |     1|
|2     |cfo_correction_inst_1_axis_data_fifo_0    |     1|
|3     |cfo_correction_inst_1_axis_data_fifo_1    |     1|
|4     |cfo_correction_inst_1_axis_splitter_0     |     1|
|5     |cfo_correction_inst_1_axis_splitter_1     |     1|
|6     |cfo_correction_inst_1_complex_mult_0      |     1|
|7     |cfo_correction_inst_1_conj_0              |     2|
|9     |cfo_correction_inst_1_conj_1              |     1|
|10    |cfo_correction_inst_1_cp_rm2_0            |     1|
|11    |cfo_correction_inst_1_cp_rm_0             |     1|
|12    |cfo_correction_inst_1_dds_top_0           |     1|
|13    |cfo_correction_inst_1_delay_0             |     1|
|14    |cfo_correction_inst_1_delay_1             |     1|
|15    |cfo_correction_inst_1_mixer_0             |     1|
|16    |cfo_correction_inst_1_mux_0               |     1|
|17    |cfo_correction_inst_1_scale_0             |     1|
|18    |cfo_correction_inst_1_sum_0               |     1|
|19    |cfo_correction_inst_1_tlast_symbol_0      |     1|
|20    |cfo_correction_inst_1_util_vector_logic_0 |     1|
|21    |rx_test_auto_pc                           |     1|
|22    |rx_test_axi_dma_0                         |     1|
|23    |rx_test_axi_gpio_0                        |     1|
|24    |rx_test_axi_gpio_1                        |     1|
|25    |rx_test_axis_data_fifo_1                  |     1|
|26    |rx_test_blk_mem_gen_0                     |     1|
|27    |rx_test_playback_bram_0                   |     1|
|28    |rx_test_proc_sys_reset_1                  |     1|
|29    |rx_test_system_ila_2                      |     1|
|30    |rx_test_tlast_gen_0                       |     1|
|31    |rx_test_xbar                              |     1|
|32    |rx_test_zynq_ultra_ps_e_0                 |     1|
+------+------------------------------------------+------+
---------------------------------------------------------------------------------
Finished Writing Synthesis Report : Time (s): cpu = 00:00:18 ; elapsed = 00:00:18 . Memory (MB): peak = 2792.750 ; gain = 855.371
---------------------------------------------------------------------------------
Synthesis finished with 0 errors, 0 critical warnings and 15 warnings.
Synthesis Optimization Runtime : Time (s): cpu = 00:00:11 ; elapsed = 00:00:14 . Memory (MB): peak = 2792.750 ; gain = 820.062
Synthesis Optimization Complete : Time (s): cpu = 00:00:18 ; elapsed = 00:00:18 . Memory (MB): peak = 2792.750 ; gain = 855.371
INFO: [Project 1-571] Translating synthesized netlist
Netlist sorting complete. Time (s): cpu = 00:00:00 ; elapsed = 00:00:00.048 . Memory (MB): peak = 2792.750 ; gain = 0.000
INFO: [Project 1-570] Preparing netlist for logic optimization
INFO: [Opt 31-138] Pushed 0 inverter(s) to 0 load pin(s).
Netlist sorting complete. Time (s): cpu = 00:00:00 ; elapsed = 00:00:00.001 . Memory (MB): peak = 2857.773 ; gain = 0.000
INFO: [Project 1-111] Unisim Transformation Summary:
No Unisim elements were transformed.

Synth Design complete, checksum: 8982f152
INFO: [Common 17-83] Releasing license: Synthesis
119 Infos, 90 Warnings, 0 Critical Warnings and 0 Errors encountered.
synth_design completed successfully
synth_design: Time (s): cpu = 00:00:22 ; elapsed = 00:00:24 . Memory (MB): peak = 2862.773 ; gain = 1225.047
INFO: [Common 17-600] The following parameters have non-default value.
tcl.collectionResultDisplayLimit
INFO: [Common 17-1381] The checkpoint 'c:/Projects/pi-radio/HW/sims/cfo_correction_board/cfo_correction_board.runs/synth_1/rx_test_wrapper.dcp' has been generated.
INFO: [runtcl-4] Executing : report_utilization -file rx_test_wrapper_utilization_synth.rpt -pb rx_test_wrapper_utilization_synth.pb
INFO: [Common 17-206] Exiting Vivado at Fri Oct 21 11:06:17 2022...
